[0.018s] Invoking command in '/home/thiago/workspaces/ros2_py_ws/build/robo_clase22': CMAKE_PREFIX_PATH=/opt/ros/humble /usr/bin/cmake --build /home/thiago/workspaces/ros2_py_ws/build/robo_clase22 -- -j12 -l12
[0.051s] -- Found ament_cmake: 1.3.3 (/opt/ros/humble/share/ament_cmake/cmake)
[0.157s] -- Override CMake install command with custom implementation using symlinks instead of copying resources
[0.170s] -- Found rclpy: 3.3.7 (/opt/ros/humble/share/rclpy/cmake)
[0.187s] [31mCMake Error at CMakeLists.txt:12 (find_package):
[0.187s]   By not providing "FindOpencv.cmake" in CMAKE_MODULE_PATH this project has
[0.187s]   asked CMake to find a package configuration file provided by "Opencv", but
[0.187s]   CMake did not find one.
[0.187s] 
[0.187s]   Could not find a package configuration file provided by "Opencv" with any
[0.187s]   of the following names:
[0.187s] 
[0.187s]     OpencvConfig.cmake
[0.187s]     opencv-config.cmake
[0.187s] 
[0.187s]   Add the installation prefix of "Opencv" to CMAKE_PREFIX_PATH or set
[0.187s]   "Opencv_DIR" to a directory containing one of the above files.  If "Opencv"
[0.187s]   provides a separate development package or SDK, be sure it has been
[0.187s]   installed.
[0.188s] 
[0.188s] [0m
[0.188s] -- Configuring incomplete, errors occurred!
[0.188s] See also "/home/thiago/workspaces/ros2_py_ws/build/robo_clase22/CMakeFiles/CMakeOutput.log".
[0.189s] gmake: *** [Makefile:775: cmake_check_build_system] Error 1
[0.190s] Invoked command in '/home/thiago/workspaces/ros2_py_ws/build/robo_clase22' returned '2': CMAKE_PREFIX_PATH=/opt/ros/humble /usr/bin/cmake --build /home/thiago/workspaces/ros2_py_ws/build/robo_clase22 -- -j12 -l12
