[0.000000] (-) TimerEvent: {}
[0.000271] (robo_clase22) JobQueued: {'identifier': 'robo_clase22', 'dependencies': OrderedDict()}
[0.000314] (udemy_ros2_pkg) JobQueued: {'identifier': 'udemy_ros2_pkg', 'dependencies': OrderedDict()}
[0.000336] (robo_clase22) JobStarted: {'identifier': 'robo_clase22'}
[0.006035] (udemy_ros2_pkg) JobStarted: {'identifier': 'udemy_ros2_pkg'}
[0.011766] (robo_clase22) JobProgress: {'identifier': 'robo_clase22', 'progress': 'cmake'}
[0.012107] (robo_clase22) JobProgress: {'identifier': 'robo_clase22', 'progress': 'build'}
[0.012688] (robo_clase22) Command: {'cmd': ['/usr/bin/cmake', '--build', '/home/thiago/workspaces/ros2_py_ws/build/robo_clase22', '--', '-j12', '-l12'], 'cwd': '/home/thiago/workspaces/ros2_py_ws/build/robo_clase22', 'env': OrderedDict([('GJS_DEBUG_TOPICS', 'JS ERROR;JS LOG'), ('LESSOPEN', '| /usr/bin/lesspipe %s'), ('USER', 'thiago'), ('LC_TIME', 'es_AR.UTF-8'), ('GIO_MODULE_DIR', '/home/thiago/snap/code/common/.cache/gio-modules'), ('XDG_SESSION_TYPE', 'wayland'), ('GIT_ASKPASS', '/snap/code/126/usr/share/code/resources/app/extensions/git/dist/askpass.sh'), ('SHLVL', '1'), ('LD_LIBRARY_PATH', '/opt/ros/humble/opt/rviz_ogre_vendor/lib:/opt/ros/humble/lib/x86_64-linux-gnu:/opt/ros/humble/lib'), ('HOME', '/home/thiago'), ('CHROME_DESKTOP', 'code-url-handler.desktop'), ('TERM_PROGRAM_VERSION', '1.77.3'), ('DESKTOP_SESSION', 'ubuntu'), ('GTK_PATH', '/snap/code/126/usr/lib/x86_64-linux-gnu/gtk-3.0'), ('GTK_IM_MODULE_FILE', '/home/thiago/snap/code/common/.cache/immodules/immodules.cache'), ('GIO_LAUNCHED_DESKTOP_FILE', '/var/lib/snapd/desktop/applications/code_code.desktop'), ('ROS_PYTHON_VERSION', '3'), ('GNOME_SHELL_SESSION_MODE', 'ubuntu'), ('GTK_MODULES', 'gail:atk-bridge'), ('VSCODE_GIT_ASKPASS_MAIN', '/snap/code/126/usr/share/code/resources/app/extensions/git/dist/askpass-main.js'), ('LC_MONETARY', 'es_AR.UTF-8'), ('VSCODE_GIT_ASKPASS_NODE', '/snap/code/126/usr/share/code/code'), ('MANAGERPID', '1581'), ('SYSTEMD_EXEC_PID', '1800'), ('IM_CONFIG_CHECK_ENV', '1'), ('DBUS_SESSION_BUS_ADDRESS', 'unix:path=/run/user/1000/bus'), ('COLORTERM', 'truecolor'), ('GIO_LAUNCHED_DESKTOP_FILE_PID', '8619'), ('IM_CONFIG_PHASE', '1'), ('WAYLAND_DISPLAY', 'wayland-0'), ('ROS_DISTRO', 'humble'), ('LOGNAME', 'thiago'), ('JOURNAL_STREAM', '8:40218'), ('_', '/usr/bin/colcon'), ('ROS_VERSION', '2'), ('XDG_SESSION_CLASS', 'user'), ('USERNAME', 'thiago'), ('TERM', 'xterm-256color'), ('GNOME_DESKTOP_SESSION_ID', 'this-is-deprecated'), ('ROS_LOCALHOST_ONLY', '0'), ('PATH', '/opt/ros/humble/bin:/usr/local/sbin:/usr/local/bin:/usr/sbin:/usr/bin:/sbin:/bin:/usr/games:/usr/local/games:/snap/bin:/snap/bin'), ('SESSION_MANAGER', 'local/thiago-ubuntu:@/tmp/.ICE-unix/1776,unix/thiago-ubuntu:/tmp/.ICE-unix/1776'), ('GTK_EXE_PREFIX', '/snap/code/126/usr'), ('INVOCATION_ID', 'c3f0d57be8be40dd816dd17ab925e422'), ('XDG_MENU_PREFIX', 'gnome-'), ('LC_ADDRESS', 'es_AR.UTF-8'), ('BAMF_DESKTOP_FILE_HINT', '/var/lib/snapd/desktop/applications/code_code.desktop'), ('GNOME_SETUP_DISPLAY', ':1'), ('XDG_RUNTIME_DIR', '/run/user/1000'), ('GDK_BACKEND', 'x11'), ('DISPLAY', ':0'), ('LOCPATH', '/snap/code/126/usr/lib/locale'), ('LANG', 'en_US.UTF-8'), ('XDG_CURRENT_DESKTOP', 'Unity'), ('LC_TELEPHONE', 'es_AR.UTF-8'), ('XMODIFIERS', '@im=ibus'), ('XDG_SESSION_DESKTOP', 'ubuntu'), ('XAUTHORITY', '/run/user/1000/.mutter-Xwaylandauth.2QAZ31'), ('LS_COLORS', ''), ('VSCODE_GIT_IPC_HANDLE', '/run/user/1000/vscode-git-97806cd883.sock'), ('TERM_PROGRAM', 'vscode'), ('SSH_AGENT_LAUNCHER', 'gnome-keyring'), ('SSH_AUTH_SOCK', '/run/user/1000/keyring/ssh'), ('GSETTINGS_SCHEMA_DIR', '/home/thiago/snap/code/126/.local/share/glib-2.0/schemas'), ('AMENT_PREFIX_PATH', '/opt/ros/humble'), ('ORIGINAL_XDG_CURRENT_DESKTOP', 'ubuntu:GNOME'), ('SHELL', '/bin/bash'), ('LC_NAME', 'es_AR.UTF-8'), ('QT_ACCESSIBILITY', '1'), ('GDMSESSION', 'ubuntu'), ('LESSCLOSE', '/usr/bin/lesspipe %s %s'), ('LC_MEASUREMENT', 'es_AR.UTF-8'), ('GJS_DEBUG_OUTPUT', 'stderr'), ('LC_IDENTIFICATION', 'es_AR.UTF-8'), ('VSCODE_GIT_ASKPASS_EXTRA_ARGS', '--ms-enable-electron-run-as-node'), ('QT_IM_MODULE', 'ibus'), ('PWD', '/home/thiago/workspaces/ros2_py_ws/build/robo_clase22'), ('LC_ALL', 'en_US.UTF-8'), ('XDG_CONFIG_DIRS', '/etc/xdg/xdg-ubuntu:/etc/xdg'), ('XDG_DATA_DIRS', '/home/thiago/snap/code/126/.local/share:/home/thiago/snap/code/126:/snap/code/126/usr/share:/usr/share/ubuntu:/usr/local/share/:/usr/share/:/var/lib/snapd/desktop'), ('PYTHONPATH', '/opt/ros/humble/lib/python3.10/site-packages:/opt/ros/humble/local/lib/python3.10/dist-packages'), ('LC_NUMERIC', 'es_AR.UTF-8'), ('LC_PAPER', 'es_AR.UTF-8'), ('GTK_USE_PORTAL', '1'), ('COLCON', '1'), ('CMAKE_PREFIX_PATH', '/opt/ros/humble')]), 'shell': False}
[0.016877] (udemy_ros2_pkg) JobProgress: {'identifier': 'udemy_ros2_pkg', 'progress': 'cmake'}
[0.017252] (udemy_ros2_pkg) JobProgress: {'identifier': 'udemy_ros2_pkg', 'progress': 'build'}
[0.017394] (udemy_ros2_pkg) Command: {'cmd': ['/usr/bin/cmake', '--build', '/home/thiago/workspaces/ros2_py_ws/build/udemy_ros2_pkg', '--', '-j12', '-l12'], 'cwd': '/home/thiago/workspaces/ros2_py_ws/build/udemy_ros2_pkg', 'env': OrderedDict([('GJS_DEBUG_TOPICS', 'JS ERROR;JS LOG'), ('LESSOPEN', '| /usr/bin/lesspipe %s'), ('USER', 'thiago'), ('LC_TIME', 'es_AR.UTF-8'), ('GIO_MODULE_DIR', '/home/thiago/snap/code/common/.cache/gio-modules'), ('XDG_SESSION_TYPE', 'wayland'), ('GIT_ASKPASS', '/snap/code/126/usr/share/code/resources/app/extensions/git/dist/askpass.sh'), ('SHLVL', '1'), ('LD_LIBRARY_PATH', '/opt/ros/humble/opt/rviz_ogre_vendor/lib:/opt/ros/humble/lib/x86_64-linux-gnu:/opt/ros/humble/lib'), ('HOME', '/home/thiago'), ('CHROME_DESKTOP', 'code-url-handler.desktop'), ('TERM_PROGRAM_VERSION', '1.77.3'), ('DESKTOP_SESSION', 'ubuntu'), ('GTK_PATH', '/snap/code/126/usr/lib/x86_64-linux-gnu/gtk-3.0'), ('GTK_IM_MODULE_FILE', '/home/thiago/snap/code/common/.cache/immodules/immodules.cache'), ('GIO_LAUNCHED_DESKTOP_FILE', '/var/lib/snapd/desktop/applications/code_code.desktop'), ('ROS_PYTHON_VERSION', '3'), ('GNOME_SHELL_SESSION_MODE', 'ubuntu'), ('GTK_MODULES', 'gail:atk-bridge'), ('VSCODE_GIT_ASKPASS_MAIN', '/snap/code/126/usr/share/code/resources/app/extensions/git/dist/askpass-main.js'), ('LC_MONETARY', 'es_AR.UTF-8'), ('VSCODE_GIT_ASKPASS_NODE', '/snap/code/126/usr/share/code/code'), ('MANAGERPID', '1581'), ('SYSTEMD_EXEC_PID', '1800'), ('IM_CONFIG_CHECK_ENV', '1'), ('DBUS_SESSION_BUS_ADDRESS', 'unix:path=/run/user/1000/bus'), ('COLORTERM', 'truecolor'), ('GIO_LAUNCHED_DESKTOP_FILE_PID', '8619'), ('IM_CONFIG_PHASE', '1'), ('WAYLAND_DISPLAY', 'wayland-0'), ('ROS_DISTRO', 'humble'), ('LOGNAME', 'thiago'), ('JOURNAL_STREAM', '8:40218'), ('_', '/usr/bin/colcon'), ('ROS_VERSION', '2'), ('XDG_SESSION_CLASS', 'user'), ('USERNAME', 'thiago'), ('TERM', 'xterm-256color'), ('GNOME_DESKTOP_SESSION_ID', 'this-is-deprecated'), ('ROS_LOCALHOST_ONLY', '0'), ('PATH', '/opt/ros/humble/bin:/usr/local/sbin:/usr/local/bin:/usr/sbin:/usr/bin:/sbin:/bin:/usr/games:/usr/local/games:/snap/bin:/snap/bin'), ('SESSION_MANAGER', 'local/thiago-ubuntu:@/tmp/.ICE-unix/1776,unix/thiago-ubuntu:/tmp/.ICE-unix/1776'), ('GTK_EXE_PREFIX', '/snap/code/126/usr'), ('INVOCATION_ID', 'c3f0d57be8be40dd816dd17ab925e422'), ('XDG_MENU_PREFIX', 'gnome-'), ('LC_ADDRESS', 'es_AR.UTF-8'), ('BAMF_DESKTOP_FILE_HINT', '/var/lib/snapd/desktop/applications/code_code.desktop'), ('GNOME_SETUP_DISPLAY', ':1'), ('XDG_RUNTIME_DIR', '/run/user/1000'), ('GDK_BACKEND', 'x11'), ('DISPLAY', ':0'), ('LOCPATH', '/snap/code/126/usr/lib/locale'), ('LANG', 'en_US.UTF-8'), ('XDG_CURRENT_DESKTOP', 'Unity'), ('LC_TELEPHONE', 'es_AR.UTF-8'), ('XMODIFIERS', '@im=ibus'), ('XDG_SESSION_DESKTOP', 'ubuntu'), ('XAUTHORITY', '/run/user/1000/.mutter-Xwaylandauth.2QAZ31'), ('LS_COLORS', ''), ('VSCODE_GIT_IPC_HANDLE', '/run/user/1000/vscode-git-97806cd883.sock'), ('TERM_PROGRAM', 'vscode'), ('SSH_AGENT_LAUNCHER', 'gnome-keyring'), ('SSH_AUTH_SOCK', '/run/user/1000/keyring/ssh'), ('GSETTINGS_SCHEMA_DIR', '/home/thiago/snap/code/126/.local/share/glib-2.0/schemas'), ('AMENT_PREFIX_PATH', '/opt/ros/humble'), ('ORIGINAL_XDG_CURRENT_DESKTOP', 'ubuntu:GNOME'), ('SHELL', '/bin/bash'), ('LC_NAME', 'es_AR.UTF-8'), ('QT_ACCESSIBILITY', '1'), ('GDMSESSION', 'ubuntu'), ('LESSCLOSE', '/usr/bin/lesspipe %s %s'), ('LC_MEASUREMENT', 'es_AR.UTF-8'), ('GJS_DEBUG_OUTPUT', 'stderr'), ('LC_IDENTIFICATION', 'es_AR.UTF-8'), ('VSCODE_GIT_ASKPASS_EXTRA_ARGS', '--ms-enable-electron-run-as-node'), ('QT_IM_MODULE', 'ibus'), ('PWD', '/home/thiago/workspaces/ros2_py_ws/build/udemy_ros2_pkg'), ('LC_ALL', 'en_US.UTF-8'), ('XDG_CONFIG_DIRS', '/etc/xdg/xdg-ubuntu:/etc/xdg'), ('XDG_DATA_DIRS', '/home/thiago/snap/code/126/.local/share:/home/thiago/snap/code/126:/snap/code/126/usr/share:/usr/share/ubuntu:/usr/local/share/:/usr/share/:/var/lib/snapd/desktop'), ('PYTHONPATH', '/opt/ros/humble/lib/python3.10/site-packages:/opt/ros/humble/local/lib/python3.10/dist-packages'), ('LC_NUMERIC', 'es_AR.UTF-8'), ('LC_PAPER', 'es_AR.UTF-8'), ('GTK_USE_PORTAL', '1'), ('COLCON', '1'), ('CMAKE_PREFIX_PATH', '/opt/ros/humble')]), 'shell': False}
[0.042791] (robo_clase22) StdoutLine: {'line': b'\x1b[35m\x1b[1mConsolidate compiler generated dependencies of target robo_clase22__rosidl_generator_c\x1b[0m\n'}
[0.048497] (robo_clase22) StdoutLine: {'line': b'[  2%] Built target robo_clase22__cpp\n'}
[0.049994] (robo_clase22) StdoutLine: {'line': b'[ 12%] Built target robo_clase22__rosidl_generator_c\n'}
[0.054106] (udemy_ros2_pkg) StdoutLine: {'line': b'Built target ament_cmake_python_symlink_scripts\n'}
[0.054640] (robo_clase22) StdoutLine: {'line': b'[ 12%] Built target ament_cmake_python_symlink_scripts\n'}
[0.054801] (robo_clase22) StdoutLine: {'line': b'[ 12%] Built target ament_cmake_python_symlink_robo_clase22\n'}
[0.056544] (robo_clase22) StdoutLine: {'line': b'\x1b[35m\x1b[1mConsolidate compiler generated dependencies of target robo_clase22__rosidl_typesupport_fastrtps_cpp\x1b[0m\n'}
[0.056817] (robo_clase22) StdoutLine: {'line': b'\x1b[35m\x1b[1mConsolidate compiler generated dependencies of target robo_clase22__rosidl_typesupport_introspection_cpp\x1b[0m\n'}
[0.056969] (robo_clase22) StdoutLine: {'line': b'\x1b[35m\x1b[1mConsolidate compiler generated dependencies of target robo_clase22__rosidl_typesupport_cpp\x1b[0m\n'}
[0.058394] (robo_clase22) StdoutLine: {'line': b'\x1b[35m\x1b[1mConsolidate compiler generated dependencies of target robo_clase22__rosidl_typesupport_introspection_c\x1b[0m\n'}
[0.058875] (robo_clase22) StdoutLine: {'line': b'\x1b[35m\x1b[1mConsolidate compiler generated dependencies of target robo_clase22__rosidl_typesupport_c\x1b[0m\n'}
[0.059222] (robo_clase22) StdoutLine: {'line': b'\x1b[35m\x1b[1mConsolidate compiler generated dependencies of target robo_clase22__rosidl_typesupport_fastrtps_c\x1b[0m\n'}
[0.069243] (robo_clase22) StdoutLine: {'line': b'[ 30%] Built target robo_clase22__rosidl_typesupport_introspection_cpp\n'}
[0.069598] (robo_clase22) StdoutLine: {'line': b'[ 33%] Built target robo_clase22__rosidl_typesupport_fastrtps_cpp\n'}
[0.069696] (robo_clase22) StdoutLine: {'line': b'[ 43%] Built target robo_clase22__rosidl_typesupport_cpp\n'}
[0.069831] (robo_clase22) StdoutLine: {'line': b'[ 53%] Built target robo_clase22__rosidl_typesupport_introspection_c\n'}
[0.070120] (robo_clase22) StdoutLine: {'line': b'[ 64%] Built target robo_clase22__rosidl_typesupport_c\n'}
[0.073283] (robo_clase22) StdoutLine: {'line': b'[ 74%] Built target robo_clase22__rosidl_typesupport_fastrtps_c\n'}
[0.086718] (robo_clase22) StdoutLine: {'line': b'[ 74%] Built target robo_clase22\n'}
[0.099725] (-) TimerEvent: {}
[0.100670] (robo_clase22) StdoutLine: {'line': b'[ 76%] Built target robo_clase22__py\n'}
[0.109218] (robo_clase22) StdoutLine: {'line': b'\x1b[35m\x1b[1mConsolidate compiler generated dependencies of target robo_clase22__rosidl_generator_py\x1b[0m\n'}
[0.119069] (robo_clase22) StdoutLine: {'line': b'[ 84%] Built target robo_clase22__rosidl_generator_py\n'}
[0.126507] (robo_clase22) StdoutLine: {'line': b'\x1b[35m\x1b[1mConsolidate compiler generated dependencies of target robo_clase22__rosidl_typesupport_introspection_c__pyext\x1b[0m\n'}
[0.126680] (robo_clase22) StdoutLine: {'line': b'\x1b[35m\x1b[1mConsolidate compiler generated dependencies of target robo_clase22__rosidl_typesupport_c__pyext\x1b[0m\n'}
[0.127117] (robo_clase22) StdoutLine: {'line': b'\x1b[35m\x1b[1mConsolidate compiler generated dependencies of target robo_clase22__rosidl_typesupport_fastrtps_c__pyext\x1b[0m\n'}
[0.136009] (robo_clase22) StdoutLine: {'line': b'[ 94%] Built target robo_clase22__rosidl_typesupport_c__pyext\n'}
[0.136253] (robo_clase22) StdoutLine: {'line': b'[ 94%] Built target robo_clase22__rosidl_typesupport_introspection_c__pyext\n'}
[0.136494] (robo_clase22) StdoutLine: {'line': b'[100%] Built target robo_clase22__rosidl_typesupport_fastrtps_c__pyext\n'}
[0.199829] (-) TimerEvent: {}
[0.244299] (udemy_ros2_pkg) StdoutLine: {'line': b'running egg_info\n'}
[0.244495] (robo_clase22) StdoutLine: {'line': b'running egg_info\n'}
[0.244924] (udemy_ros2_pkg) StdoutLine: {'line': b'writing scripts.egg-info/PKG-INFO\n'}
[0.245103] (robo_clase22) StdoutLine: {'line': b'writing robo_clase22.egg-info/PKG-INFO\n'}
[0.245275] (udemy_ros2_pkg) StdoutLine: {'line': b'writing dependency_links to scripts.egg-info/dependency_links.txt\n'}
[0.245409] (udemy_ros2_pkg) StdoutLine: {'line': b'writing top-level names to scripts.egg-info/top_level.txt\n'}
[0.245546] (robo_clase22) StdoutLine: {'line': b'writing dependency_links to robo_clase22.egg-info/dependency_links.txt\n'}
[0.245649] (robo_clase22) StdoutLine: {'line': b'writing top-level names to robo_clase22.egg-info/top_level.txt\n'}
[0.246911] (robo_clase22) StdoutLine: {'line': b"reading manifest file 'robo_clase22.egg-info/SOURCES.txt'\n"}
[0.247014] (udemy_ros2_pkg) StdoutLine: {'line': b"reading manifest file 'scripts.egg-info/SOURCES.txt'\n"}
[0.247340] (udemy_ros2_pkg) StdoutLine: {'line': b"writing manifest file 'scripts.egg-info/SOURCES.txt'\n"}
[0.247439] (robo_clase22) StdoutLine: {'line': b"writing manifest file 'robo_clase22.egg-info/SOURCES.txt'\n"}
[0.272835] (udemy_ros2_pkg) StdoutLine: {'line': b'Built target ament_cmake_python_build_scripts_egg\n'}
[0.273099] (robo_clase22) StdoutLine: {'line': b'[100%] Built target ament_cmake_python_build_robo_clase22_egg\n'}
[0.279128] (udemy_ros2_pkg) CommandEnded: {'returncode': 0}
[0.282035] (robo_clase22) StdoutLine: {'line': b'running egg_info\n'}
[0.282608] (robo_clase22) StdoutLine: {'line': b'writing scripts.egg-info/PKG-INFO\n'}
[0.282771] (robo_clase22) StdoutLine: {'line': b'writing dependency_links to scripts.egg-info/dependency_links.txt\n'}
[0.282896] (robo_clase22) StdoutLine: {'line': b'writing top-level names to scripts.egg-info/top_level.txt\n'}
[0.284232] (robo_clase22) StdoutLine: {'line': b"reading manifest file 'scripts.egg-info/SOURCES.txt'\n"}
[0.284672] (robo_clase22) StdoutLine: {'line': b"writing manifest file 'scripts.egg-info/SOURCES.txt'\n"}
[0.291702] (udemy_ros2_pkg) JobProgress: {'identifier': 'udemy_ros2_pkg', 'progress': 'install'}
[0.298081] (udemy_ros2_pkg) Command: {'cmd': ['/usr/bin/cmake', '--install', '/home/thiago/workspaces/ros2_py_ws/build/udemy_ros2_pkg'], 'cwd': '/home/thiago/workspaces/ros2_py_ws/build/udemy_ros2_pkg', 'env': OrderedDict([('GJS_DEBUG_TOPICS', 'JS ERROR;JS LOG'), ('LESSOPEN', '| /usr/bin/lesspipe %s'), ('USER', 'thiago'), ('LC_TIME', 'es_AR.UTF-8'), ('GIO_MODULE_DIR', '/home/thiago/snap/code/common/.cache/gio-modules'), ('XDG_SESSION_TYPE', 'wayland'), ('GIT_ASKPASS', '/snap/code/126/usr/share/code/resources/app/extensions/git/dist/askpass.sh'), ('SHLVL', '1'), ('LD_LIBRARY_PATH', '/opt/ros/humble/opt/rviz_ogre_vendor/lib:/opt/ros/humble/lib/x86_64-linux-gnu:/opt/ros/humble/lib'), ('HOME', '/home/thiago'), ('CHROME_DESKTOP', 'code-url-handler.desktop'), ('TERM_PROGRAM_VERSION', '1.77.3'), ('DESKTOP_SESSION', 'ubuntu'), ('GTK_PATH', '/snap/code/126/usr/lib/x86_64-linux-gnu/gtk-3.0'), ('GTK_IM_MODULE_FILE', '/home/thiago/snap/code/common/.cache/immodules/immodules.cache'), ('GIO_LAUNCHED_DESKTOP_FILE', '/var/lib/snapd/desktop/applications/code_code.desktop'), ('ROS_PYTHON_VERSION', '3'), ('GNOME_SHELL_SESSION_MODE', 'ubuntu'), ('GTK_MODULES', 'gail:atk-bridge'), ('VSCODE_GIT_ASKPASS_MAIN', '/snap/code/126/usr/share/code/resources/app/extensions/git/dist/askpass-main.js'), ('LC_MONETARY', 'es_AR.UTF-8'), ('VSCODE_GIT_ASKPASS_NODE', '/snap/code/126/usr/share/code/code'), ('MANAGERPID', '1581'), ('SYSTEMD_EXEC_PID', '1800'), ('IM_CONFIG_CHECK_ENV', '1'), ('DBUS_SESSION_BUS_ADDRESS', 'unix:path=/run/user/1000/bus'), ('COLORTERM', 'truecolor'), ('GIO_LAUNCHED_DESKTOP_FILE_PID', '8619'), ('IM_CONFIG_PHASE', '1'), ('WAYLAND_DISPLAY', 'wayland-0'), ('ROS_DISTRO', 'humble'), ('LOGNAME', 'thiago'), ('JOURNAL_STREAM', '8:40218'), ('_', '/usr/bin/colcon'), ('ROS_VERSION', '2'), ('XDG_SESSION_CLASS', 'user'), ('USERNAME', 'thiago'), ('TERM', 'xterm-256color'), ('GNOME_DESKTOP_SESSION_ID', 'this-is-deprecated'), ('ROS_LOCALHOST_ONLY', '0'), ('PATH', '/opt/ros/humble/bin:/usr/local/sbin:/usr/local/bin:/usr/sbin:/usr/bin:/sbin:/bin:/usr/games:/usr/local/games:/snap/bin:/snap/bin'), ('SESSION_MANAGER', 'local/thiago-ubuntu:@/tmp/.ICE-unix/1776,unix/thiago-ubuntu:/tmp/.ICE-unix/1776'), ('GTK_EXE_PREFIX', '/snap/code/126/usr'), ('INVOCATION_ID', 'c3f0d57be8be40dd816dd17ab925e422'), ('XDG_MENU_PREFIX', 'gnome-'), ('LC_ADDRESS', 'es_AR.UTF-8'), ('BAMF_DESKTOP_FILE_HINT', '/var/lib/snapd/desktop/applications/code_code.desktop'), ('GNOME_SETUP_DISPLAY', ':1'), ('XDG_RUNTIME_DIR', '/run/user/1000'), ('GDK_BACKEND', 'x11'), ('DISPLAY', ':0'), ('LOCPATH', '/snap/code/126/usr/lib/locale'), ('LANG', 'en_US.UTF-8'), ('XDG_CURRENT_DESKTOP', 'Unity'), ('LC_TELEPHONE', 'es_AR.UTF-8'), ('XMODIFIERS', '@im=ibus'), ('XDG_SESSION_DESKTOP', 'ubuntu'), ('XAUTHORITY', '/run/user/1000/.mutter-Xwaylandauth.2QAZ31'), ('LS_COLORS', ''), ('VSCODE_GIT_IPC_HANDLE', '/run/user/1000/vscode-git-97806cd883.sock'), ('TERM_PROGRAM', 'vscode'), ('SSH_AGENT_LAUNCHER', 'gnome-keyring'), ('SSH_AUTH_SOCK', '/run/user/1000/keyring/ssh'), ('GSETTINGS_SCHEMA_DIR', '/home/thiago/snap/code/126/.local/share/glib-2.0/schemas'), ('AMENT_PREFIX_PATH', '/opt/ros/humble'), ('ORIGINAL_XDG_CURRENT_DESKTOP', 'ubuntu:GNOME'), ('SHELL', '/bin/bash'), ('LC_NAME', 'es_AR.UTF-8'), ('QT_ACCESSIBILITY', '1'), ('GDMSESSION', 'ubuntu'), ('LESSCLOSE', '/usr/bin/lesspipe %s %s'), ('LC_MEASUREMENT', 'es_AR.UTF-8'), ('GJS_DEBUG_OUTPUT', 'stderr'), ('LC_IDENTIFICATION', 'es_AR.UTF-8'), ('VSCODE_GIT_ASKPASS_EXTRA_ARGS', '--ms-enable-electron-run-as-node'), ('QT_IM_MODULE', 'ibus'), ('PWD', '/home/thiago/workspaces/ros2_py_ws/build/udemy_ros2_pkg'), ('LC_ALL', 'en_US.UTF-8'), ('XDG_CONFIG_DIRS', '/etc/xdg/xdg-ubuntu:/etc/xdg'), ('XDG_DATA_DIRS', '/home/thiago/snap/code/126/.local/share:/home/thiago/snap/code/126:/snap/code/126/usr/share:/usr/share/ubuntu:/usr/local/share/:/usr/share/:/var/lib/snapd/desktop'), ('PYTHONPATH', '/opt/ros/humble/lib/python3.10/site-packages:/opt/ros/humble/local/lib/python3.10/dist-packages'), ('LC_NUMERIC', 'es_AR.UTF-8'), ('LC_PAPER', 'es_AR.UTF-8'), ('GTK_USE_PORTAL', '1'), ('COLCON', '1'), ('CMAKE_PREFIX_PATH', '/opt/ros/humble')]), 'shell': False}
[0.299903] (-) TimerEvent: {}
[0.302782] (udemy_ros2_pkg) StdoutLine: {'line': b'-- Install configuration: ""\n'}
[0.303152] (udemy_ros2_pkg) StdoutLine: {'line': b'-- Execute custom install script\n'}
[0.303362] (udemy_ros2_pkg) StdoutLine: {'line': b'-- Up-to-date symlink: /home/thiago/workspaces/ros2_py_ws/install/udemy_ros2_pkg/share/udemy_ros2_pkg/environment/pythonpath.sh\n'}
[0.303500] (udemy_ros2_pkg) StdoutLine: {'line': b'-- Up-to-date symlink: /home/thiago/workspaces/ros2_py_ws/install/udemy_ros2_pkg/share/udemy_ros2_pkg/environment/pythonpath.dsv\n'}
[0.303734] (udemy_ros2_pkg) StdoutLine: {'line': b'-- Up-to-date symlink: /home/thiago/workspaces/ros2_py_ws/install/udemy_ros2_pkg/local/lib/python3.10/dist-packages/scripts-0.0.0-py3.10.egg-info/PKG-INFO\n'}
[0.303872] (udemy_ros2_pkg) StdoutLine: {'line': b'-- Up-to-date symlink: /home/thiago/workspaces/ros2_py_ws/install/udemy_ros2_pkg/local/lib/python3.10/dist-packages/scripts-0.0.0-py3.10.egg-info/SOURCES.txt\n'}
[0.303971] (udemy_ros2_pkg) StdoutLine: {'line': b'-- Up-to-date symlink: /home/thiago/workspaces/ros2_py_ws/install/udemy_ros2_pkg/local/lib/python3.10/dist-packages/scripts-0.0.0-py3.10.egg-info/dependency_links.txt\n'}
[0.304086] (udemy_ros2_pkg) StdoutLine: {'line': b'-- Up-to-date symlink: /home/thiago/workspaces/ros2_py_ws/install/udemy_ros2_pkg/local/lib/python3.10/dist-packages/scripts-0.0.0-py3.10.egg-info/top_level.txt\n'}
[0.304217] (udemy_ros2_pkg) StdoutLine: {'line': b'-- Up-to-date symlink: /home/thiago/workspaces/ros2_py_ws/install/udemy_ros2_pkg/local/lib/python3.10/dist-packages/scripts/__init__.py\n'}
[0.304347] (udemy_ros2_pkg) StdoutLine: {'line': b'-- Up-to-date symlink: /home/thiago/workspaces/ros2_py_ws/install/udemy_ros2_pkg/local/lib/python3.10/dist-packages/scripts/publisher.py\n'}
[0.304477] (udemy_ros2_pkg) StdoutLine: {'line': b'-- Up-to-date symlink: /home/thiago/workspaces/ros2_py_ws/install/udemy_ros2_pkg/local/lib/python3.10/dist-packages/scripts/subscriber.py\n'}
[0.304554] (udemy_ros2_pkg) StdoutLine: {'line': b'-- Up-to-date symlink: /home/thiago/workspaces/ros2_py_ws/install/udemy_ros2_pkg/lib/udemy_ros2_pkg/publisher.py\n'}
[0.304668] (udemy_ros2_pkg) StdoutLine: {'line': b'-- Up-to-date symlink: /home/thiago/workspaces/ros2_py_ws/install/udemy_ros2_pkg/lib/udemy_ros2_pkg/subscriber.py\n'}
[0.304756] (udemy_ros2_pkg) StdoutLine: {'line': b'-- Up-to-date symlink: /home/thiago/workspaces/ros2_py_ws/install/udemy_ros2_pkg/share/ament_index/resource_index/package_run_dependencies/udemy_ros2_pkg\n'}
[0.304879] (udemy_ros2_pkg) StdoutLine: {'line': b'-- Up-to-date symlink: /home/thiago/workspaces/ros2_py_ws/install/udemy_ros2_pkg/share/ament_index/resource_index/parent_prefix_path/udemy_ros2_pkg\n'}
[0.304937] (udemy_ros2_pkg) StdoutLine: {'line': b'-- Up-to-date symlink: /home/thiago/workspaces/ros2_py_ws/install/udemy_ros2_pkg/share/udemy_ros2_pkg/environment/ament_prefix_path.sh\n'}
[0.305045] (robo_clase22) StdoutLine: {'line': b'[100%] Built target ament_cmake_python_build_scripts_egg\n'}
[0.305161] (udemy_ros2_pkg) StdoutLine: {'line': b'-- Up-to-date symlink: /home/thiago/workspaces/ros2_py_ws/install/udemy_ros2_pkg/share/udemy_ros2_pkg/environment/ament_prefix_path.dsv\n'}
[0.305215] (udemy_ros2_pkg) StdoutLine: {'line': b'-- Up-to-date symlink: /home/thiago/workspaces/ros2_py_ws/install/udemy_ros2_pkg/share/udemy_ros2_pkg/environment/path.sh\n'}
[0.305290] (udemy_ros2_pkg) StdoutLine: {'line': b'-- Up-to-date symlink: /home/thiago/workspaces/ros2_py_ws/install/udemy_ros2_pkg/share/udemy_ros2_pkg/environment/path.dsv\n'}
[0.305403] (udemy_ros2_pkg) StdoutLine: {'line': b'-- Up-to-date symlink: /home/thiago/workspaces/ros2_py_ws/install/udemy_ros2_pkg/share/udemy_ros2_pkg/local_setup.bash\n'}
[0.305468] (udemy_ros2_pkg) StdoutLine: {'line': b'-- Up-to-date symlink: /home/thiago/workspaces/ros2_py_ws/install/udemy_ros2_pkg/share/udemy_ros2_pkg/local_setup.sh\n'}
[0.305543] (udemy_ros2_pkg) StdoutLine: {'line': b'-- Up-to-date symlink: /home/thiago/workspaces/ros2_py_ws/install/udemy_ros2_pkg/share/udemy_ros2_pkg/local_setup.zsh\n'}
[0.305624] (udemy_ros2_pkg) StdoutLine: {'line': b'-- Up-to-date symlink: /home/thiago/workspaces/ros2_py_ws/install/udemy_ros2_pkg/share/udemy_ros2_pkg/local_setup.dsv\n'}
[0.305707] (udemy_ros2_pkg) StdoutLine: {'line': b'-- Symlinking: /home/thiago/workspaces/ros2_py_ws/install/udemy_ros2_pkg/share/udemy_ros2_pkg/package.dsv\n'}
[0.312584] (udemy_ros2_pkg) StdoutLine: {'line': b'-- Up-to-date symlink: /home/thiago/workspaces/ros2_py_ws/install/udemy_ros2_pkg/share/ament_index/resource_index/packages/udemy_ros2_pkg\n'}
[0.312846] (udemy_ros2_pkg) StdoutLine: {'line': b'-- Up-to-date symlink: /home/thiago/workspaces/ros2_py_ws/install/udemy_ros2_pkg/share/udemy_ros2_pkg/cmake/udemy_ros2_pkgConfig.cmake\n'}
[0.312979] (udemy_ros2_pkg) StdoutLine: {'line': b'-- Up-to-date symlink: /home/thiago/workspaces/ros2_py_ws/install/udemy_ros2_pkg/share/udemy_ros2_pkg/cmake/udemy_ros2_pkgConfig-version.cmake\n'}
[0.313063] (udemy_ros2_pkg) StdoutLine: {'line': b'-- Up-to-date symlink: /home/thiago/workspaces/ros2_py_ws/install/udemy_ros2_pkg/share/udemy_ros2_pkg/package.xml\n'}
[0.314080] (robo_clase22) CommandEnded: {'returncode': 0}
[0.334867] (udemy_ros2_pkg) StdoutLine: {'line': b"Listing '/home/thiago/workspaces/ros2_py_ws/install/udemy_ros2_pkg/local/lib/python3.10/dist-packages/scripts'...\n"}
[0.339426] (udemy_ros2_pkg) CommandEnded: {'returncode': 0}
[0.353504] (robo_clase22) JobProgress: {'identifier': 'robo_clase22', 'progress': 'install'}
[0.354312] (robo_clase22) Command: {'cmd': ['/usr/bin/cmake', '--install', '/home/thiago/workspaces/ros2_py_ws/build/robo_clase22'], 'cwd': '/home/thiago/workspaces/ros2_py_ws/build/robo_clase22', 'env': OrderedDict([('GJS_DEBUG_TOPICS', 'JS ERROR;JS LOG'), ('LESSOPEN', '| /usr/bin/lesspipe %s'), ('USER', 'thiago'), ('LC_TIME', 'es_AR.UTF-8'), ('GIO_MODULE_DIR', '/home/thiago/snap/code/common/.cache/gio-modules'), ('XDG_SESSION_TYPE', 'wayland'), ('GIT_ASKPASS', '/snap/code/126/usr/share/code/resources/app/extensions/git/dist/askpass.sh'), ('SHLVL', '1'), ('LD_LIBRARY_PATH', '/opt/ros/humble/opt/rviz_ogre_vendor/lib:/opt/ros/humble/lib/x86_64-linux-gnu:/opt/ros/humble/lib'), ('HOME', '/home/thiago'), ('CHROME_DESKTOP', 'code-url-handler.desktop'), ('TERM_PROGRAM_VERSION', '1.77.3'), ('DESKTOP_SESSION', 'ubuntu'), ('GTK_PATH', '/snap/code/126/usr/lib/x86_64-linux-gnu/gtk-3.0'), ('GTK_IM_MODULE_FILE', '/home/thiago/snap/code/common/.cache/immodules/immodules.cache'), ('GIO_LAUNCHED_DESKTOP_FILE', '/var/lib/snapd/desktop/applications/code_code.desktop'), ('ROS_PYTHON_VERSION', '3'), ('GNOME_SHELL_SESSION_MODE', 'ubuntu'), ('GTK_MODULES', 'gail:atk-bridge'), ('VSCODE_GIT_ASKPASS_MAIN', '/snap/code/126/usr/share/code/resources/app/extensions/git/dist/askpass-main.js'), ('LC_MONETARY', 'es_AR.UTF-8'), ('VSCODE_GIT_ASKPASS_NODE', '/snap/code/126/usr/share/code/code'), ('MANAGERPID', '1581'), ('SYSTEMD_EXEC_PID', '1800'), ('IM_CONFIG_CHECK_ENV', '1'), ('DBUS_SESSION_BUS_ADDRESS', 'unix:path=/run/user/1000/bus'), ('COLORTERM', 'truecolor'), ('GIO_LAUNCHED_DESKTOP_FILE_PID', '8619'), ('IM_CONFIG_PHASE', '1'), ('WAYLAND_DISPLAY', 'wayland-0'), ('ROS_DISTRO', 'humble'), ('LOGNAME', 'thiago'), ('JOURNAL_STREAM', '8:40218'), ('_', '/usr/bin/colcon'), ('ROS_VERSION', '2'), ('XDG_SESSION_CLASS', 'user'), ('USERNAME', 'thiago'), ('TERM', 'xterm-256color'), ('GNOME_DESKTOP_SESSION_ID', 'this-is-deprecated'), ('ROS_LOCALHOST_ONLY', '0'), ('PATH', '/opt/ros/humble/bin:/usr/local/sbin:/usr/local/bin:/usr/sbin:/usr/bin:/sbin:/bin:/usr/games:/usr/local/games:/snap/bin:/snap/bin'), ('SESSION_MANAGER', 'local/thiago-ubuntu:@/tmp/.ICE-unix/1776,unix/thiago-ubuntu:/tmp/.ICE-unix/1776'), ('GTK_EXE_PREFIX', '/snap/code/126/usr'), ('INVOCATION_ID', 'c3f0d57be8be40dd816dd17ab925e422'), ('XDG_MENU_PREFIX', 'gnome-'), ('LC_ADDRESS', 'es_AR.UTF-8'), ('BAMF_DESKTOP_FILE_HINT', '/var/lib/snapd/desktop/applications/code_code.desktop'), ('GNOME_SETUP_DISPLAY', ':1'), ('XDG_RUNTIME_DIR', '/run/user/1000'), ('GDK_BACKEND', 'x11'), ('DISPLAY', ':0'), ('LOCPATH', '/snap/code/126/usr/lib/locale'), ('LANG', 'en_US.UTF-8'), ('XDG_CURRENT_DESKTOP', 'Unity'), ('LC_TELEPHONE', 'es_AR.UTF-8'), ('XMODIFIERS', '@im=ibus'), ('XDG_SESSION_DESKTOP', 'ubuntu'), ('XAUTHORITY', '/run/user/1000/.mutter-Xwaylandauth.2QAZ31'), ('LS_COLORS', ''), ('VSCODE_GIT_IPC_HANDLE', '/run/user/1000/vscode-git-97806cd883.sock'), ('TERM_PROGRAM', 'vscode'), ('SSH_AGENT_LAUNCHER', 'gnome-keyring'), ('SSH_AUTH_SOCK', '/run/user/1000/keyring/ssh'), ('GSETTINGS_SCHEMA_DIR', '/home/thiago/snap/code/126/.local/share/glib-2.0/schemas'), ('AMENT_PREFIX_PATH', '/opt/ros/humble'), ('ORIGINAL_XDG_CURRENT_DESKTOP', 'ubuntu:GNOME'), ('SHELL', '/bin/bash'), ('LC_NAME', 'es_AR.UTF-8'), ('QT_ACCESSIBILITY', '1'), ('GDMSESSION', 'ubuntu'), ('LESSCLOSE', '/usr/bin/lesspipe %s %s'), ('LC_MEASUREMENT', 'es_AR.UTF-8'), ('GJS_DEBUG_OUTPUT', 'stderr'), ('LC_IDENTIFICATION', 'es_AR.UTF-8'), ('VSCODE_GIT_ASKPASS_EXTRA_ARGS', '--ms-enable-electron-run-as-node'), ('QT_IM_MODULE', 'ibus'), ('PWD', '/home/thiago/workspaces/ros2_py_ws/build/robo_clase22'), ('LC_ALL', 'en_US.UTF-8'), ('XDG_CONFIG_DIRS', '/etc/xdg/xdg-ubuntu:/etc/xdg'), ('XDG_DATA_DIRS', '/home/thiago/snap/code/126/.local/share:/home/thiago/snap/code/126:/snap/code/126/usr/share:/usr/share/ubuntu:/usr/local/share/:/usr/share/:/var/lib/snapd/desktop'), ('PYTHONPATH', '/opt/ros/humble/lib/python3.10/site-packages:/opt/ros/humble/local/lib/python3.10/dist-packages'), ('LC_NUMERIC', 'es_AR.UTF-8'), ('LC_PAPER', 'es_AR.UTF-8'), ('GTK_USE_PORTAL', '1'), ('COLCON', '1'), ('CMAKE_PREFIX_PATH', '/opt/ros/humble')]), 'shell': False}
[0.358851] (robo_clase22) StdoutLine: {'line': b'-- Install configuration: ""\n'}
[0.359333] (robo_clase22) StdoutLine: {'line': b'-- Execute custom install script\n'}
[0.359502] (robo_clase22) StdoutLine: {'line': b'-- Up-to-date symlink: /home/thiago/workspaces/ros2_py_ws/install/robo_clase22/share/ament_index/resource_index/rosidl_interfaces/robo_clase22\n'}
[0.359852] (robo_clase22) StdoutLine: {'line': b'-- Up-to-date symlink: /home/thiago/workspaces/ros2_py_ws/install/robo_clase22/include/robo_clase22/robo_clase22/action/detail/navigate__functions.h\n'}
[0.359988] (robo_clase22) StdoutLine: {'line': b'-- Up-to-date symlink: /home/thiago/workspaces/ros2_py_ws/install/robo_clase22/include/robo_clase22/robo_clase22/action/detail/navigate__struct.h\n'}
[0.360161] (robo_clase22) StdoutLine: {'line': b'-- Up-to-date symlink: /home/thiago/workspaces/ros2_py_ws/install/robo_clase22/include/robo_clase22/robo_clase22/action/detail/navigate__type_support.h\n'}
[0.360250] (robo_clase22) StdoutLine: {'line': b'-- Up-to-date symlink: /home/thiago/workspaces/ros2_py_ws/install/robo_clase22/include/robo_clase22/robo_clase22/action/navigate.h\n'}
[0.360341] (robo_clase22) StdoutLine: {'line': b'-- Up-to-date symlink: /home/thiago/workspaces/ros2_py_ws/install/robo_clase22/include/robo_clase22/robo_clase22/msg/rosidl_generator_c__visibility_control.h\n'}
[0.360415] (robo_clase22) StdoutLine: {'line': b'-- Up-to-date symlink: /home/thiago/workspaces/ros2_py_ws/install/robo_clase22/include/robo_clase22/robo_clase22/srv/detail/odd_even_check__functions.h\n'}
[0.360522] (robo_clase22) StdoutLine: {'line': b'-- Up-to-date symlink: /home/thiago/workspaces/ros2_py_ws/install/robo_clase22/include/robo_clase22/robo_clase22/srv/detail/odd_even_check__struct.h\n'}
[0.360595] (robo_clase22) StdoutLine: {'line': b'-- Up-to-date symlink: /home/thiago/workspaces/ros2_py_ws/install/robo_clase22/include/robo_clase22/robo_clase22/srv/detail/odd_even_check__type_support.h\n'}
[0.360870] (robo_clase22) StdoutLine: {'line': b'-- Up-to-date symlink: /home/thiago/workspaces/ros2_py_ws/install/robo_clase22/include/robo_clase22/robo_clase22/srv/odd_even_check.h\n'}
[0.360946] (robo_clase22) StdoutLine: {'line': b'-- Up-to-date symlink: /home/thiago/workspaces/ros2_py_ws/install/robo_clase22/share/robo_clase22/environment/library_path.sh\n'}
[0.361043] (robo_clase22) StdoutLine: {'line': b'-- Up-to-date symlink: /home/thiago/workspaces/ros2_py_ws/install/robo_clase22/share/robo_clase22/environment/library_path.dsv\n'}
[0.361291] (robo_clase22) StdoutLine: {'line': b'-- Up-to-date symlink: /home/thiago/workspaces/ros2_py_ws/install/robo_clase22/include/robo_clase22/robo_clase22/action/detail/navigate__rosidl_typesupport_fastrtps_c.h\n'}
[0.361380] (robo_clase22) StdoutLine: {'line': b'-- Up-to-date symlink: /home/thiago/workspaces/ros2_py_ws/install/robo_clase22/include/robo_clase22/robo_clase22/msg/rosidl_typesupport_fastrtps_c__visibility_control.h\n'}
[0.361475] (robo_clase22) StdoutLine: {'line': b'-- Up-to-date symlink: /home/thiago/workspaces/ros2_py_ws/install/robo_clase22/include/robo_clase22/robo_clase22/srv/detail/odd_even_check__rosidl_typesupport_fastrtps_c.h\n'}
[0.361775] (robo_clase22) StdoutLine: {'line': b'-- Up-to-date symlink: /home/thiago/workspaces/ros2_py_ws/install/robo_clase22/include/robo_clase22/robo_clase22/action/detail/navigate__builder.hpp\n'}
[0.361885] (robo_clase22) StdoutLine: {'line': b'-- Up-to-date symlink: /home/thiago/workspaces/ros2_py_ws/install/robo_clase22/include/robo_clase22/robo_clase22/action/detail/navigate__struct.hpp\n'}
[0.362011] (robo_clase22) StdoutLine: {'line': b'-- Up-to-date symlink: /home/thiago/workspaces/ros2_py_ws/install/robo_clase22/include/robo_clase22/robo_clase22/action/detail/navigate__traits.hpp\n'}
[0.362155] (robo_clase22) StdoutLine: {'line': b'-- Up-to-date symlink: /home/thiago/workspaces/ros2_py_ws/install/robo_clase22/include/robo_clase22/robo_clase22/action/navigate.hpp\n'}
[0.362236] (robo_clase22) StdoutLine: {'line': b'-- Up-to-date symlink: /home/thiago/workspaces/ros2_py_ws/install/robo_clase22/include/robo_clase22/robo_clase22/srv/detail/odd_even_check__builder.hpp\n'}
[0.362343] (robo_clase22) StdoutLine: {'line': b'-- Up-to-date symlink: /home/thiago/workspaces/ros2_py_ws/install/robo_clase22/include/robo_clase22/robo_clase22/srv/detail/odd_even_check__struct.hpp\n'}
[0.362415] (robo_clase22) StdoutLine: {'line': b'-- Up-to-date symlink: /home/thiago/workspaces/ros2_py_ws/install/robo_clase22/include/robo_clase22/robo_clase22/srv/detail/odd_even_check__traits.hpp\n'}
[0.362510] (robo_clase22) StdoutLine: {'line': b'-- Up-to-date symlink: /home/thiago/workspaces/ros2_py_ws/install/robo_clase22/include/robo_clase22/robo_clase22/srv/odd_even_check.hpp\n'}
[0.362821] (robo_clase22) StdoutLine: {'line': b'-- Up-to-date symlink: /home/thiago/workspaces/ros2_py_ws/install/robo_clase22/include/robo_clase22/robo_clase22/action/detail/navigate__rosidl_typesupport_fastrtps_cpp.hpp\n'}
[0.362911] (robo_clase22) StdoutLine: {'line': b'-- Up-to-date symlink: /home/thiago/workspaces/ros2_py_ws/install/robo_clase22/include/robo_clase22/robo_clase22/msg/rosidl_typesupport_fastrtps_cpp__visibility_control.h\n'}
[0.363070] (robo_clase22) StdoutLine: {'line': b'-- Up-to-date symlink: /home/thiago/workspaces/ros2_py_ws/install/robo_clase22/include/robo_clase22/robo_clase22/srv/detail/odd_even_check__rosidl_typesupport_fastrtps_cpp.hpp\n'}
[0.363296] (robo_clase22) StdoutLine: {'line': b'-- Up-to-date symlink: /home/thiago/workspaces/ros2_py_ws/install/robo_clase22/include/robo_clase22/robo_clase22/action/detail/navigate__rosidl_typesupport_introspection_c.h\n'}
[0.363404] (robo_clase22) StdoutLine: {'line': b'-- Up-to-date symlink: /home/thiago/workspaces/ros2_py_ws/install/robo_clase22/include/robo_clase22/robo_clase22/msg/rosidl_typesupport_introspection_c__visibility_control.h\n'}
[0.363540] (robo_clase22) StdoutLine: {'line': b'-- Up-to-date symlink: /home/thiago/workspaces/ros2_py_ws/install/robo_clase22/include/robo_clase22/robo_clase22/srv/detail/odd_even_check__rosidl_typesupport_introspection_c.h\n'}
[0.363758] (robo_clase22) StdoutLine: {'line': b'-- Up-to-date symlink: /home/thiago/workspaces/ros2_py_ws/install/robo_clase22/include/robo_clase22/robo_clase22/action/detail/navigate__rosidl_typesupport_introspection_cpp.hpp\n'}
[0.363903] (robo_clase22) StdoutLine: {'line': b'-- Up-to-date symlink: /home/thiago/workspaces/ros2_py_ws/install/robo_clase22/include/robo_clase22/robo_clase22/srv/detail/odd_even_check__rosidl_typesupport_introspection_cpp.hpp\n'}
[0.364138] (robo_clase22) StdoutLine: {'line': b'-- Up-to-date symlink: /home/thiago/workspaces/ros2_py_ws/install/robo_clase22/share/robo_clase22/environment/pythonpath.sh\n'}
[0.364214] (robo_clase22) StdoutLine: {'line': b'-- Up-to-date symlink: /home/thiago/workspaces/ros2_py_ws/install/robo_clase22/share/robo_clase22/environment/pythonpath.dsv\n'}
[0.364397] (robo_clase22) StdoutLine: {'line': b'-- Up-to-date symlink: /home/thiago/workspaces/ros2_py_ws/install/robo_clase22/local/lib/python3.10/dist-packages/robo_clase22-0.0.0-py3.10.egg-info/PKG-INFO\n'}
[0.364477] (robo_clase22) StdoutLine: {'line': b'-- Up-to-date symlink: /home/thiago/workspaces/ros2_py_ws/install/robo_clase22/local/lib/python3.10/dist-packages/robo_clase22-0.0.0-py3.10.egg-info/SOURCES.txt\n'}
[0.365833] (robo_clase22) StdoutLine: {'line': b'-- Up-to-date symlink: /home/thiago/workspaces/ros2_py_ws/install/robo_clase22/local/lib/python3.10/dist-packages/robo_clase22-0.0.0-py3.10.egg-info/dependency_links.txt\n'}
[0.365890] (robo_clase22) StdoutLine: {'line': b'-- Up-to-date symlink: /home/thiago/workspaces/ros2_py_ws/install/robo_clase22/local/lib/python3.10/dist-packages/robo_clase22-0.0.0-py3.10.egg-info/top_level.txt\n'}
[0.367637] (robo_clase22) StdoutLine: {'line': b'-- Up-to-date symlink: /home/thiago/workspaces/ros2_py_ws/install/robo_clase22/local/lib/python3.10/dist-packages/robo_clase22/__init__.py\n'}
[0.367701] (robo_clase22) StdoutLine: {'line': b'-- Up-to-date symlink: /home/thiago/workspaces/ros2_py_ws/install/robo_clase22/local/lib/python3.10/dist-packages/robo_clase22/_robo_clase22_s.ep.rosidl_typesupport_c.c\n'}
[0.367763] (robo_clase22) StdoutLine: {'line': b'-- Up-to-date symlink: /home/thiago/workspaces/ros2_py_ws/install/robo_clase22/local/lib/python3.10/dist-packages/robo_clase22/_robo_clase22_s.ep.rosidl_typesupport_fastrtps_c.c\n'}
[0.367827] (robo_clase22) StdoutLine: {'line': b'-- Up-to-date symlink: /home/thiago/workspaces/ros2_py_ws/install/robo_clase22/local/lib/python3.10/dist-packages/robo_clase22/_robo_clase22_s.ep.rosidl_typesupport_introspection_c.c\n'}
[0.367887] (robo_clase22) StdoutLine: {'line': b'-- Up-to-date symlink: /home/thiago/workspaces/ros2_py_ws/install/robo_clase22/local/lib/python3.10/dist-packages/robo_clase22/action/__init__.py\n'}
[0.367951] (robo_clase22) StdoutLine: {'line': b'-- Up-to-date symlink: /home/thiago/workspaces/ros2_py_ws/install/robo_clase22/local/lib/python3.10/dist-packages/robo_clase22/action/_navigate.py\n'}
[0.368012] (robo_clase22) StdoutLine: {'line': b'-- Up-to-date symlink: /home/thiago/workspaces/ros2_py_ws/install/robo_clase22/local/lib/python3.10/dist-packages/robo_clase22/action/_navigate_s.c\n'}
[0.368073] (robo_clase22) StdoutLine: {'line': b'-- Up-to-date symlink: /home/thiago/workspaces/ros2_py_ws/install/robo_clase22/local/lib/python3.10/dist-packages/robo_clase22/librobo_clase22__rosidl_generator_py.so\n'}
[0.368132] (robo_clase22) StdoutLine: {'line': b'-- Up-to-date symlink: /home/thiago/workspaces/ros2_py_ws/install/robo_clase22/local/lib/python3.10/dist-packages/robo_clase22/robo_clase22_s__rosidl_typesupport_c.cpython-310-x86_64-linux-gnu.so\n'}
[0.368191] (robo_clase22) StdoutLine: {'line': b'-- Up-to-date symlink: /home/thiago/workspaces/ros2_py_ws/install/robo_clase22/local/lib/python3.10/dist-packages/robo_clase22/robo_clase22_s__rosidl_typesupport_fastrtps_c.cpython-310-x86_64-linux-gnu.so\n'}
[0.368251] (robo_clase22) StdoutLine: {'line': b'-- Up-to-date symlink: /home/thiago/workspaces/ros2_py_ws/install/robo_clase22/local/lib/python3.10/dist-packages/robo_clase22/robo_clase22_s__rosidl_typesupport_introspection_c.cpython-310-x86_64-linux-gnu.so\n'}
[0.368299] (robo_clase22) StdoutLine: {'line': b'-- Up-to-date symlink: /home/thiago/workspaces/ros2_py_ws/install/robo_clase22/local/lib/python3.10/dist-packages/robo_clase22/srv/__init__.py\n'}
[0.368357] (robo_clase22) StdoutLine: {'line': b'-- Up-to-date symlink: /home/thiago/workspaces/ros2_py_ws/install/robo_clase22/local/lib/python3.10/dist-packages/robo_clase22/srv/_odd_even_check.py\n'}
[0.368411] (robo_clase22) StdoutLine: {'line': b'-- Up-to-date symlink: /home/thiago/workspaces/ros2_py_ws/install/robo_clase22/local/lib/python3.10/dist-packages/robo_clase22/srv/_odd_even_check_s.c\n'}
[0.368522] (robo_clase22) StdoutLine: {'line': b'-- Up-to-date symlink: /home/thiago/workspaces/ros2_py_ws/install/robo_clase22/local/lib/python3.10/dist-packages/robo_clase22/robo_clase22_s__rosidl_typesupport_fastrtps_c.cpython-310-x86_64-linux-gnu.so\n'}
[0.368577] (robo_clase22) StdoutLine: {'line': b'-- Up-to-date symlink: /home/thiago/workspaces/ros2_py_ws/install/robo_clase22/local/lib/python3.10/dist-packages/robo_clase22/robo_clase22_s__rosidl_typesupport_introspection_c.cpython-310-x86_64-linux-gnu.so\n'}
[0.368636] (robo_clase22) StdoutLine: {'line': b'-- Up-to-date symlink: /home/thiago/workspaces/ros2_py_ws/install/robo_clase22/local/lib/python3.10/dist-packages/robo_clase22/robo_clase22_s__rosidl_typesupport_c.cpython-310-x86_64-linux-gnu.so\n'}
[0.368701] (robo_clase22) StdoutLine: {'line': b'-- Up-to-date symlink: /home/thiago/workspaces/ros2_py_ws/install/robo_clase22/share/robo_clase22/srv/OddEvenCheck.idl\n'}
[0.368763] (robo_clase22) StdoutLine: {'line': b'-- Up-to-date symlink: /home/thiago/workspaces/ros2_py_ws/install/robo_clase22/share/robo_clase22/action/Navigate.idl\n'}
[0.368826] (robo_clase22) StdoutLine: {'line': b'-- Up-to-date symlink: /home/thiago/workspaces/ros2_py_ws/install/robo_clase22/share/robo_clase22/srv/OddEvenCheck.srv\n'}
[0.368883] (robo_clase22) StdoutLine: {'line': b'-- Up-to-date symlink: /home/thiago/workspaces/ros2_py_ws/install/robo_clase22/share/robo_clase22/srv/OddEvenCheck_Request.msg\n'}
[0.368940] (robo_clase22) StdoutLine: {'line': b'-- Up-to-date symlink: /home/thiago/workspaces/ros2_py_ws/install/robo_clase22/share/robo_clase22/srv/OddEvenCheck_Response.msg\n'}
[0.368997] (robo_clase22) StdoutLine: {'line': b'-- Up-to-date symlink: /home/thiago/workspaces/ros2_py_ws/install/robo_clase22/share/robo_clase22/action/Navigate.action\n'}
[0.369054] (robo_clase22) StdoutLine: {'line': b'-- Up-to-date symlink: /home/thiago/workspaces/ros2_py_ws/install/robo_clase22/local/lib/python3.10/dist-packages/scripts-0.0.0-py3.10.egg-info/PKG-INFO\n'}
[0.369109] (robo_clase22) StdoutLine: {'line': b'-- Up-to-date symlink: /home/thiago/workspaces/ros2_py_ws/install/robo_clase22/local/lib/python3.10/dist-packages/scripts-0.0.0-py3.10.egg-info/SOURCES.txt\n'}
[0.369165] (robo_clase22) StdoutLine: {'line': b'-- Up-to-date symlink: /home/thiago/workspaces/ros2_py_ws/install/robo_clase22/local/lib/python3.10/dist-packages/scripts-0.0.0-py3.10.egg-info/dependency_links.txt\n'}
[0.369282] (robo_clase22) StdoutLine: {'line': b'-- Up-to-date symlink: /home/thiago/workspaces/ros2_py_ws/install/robo_clase22/local/lib/python3.10/dist-packages/scripts-0.0.0-py3.10.egg-info/top_level.txt\n'}
[0.369344] (robo_clase22) StdoutLine: {'line': b'-- Up-to-date symlink: /home/thiago/workspaces/ros2_py_ws/install/robo_clase22/local/lib/python3.10/dist-packages/scripts/RPM.py\n'}
[0.369401] (robo_clase22) StdoutLine: {'line': b'-- Up-to-date symlink: /home/thiago/workspaces/ros2_py_ws/install/robo_clase22/local/lib/python3.10/dist-packages/scripts/VEL.py\n'}
[0.369476] (robo_clase22) StdoutLine: {'line': b'-- Up-to-date symlink: /home/thiago/workspaces/ros2_py_ws/install/robo_clase22/local/lib/python3.10/dist-packages/scripts/__init__.py\n'}
[0.369532] (robo_clase22) StdoutLine: {'line': b'-- Symlinking: /home/thiago/workspaces/ros2_py_ws/install/robo_clase22/local/lib/python3.10/dist-packages/scripts/action_server.py\n'}
[0.373802] (robo_clase22) StdoutLine: {'line': b'-- Up-to-date symlink: /home/thiago/workspaces/ros2_py_ws/install/robo_clase22/local/lib/python3.10/dist-packages/scripts/service_client.py\n'}
[0.373900] (robo_clase22) StdoutLine: {'line': b'-- Up-to-date symlink: /home/thiago/workspaces/ros2_py_ws/install/robo_clase22/local/lib/python3.10/dist-packages/scripts/service_server.py\n'}
[0.373967] (robo_clase22) StdoutLine: {'line': b'-- Up-to-date symlink: /home/thiago/workspaces/ros2_py_ws/install/robo_clase22/lib/robo_clase22/RPM.py\n'}
[0.374030] (robo_clase22) StdoutLine: {'line': b'-- Up-to-date symlink: /home/thiago/workspaces/ros2_py_ws/install/robo_clase22/lib/robo_clase22/VEL.py\n'}
[0.374090] (robo_clase22) StdoutLine: {'line': b'-- Up-to-date symlink: /home/thiago/workspaces/ros2_py_ws/install/robo_clase22/lib/robo_clase22/service_server.py\n'}
[0.374148] (robo_clase22) StdoutLine: {'line': b'-- Up-to-date symlink: /home/thiago/workspaces/ros2_py_ws/install/robo_clase22/lib/robo_clase22/service_client.py\n'}
[0.374243] (robo_clase22) StdoutLine: {'line': b'-- Up-to-date symlink: /home/thiago/workspaces/ros2_py_ws/install/robo_clase22/share/robo_clase22//launch/rpm_node_launch.py\n'}
[0.374311] (robo_clase22) StdoutLine: {'line': b'-- Up-to-date symlink: /home/thiago/workspaces/ros2_py_ws/install/robo_clase22/share/ament_index/resource_index/package_run_dependencies/robo_clase22\n'}
[0.374371] (robo_clase22) StdoutLine: {'line': b'-- Up-to-date symlink: /home/thiago/workspaces/ros2_py_ws/install/robo_clase22/share/ament_index/resource_index/parent_prefix_path/robo_clase22\n'}
[0.374486] (robo_clase22) StdoutLine: {'line': b'-- Up-to-date symlink: /home/thiago/workspaces/ros2_py_ws/install/robo_clase22/share/robo_clase22/environment/ament_prefix_path.sh\n'}
[0.374586] (robo_clase22) StdoutLine: {'line': b'-- Up-to-date symlink: /home/thiago/workspaces/ros2_py_ws/install/robo_clase22/share/robo_clase22/environment/ament_prefix_path.dsv\n'}
[0.374647] (robo_clase22) StdoutLine: {'line': b'-- Up-to-date symlink: /home/thiago/workspaces/ros2_py_ws/install/robo_clase22/share/robo_clase22/environment/path.sh\n'}
[0.374917] (robo_clase22) StdoutLine: {'line': b'-- Up-to-date symlink: /home/thiago/workspaces/ros2_py_ws/install/robo_clase22/share/robo_clase22/environment/path.dsv\n'}
[0.374994] (robo_clase22) StdoutLine: {'line': b'-- Up-to-date symlink: /home/thiago/workspaces/ros2_py_ws/install/robo_clase22/share/robo_clase22/local_setup.bash\n'}
[0.375056] (robo_clase22) StdoutLine: {'line': b'-- Up-to-date symlink: /home/thiago/workspaces/ros2_py_ws/install/robo_clase22/share/robo_clase22/local_setup.sh\n'}
[0.375116] (robo_clase22) StdoutLine: {'line': b'-- Up-to-date symlink: /home/thiago/workspaces/ros2_py_ws/install/robo_clase22/share/robo_clase22/local_setup.zsh\n'}
[0.375175] (robo_clase22) StdoutLine: {'line': b'-- Up-to-date symlink: /home/thiago/workspaces/ros2_py_ws/install/robo_clase22/share/robo_clase22/local_setup.dsv\n'}
[0.375259] (robo_clase22) StdoutLine: {'line': b'-- Symlinking: /home/thiago/workspaces/ros2_py_ws/install/robo_clase22/share/robo_clase22/package.dsv\n'}
[0.377155] (udemy_ros2_pkg) JobEnded: {'identifier': 'udemy_ros2_pkg', 'rc': 0}
[0.380456] (robo_clase22) StdoutLine: {'line': b'-- Up-to-date symlink: /home/thiago/workspaces/ros2_py_ws/install/robo_clase22/share/ament_index/resource_index/packages/robo_clase22\n'}
[0.380576] (robo_clase22) StdoutLine: {'line': b'-- Up-to-date symlink: /home/thiago/workspaces/ros2_py_ws/install/robo_clase22/share/robo_clase22/cmake/rosidl_cmake-extras.cmake\n'}
[0.380668] (robo_clase22) StdoutLine: {'line': b'-- Up-to-date symlink: /home/thiago/workspaces/ros2_py_ws/install/robo_clase22/share/robo_clase22/cmake/ament_cmake_export_dependencies-extras.cmake\n'}
[0.380951] (robo_clase22) StdoutLine: {'line': b'-- Up-to-date symlink: /home/thiago/workspaces/ros2_py_ws/install/robo_clase22/share/robo_clase22/cmake/ament_cmake_export_include_directories-extras.cmake\n'}
[0.381039] (robo_clase22) StdoutLine: {'line': b'-- Up-to-date symlink: /home/thiago/workspaces/ros2_py_ws/install/robo_clase22/share/robo_clase22/cmake/ament_cmake_export_libraries-extras.cmake\n'}
[0.381152] (robo_clase22) StdoutLine: {'line': b'-- Up-to-date symlink: /home/thiago/workspaces/ros2_py_ws/install/robo_clase22/share/robo_clase22/cmake/ament_cmake_export_targets-extras.cmake\n'}
[0.381242] (robo_clase22) StdoutLine: {'line': b'-- Up-to-date symlink: /home/thiago/workspaces/ros2_py_ws/install/robo_clase22/share/robo_clase22/cmake/rosidl_cmake_export_typesupport_targets-extras.cmake\n'}
[0.381316] (robo_clase22) StdoutLine: {'line': b'-- Up-to-date symlink: /home/thiago/workspaces/ros2_py_ws/install/robo_clase22/share/robo_clase22/cmake/rosidl_cmake_export_typesupport_libraries-extras.cmake\n'}
[0.381421] (robo_clase22) StdoutLine: {'line': b'-- Up-to-date symlink: /home/thiago/workspaces/ros2_py_ws/install/robo_clase22/share/robo_clase22/cmake/robo_clase22Config.cmake\n'}
[0.381476] (robo_clase22) StdoutLine: {'line': b'-- Up-to-date symlink: /home/thiago/workspaces/ros2_py_ws/install/robo_clase22/share/robo_clase22/cmake/robo_clase22Config-version.cmake\n'}
[0.381562] (robo_clase22) StdoutLine: {'line': b'-- Up-to-date symlink: /home/thiago/workspaces/ros2_py_ws/install/robo_clase22/share/robo_clase22/package.xml\n'}
[0.381722] (robo_clase22) StdoutLine: {'line': b'-- Up-to-date: /home/thiago/workspaces/ros2_py_ws/install/robo_clase22/lib/librobo_clase22__rosidl_generator_c.so\n'}
[0.381983] (robo_clase22) StdoutLine: {'line': b'-- Up-to-date: /home/thiago/workspaces/ros2_py_ws/install/robo_clase22/lib/librobo_clase22__rosidl_typesupport_fastrtps_c.so\n'}
[0.382197] (robo_clase22) StdoutLine: {'line': b'-- Up-to-date: /home/thiago/workspaces/ros2_py_ws/install/robo_clase22/lib/librobo_clase22__rosidl_typesupport_fastrtps_cpp.so\n'}
[0.382362] (robo_clase22) StdoutLine: {'line': b'-- Up-to-date: /home/thiago/workspaces/ros2_py_ws/install/robo_clase22/lib/librobo_clase22__rosidl_typesupport_introspection_c.so\n'}
[0.382517] (robo_clase22) StdoutLine: {'line': b'-- Up-to-date: /home/thiago/workspaces/ros2_py_ws/install/robo_clase22/lib/librobo_clase22__rosidl_typesupport_c.so\n'}
[0.382726] (robo_clase22) StdoutLine: {'line': b'-- Up-to-date: /home/thiago/workspaces/ros2_py_ws/install/robo_clase22/lib/librobo_clase22__rosidl_typesupport_introspection_cpp.so\n'}
[0.382891] (robo_clase22) StdoutLine: {'line': b'-- Up-to-date: /home/thiago/workspaces/ros2_py_ws/install/robo_clase22/lib/librobo_clase22__rosidl_typesupport_cpp.so\n'}
[0.400005] (-) TimerEvent: {}
[0.405733] (robo_clase22) StdoutLine: {'line': b"Listing '/home/thiago/workspaces/ros2_py_ws/install/robo_clase22/local/lib/python3.10/dist-packages/robo_clase22'...\n"}
[0.405903] (robo_clase22) StdoutLine: {'line': b"Listing '/home/thiago/workspaces/ros2_py_ws/install/robo_clase22/local/lib/python3.10/dist-packages/robo_clase22/action'...\n"}
[0.405976] (robo_clase22) StdoutLine: {'line': b"Listing '/home/thiago/workspaces/ros2_py_ws/install/robo_clase22/local/lib/python3.10/dist-packages/robo_clase22/srv'...\n"}
[0.409182] (robo_clase22) StdoutLine: {'line': b'-- Up-to-date: /home/thiago/workspaces/ros2_py_ws/install/robo_clase22/lib/librobo_clase22__rosidl_generator_py.so\n'}
[0.431487] (robo_clase22) StdoutLine: {'line': b"Listing '/home/thiago/workspaces/ros2_py_ws/install/robo_clase22/local/lib/python3.10/dist-packages/scripts'...\n"}
[0.431655] (robo_clase22) StdoutLine: {'line': b"Compiling '/home/thiago/workspaces/ros2_py_ws/install/robo_clase22/local/lib/python3.10/dist-packages/scripts/action_server.py'...\n"}
[0.434522] (robo_clase22) StdoutLine: {'line': b'-- Up-to-date: /home/thiago/workspaces/ros2_py_ws/install/robo_clase22/share/robo_clase22/cmake/export_robo_clase22__rosidl_generator_cExport.cmake\n'}
[0.434646] (robo_clase22) StdoutLine: {'line': b'-- Up-to-date: /home/thiago/workspaces/ros2_py_ws/install/robo_clase22/share/robo_clase22/cmake/export_robo_clase22__rosidl_generator_cExport-noconfig.cmake\n'}
[0.434767] (robo_clase22) StdoutLine: {'line': b'-- Up-to-date: /home/thiago/workspaces/ros2_py_ws/install/robo_clase22/share/robo_clase22/cmake/export_robo_clase22__rosidl_typesupport_fastrtps_cExport.cmake\n'}
[0.434842] (robo_clase22) StdoutLine: {'line': b'-- Up-to-date: /home/thiago/workspaces/ros2_py_ws/install/robo_clase22/share/robo_clase22/cmake/export_robo_clase22__rosidl_typesupport_fastrtps_cExport-noconfig.cmake\n'}
[0.434905] (robo_clase22) StdoutLine: {'line': b'-- Up-to-date: /home/thiago/workspaces/ros2_py_ws/install/robo_clase22/share/robo_clase22/cmake/export_robo_clase22__rosidl_generator_cppExport.cmake\n'}
[0.434994] (robo_clase22) StdoutLine: {'line': b'-- Up-to-date: /home/thiago/workspaces/ros2_py_ws/install/robo_clase22/share/robo_clase22/cmake/export_robo_clase22__rosidl_typesupport_fastrtps_cppExport.cmake\n'}
[0.435055] (robo_clase22) StdoutLine: {'line': b'-- Up-to-date: /home/thiago/workspaces/ros2_py_ws/install/robo_clase22/share/robo_clase22/cmake/export_robo_clase22__rosidl_typesupport_fastrtps_cppExport-noconfig.cmake\n'}
[0.435115] (robo_clase22) StdoutLine: {'line': b'-- Up-to-date: /home/thiago/workspaces/ros2_py_ws/install/robo_clase22/share/robo_clase22/cmake/robo_clase22__rosidl_typesupport_introspection_cExport.cmake\n'}
[0.435193] (robo_clase22) StdoutLine: {'line': b'-- Up-to-date: /home/thiago/workspaces/ros2_py_ws/install/robo_clase22/share/robo_clase22/cmake/robo_clase22__rosidl_typesupport_introspection_cExport-noconfig.cmake\n'}
[0.435255] (robo_clase22) StdoutLine: {'line': b'-- Up-to-date: /home/thiago/workspaces/ros2_py_ws/install/robo_clase22/share/robo_clase22/cmake/robo_clase22__rosidl_typesupport_cExport.cmake\n'}
[0.435335] (robo_clase22) StdoutLine: {'line': b'-- Up-to-date: /home/thiago/workspaces/ros2_py_ws/install/robo_clase22/share/robo_clase22/cmake/robo_clase22__rosidl_typesupport_cExport-noconfig.cmake\n'}
[0.435417] (robo_clase22) StdoutLine: {'line': b'-- Up-to-date: /home/thiago/workspaces/ros2_py_ws/install/robo_clase22/share/robo_clase22/cmake/robo_clase22__rosidl_typesupport_introspection_cppExport.cmake\n'}
[0.435476] (robo_clase22) StdoutLine: {'line': b'-- Up-to-date: /home/thiago/workspaces/ros2_py_ws/install/robo_clase22/share/robo_clase22/cmake/robo_clase22__rosidl_typesupport_introspection_cppExport-noconfig.cmake\n'}
[0.435533] (robo_clase22) StdoutLine: {'line': b'-- Up-to-date: /home/thiago/workspaces/ros2_py_ws/install/robo_clase22/share/robo_clase22/cmake/robo_clase22__rosidl_typesupport_cppExport.cmake\n'}
[0.435585] (robo_clase22) StdoutLine: {'line': b'-- Up-to-date: /home/thiago/workspaces/ros2_py_ws/install/robo_clase22/share/robo_clase22/cmake/robo_clase22__rosidl_typesupport_cppExport-noconfig.cmake\n'}
[0.435638] (robo_clase22) StdoutLine: {'line': b'-- Up-to-date: /home/thiago/workspaces/ros2_py_ws/install/robo_clase22/share/robo_clase22/cmake/export_robo_clase22__rosidl_generator_pyExport.cmake\n'}
[0.435720] (robo_clase22) StdoutLine: {'line': b'-- Up-to-date: /home/thiago/workspaces/ros2_py_ws/install/robo_clase22/share/robo_clase22/cmake/export_robo_clase22__rosidl_generator_pyExport-noconfig.cmake\n'}
[0.436938] (robo_clase22) CommandEnded: {'returncode': 0}
[0.494988] (robo_clase22) JobEnded: {'identifier': 'robo_clase22', 'rc': 0}
[0.495540] (-) EventReactorShutdown: {}
