[0.017s] Invoking command in '/home/thiago/workspaces/ros2_py_ws/build/robo_clase22': CMAKE_PREFIX_PATH=/opt/ros/humble /usr/bin/cmake --build /home/thiago/workspaces/ros2_py_ws/build/robo_clase22 -- -j12 -l12
[0.072s] Built target ament_cmake_python_symlink_scripts
[0.240s] running egg_info
[0.240s] writing scripts.egg-info/PKG-INFO
[0.240s] writing dependency_links to scripts.egg-info/dependency_links.txt
[0.241s] writing top-level names to scripts.egg-info/top_level.txt
[0.242s] reading manifest file 'scripts.egg-info/SOURCES.txt'
[0.243s] writing manifest file 'scripts.egg-info/SOURCES.txt'
[0.263s] Built target ament_cmake_python_build_scripts_egg
[0.270s] Invoked command in '/home/thiago/workspaces/ros2_py_ws/build/robo_clase22' returned '0': CMAKE_PREFIX_PATH=/opt/ros/humble /usr/bin/cmake --build /home/thiago/workspaces/ros2_py_ws/build/robo_clase22 -- -j12 -l12
[0.288s] Invoking command in '/home/thiago/workspaces/ros2_py_ws/build/robo_clase22': CMAKE_PREFIX_PATH=/opt/ros/humble /usr/bin/cmake --install /home/thiago/workspaces/ros2_py_ws/build/robo_clase22
[0.290s] -- Install configuration: ""
[0.291s] -- Execute custom install script
[0.291s] -- Up-to-date symlink: /home/thiago/workspaces/ros2_py_ws/install/robo_clase22/share/robo_clase22/environment/pythonpath.sh
[0.292s] -- Up-to-date symlink: /home/thiago/workspaces/ros2_py_ws/install/robo_clase22/share/robo_clase22/environment/pythonpath.dsv
[0.292s] -- Up-to-date symlink: /home/thiago/workspaces/ros2_py_ws/install/robo_clase22/local/lib/python3.10/dist-packages/scripts-0.0.0-py3.10.egg-info/PKG-INFO
[0.292s] -- Up-to-date symlink: /home/thiago/workspaces/ros2_py_ws/install/robo_clase22/local/lib/python3.10/dist-packages/scripts-0.0.0-py3.10.egg-info/SOURCES.txt
[0.292s] -- Up-to-date symlink: /home/thiago/workspaces/ros2_py_ws/install/robo_clase22/local/lib/python3.10/dist-packages/scripts-0.0.0-py3.10.egg-info/dependency_links.txt
[0.292s] -- Up-to-date symlink: /home/thiago/workspaces/ros2_py_ws/install/robo_clase22/local/lib/python3.10/dist-packages/scripts-0.0.0-py3.10.egg-info/top_level.txt
[0.292s] -- Up-to-date symlink: /home/thiago/workspaces/ros2_py_ws/install/robo_clase22/local/lib/python3.10/dist-packages/scripts/RPM.py
[0.293s] -- Up-to-date symlink: /home/thiago/workspaces/ros2_py_ws/install/robo_clase22/local/lib/python3.10/dist-packages/scripts/VEL.py
[0.293s] -- Up-to-date symlink: /home/thiago/workspaces/ros2_py_ws/install/robo_clase22/local/lib/python3.10/dist-packages/scripts/__init__.py
[0.293s] -- Up-to-date symlink: /home/thiago/workspaces/ros2_py_ws/install/robo_clase22/lib/robo_clase22/RPM.py
[0.293s] -- Up-to-date symlink: /home/thiago/workspaces/ros2_py_ws/install/robo_clase22/lib/robo_clase22/VEL.py
[0.293s] -- Up-to-date symlink: /home/thiago/workspaces/ros2_py_ws/install/robo_clase22/share/ament_index/resource_index/package_run_dependencies/robo_clase22
[0.293s] -- Up-to-date symlink: /home/thiago/workspaces/ros2_py_ws/install/robo_clase22/share/ament_index/resource_index/parent_prefix_path/robo_clase22
[0.293s] -- Up-to-date symlink: /home/thiago/workspaces/ros2_py_ws/install/robo_clase22/share/robo_clase22/environment/ament_prefix_path.sh
[0.294s] -- Up-to-date symlink: /home/thiago/workspaces/ros2_py_ws/install/robo_clase22/share/robo_clase22/environment/ament_prefix_path.dsv
[0.294s] -- Up-to-date symlink: /home/thiago/workspaces/ros2_py_ws/install/robo_clase22/share/robo_clase22/environment/path.sh
[0.294s] -- Up-to-date symlink: /home/thiago/workspaces/ros2_py_ws/install/robo_clase22/share/robo_clase22/environment/path.dsv
[0.294s] -- Up-to-date symlink: /home/thiago/workspaces/ros2_py_ws/install/robo_clase22/share/robo_clase22/local_setup.bash
[0.294s] -- Up-to-date symlink: /home/thiago/workspaces/ros2_py_ws/install/robo_clase22/share/robo_clase22/local_setup.sh
[0.294s] -- Up-to-date symlink: /home/thiago/workspaces/ros2_py_ws/install/robo_clase22/share/robo_clase22/local_setup.zsh
[0.294s] -- Up-to-date symlink: /home/thiago/workspaces/ros2_py_ws/install/robo_clase22/share/robo_clase22/local_setup.dsv
[0.294s] -- Symlinking: /home/thiago/workspaces/ros2_py_ws/install/robo_clase22/share/robo_clase22/package.dsv
[0.298s] -- Up-to-date symlink: /home/thiago/workspaces/ros2_py_ws/install/robo_clase22/share/ament_index/resource_index/packages/robo_clase22
[0.298s] -- Up-to-date symlink: /home/thiago/workspaces/ros2_py_ws/install/robo_clase22/share/robo_clase22/cmake/robo_clase22Config.cmake
[0.298s] -- Up-to-date symlink: /home/thiago/workspaces/ros2_py_ws/install/robo_clase22/share/robo_clase22/cmake/robo_clase22Config-version.cmake
[0.299s] -- Up-to-date symlink: /home/thiago/workspaces/ros2_py_ws/install/robo_clase22/share/robo_clase22/package.xml
[0.327s] Listing '/home/thiago/workspaces/ros2_py_ws/install/robo_clase22/local/lib/python3.10/dist-packages/scripts'...
[0.327s] Compiling '/home/thiago/workspaces/ros2_py_ws/install/robo_clase22/local/lib/python3.10/dist-packages/scripts/RPM.py'...
[0.327s] Compiling '/home/thiago/workspaces/ros2_py_ws/install/robo_clase22/local/lib/python3.10/dist-packages/scripts/VEL.py'...
[0.345s] Invoked command in '/home/thiago/workspaces/ros2_py_ws/build/robo_clase22' returned '0': CMAKE_PREFIX_PATH=/opt/ros/humble /usr/bin/cmake --install /home/thiago/workspaces/ros2_py_ws/build/robo_clase22
