[0.016s] Invoking command in '/home/thiago/workspaces/ros2_py_ws/build/robo_clase22': CMAKE_PREFIX_PATH=/opt/ros/humble /usr/bin/cmake --build /home/thiago/workspaces/ros2_py_ws/build/robo_clase22 -- -j12 -l12
[0.055s] -- Found ament_cmake: 1.3.3 (/opt/ros/humble/share/ament_cmake/cmake)
[0.166s] -- Override CMake install command with custom implementation using symlinks instead of copying resources
[0.179s] -- Found cv_bridge: 3.2.1 (/opt/ros/humble/share/cv_bridge/cmake)
[0.213s] -- Found rosidl_generator_c: 3.1.4 (/opt/ros/humble/share/rosidl_generator_c/cmake)
[0.215s] -- Found rosidl_adapter: 3.1.4 (/opt/ros/humble/share/rosidl_adapter/cmake)
[0.222s] -- Found rosidl_generator_cpp: 3.1.4 (/opt/ros/humble/share/rosidl_generator_cpp/cmake)
[0.232s] -- Using all available rosidl_typesupport_c: rosidl_typesupport_fastrtps_c;rosidl_typesupport_introspection_c
[0.246s] -- Using all available rosidl_typesupport_cpp: rosidl_typesupport_fastrtps_cpp;rosidl_typesupport_introspection_cpp
[0.439s] -- Found rosidl_default_generators: 1.2.0 (/opt/ros/humble/share/rosidl_default_generators/cmake)
[0.765s] -- Found ament_cmake_ros: 0.10.0 (/opt/ros/humble/share/ament_cmake_ros/cmake)
[1.172s] -- Using all available rosidl_typesupport_c: rosidl_typesupport_fastrtps_c;rosidl_typesupport_introspection_c
[1.331s] -- Using all available rosidl_typesupport_cpp: rosidl_typesupport_fastrtps_cpp;rosidl_typesupport_introspection_cpp
[1.350s] -- Found python_cmake_module: 0.10.0 (/opt/ros/humble/share/python_cmake_module/cmake)
[1.367s] -- Using PYTHON_EXECUTABLE: /usr/bin/python3
[1.367s] -- Using PYTHON_INCLUDE_DIRS: /usr/include/python3.10
[1.367s] -- Using PYTHON_LIBRARIES: /usr/lib/x86_64-linux-gnu/libpython3.10.so
[1.415s] -- Found ament_lint_auto: 0.12.5 (/opt/ros/humble/share/ament_lint_auto/cmake)
[1.429s] -- Added test 'flake8' to check Python code syntax and style conventions
[1.430s] -- Added test 'lint_cmake' to check CMake code style
[1.430s] -- Added test 'pep257' to check Python code against some of the docstring style conventions in PEP 257
[1.431s] -- Added test 'xmllint' to check XML markup files
[1.434s] -- Configuring done
[1.480s] -- Generating done
[1.484s] -- Build files have been written to: /home/thiago/workspaces/ros2_py_ws/build/robo_clase22
[1.506s] [35m[1mConsolidate compiler generated dependencies of target robo_clase22__rosidl_generator_c[0m
[1.512s] [  2%] Built target robo_clase22__cpp
[1.514s] [ 12%] Built target robo_clase22__rosidl_generator_c
[1.518s] [ 12%] Built target ament_cmake_python_symlink_scripts
[1.518s] [ 12%] Built target ament_cmake_python_symlink_robo_clase22
[1.519s] [35m[1mConsolidate compiler generated dependencies of target robo_clase22__rosidl_typesupport_cpp[0m
[1.520s] [35m[1mConsolidate compiler generated dependencies of target robo_clase22__rosidl_typesupport_fastrtps_cpp[0m
[1.521s] [35m[1mConsolidate compiler generated dependencies of target robo_clase22__rosidl_typesupport_c[0m
[1.521s] [35m[1mConsolidate compiler generated dependencies of target robo_clase22__rosidl_typesupport_introspection_cpp[0m
[1.523s] [35m[1mConsolidate compiler generated dependencies of target robo_clase22__rosidl_typesupport_introspection_c[0m
[1.524s] [35m[1mConsolidate compiler generated dependencies of target robo_clase22__rosidl_typesupport_fastrtps_c[0m
[1.531s] [ 33%] Built target robo_clase22__rosidl_typesupport_cpp
[1.531s] [ 33%] Built target robo_clase22__rosidl_typesupport_c
[1.534s] [ 43%] Built target robo_clase22__rosidl_typesupport_introspection_cpp
[1.535s] [ 64%] Built target robo_clase22__rosidl_typesupport_introspection_c
[1.535s] [ 64%] Built target robo_clase22__rosidl_typesupport_fastrtps_cpp
[1.537s] [ 74%] Built target robo_clase22__rosidl_typesupport_fastrtps_c
[1.552s] [ 74%] Built target robo_clase22
[1.568s] [ 76%] Built target robo_clase22__py
[1.575s] [35m[1mConsolidate compiler generated dependencies of target robo_clase22__rosidl_generator_py[0m
[1.586s] [ 84%] Built target robo_clase22__rosidl_generator_py
[1.593s] [35m[1mConsolidate compiler generated dependencies of target robo_clase22__rosidl_typesupport_introspection_c__pyext[0m
[1.594s] [35m[1mConsolidate compiler generated dependencies of target robo_clase22__rosidl_typesupport_c__pyext[0m
[1.594s] [35m[1mConsolidate compiler generated dependencies of target robo_clase22__rosidl_typesupport_fastrtps_c__pyext[0m
[1.603s] [100%] Built target robo_clase22__rosidl_typesupport_c__pyext
[1.603s] [100%] Built target robo_clase22__rosidl_typesupport_introspection_c__pyext
[1.603s] [100%] Built target robo_clase22__rosidl_typesupport_fastrtps_c__pyext
[1.704s] running egg_info
[1.704s] writing scripts.egg-info/PKG-INFO
[1.704s] running egg_info
[1.705s] writing dependency_links to scripts.egg-info/dependency_links.txt
[1.705s] writing top-level names to scripts.egg-info/top_level.txt
[1.705s] writing robo_clase22.egg-info/PKG-INFO
[1.705s] writing dependency_links to robo_clase22.egg-info/dependency_links.txt
[1.705s] writing top-level names to robo_clase22.egg-info/top_level.txt
[1.706s] reading manifest file 'scripts.egg-info/SOURCES.txt'
[1.707s] writing manifest file 'scripts.egg-info/SOURCES.txt'
[1.707s] reading manifest file 'robo_clase22.egg-info/SOURCES.txt'
[1.707s] writing manifest file 'robo_clase22.egg-info/SOURCES.txt'
[1.728s] [100%] Built target ament_cmake_python_build_robo_clase22_egg
[1.729s] [100%] Built target ament_cmake_python_build_scripts_egg
[1.736s] Invoked command in '/home/thiago/workspaces/ros2_py_ws/build/robo_clase22' returned '0': CMAKE_PREFIX_PATH=/opt/ros/humble /usr/bin/cmake --build /home/thiago/workspaces/ros2_py_ws/build/robo_clase22 -- -j12 -l12
[1.781s] Invoking command in '/home/thiago/workspaces/ros2_py_ws/build/robo_clase22': CMAKE_PREFIX_PATH=/opt/ros/humble /usr/bin/cmake --install /home/thiago/workspaces/ros2_py_ws/build/robo_clase22
[1.786s] -- Install configuration: ""
[1.786s] -- Execute custom install script
[1.786s] -- Up-to-date symlink: /home/thiago/workspaces/ros2_py_ws/install/robo_clase22/share/ament_index/resource_index/rosidl_interfaces/robo_clase22
[1.787s] -- Up-to-date symlink: /home/thiago/workspaces/ros2_py_ws/install/robo_clase22/include/robo_clase22/robo_clase22/action/detail/navigate__functions.h
[1.787s] -- Up-to-date symlink: /home/thiago/workspaces/ros2_py_ws/install/robo_clase22/include/robo_clase22/robo_clase22/action/detail/navigate__struct.h
[1.787s] -- Up-to-date symlink: /home/thiago/workspaces/ros2_py_ws/install/robo_clase22/include/robo_clase22/robo_clase22/action/detail/navigate__type_support.h
[1.787s] -- Up-to-date symlink: /home/thiago/workspaces/ros2_py_ws/install/robo_clase22/include/robo_clase22/robo_clase22/action/navigate.h
[1.787s] -- Up-to-date symlink: /home/thiago/workspaces/ros2_py_ws/install/robo_clase22/include/robo_clase22/robo_clase22/msg/rosidl_generator_c__visibility_control.h
[1.787s] -- Up-to-date symlink: /home/thiago/workspaces/ros2_py_ws/install/robo_clase22/include/robo_clase22/robo_clase22/srv/detail/odd_even_check__functions.h
[1.787s] -- Up-to-date symlink: /home/thiago/workspaces/ros2_py_ws/install/robo_clase22/include/robo_clase22/robo_clase22/srv/detail/odd_even_check__struct.h
[1.787s] -- Up-to-date symlink: /home/thiago/workspaces/ros2_py_ws/install/robo_clase22/include/robo_clase22/robo_clase22/srv/detail/odd_even_check__type_support.h
[1.787s] -- Up-to-date symlink: /home/thiago/workspaces/ros2_py_ws/install/robo_clase22/include/robo_clase22/robo_clase22/srv/odd_even_check.h
[1.787s] -- Up-to-date symlink: /home/thiago/workspaces/ros2_py_ws/install/robo_clase22/share/robo_clase22/environment/library_path.sh
[1.787s] -- Up-to-date symlink: /home/thiago/workspaces/ros2_py_ws/install/robo_clase22/share/robo_clase22/environment/library_path.dsv
[1.788s] -- Up-to-date symlink: /home/thiago/workspaces/ros2_py_ws/install/robo_clase22/include/robo_clase22/robo_clase22/action/detail/navigate__rosidl_typesupport_fastrtps_c.h
[1.788s] -- Up-to-date symlink: /home/thiago/workspaces/ros2_py_ws/install/robo_clase22/include/robo_clase22/robo_clase22/msg/rosidl_typesupport_fastrtps_c__visibility_control.h
[1.788s] -- Up-to-date symlink: /home/thiago/workspaces/ros2_py_ws/install/robo_clase22/include/robo_clase22/robo_clase22/srv/detail/odd_even_check__rosidl_typesupport_fastrtps_c.h
[1.788s] -- Up-to-date symlink: /home/thiago/workspaces/ros2_py_ws/install/robo_clase22/include/robo_clase22/robo_clase22/action/detail/navigate__builder.hpp
[1.788s] -- Up-to-date symlink: /home/thiago/workspaces/ros2_py_ws/install/robo_clase22/include/robo_clase22/robo_clase22/action/detail/navigate__struct.hpp
[1.788s] -- Up-to-date symlink: /home/thiago/workspaces/ros2_py_ws/install/robo_clase22/include/robo_clase22/robo_clase22/action/detail/navigate__traits.hpp
[1.788s] -- Up-to-date symlink: /home/thiago/workspaces/ros2_py_ws/install/robo_clase22/include/robo_clase22/robo_clase22/action/navigate.hpp
[1.788s] -- Up-to-date symlink: /home/thiago/workspaces/ros2_py_ws/install/robo_clase22/include/robo_clase22/robo_clase22/srv/detail/odd_even_check__builder.hpp
[1.788s] -- Up-to-date symlink: /home/thiago/workspaces/ros2_py_ws/install/robo_clase22/include/robo_clase22/robo_clase22/srv/detail/odd_even_check__struct.hpp
[1.788s] -- Up-to-date symlink: /home/thiago/workspaces/ros2_py_ws/install/robo_clase22/include/robo_clase22/robo_clase22/srv/detail/odd_even_check__traits.hpp
[1.789s] -- Up-to-date symlink: /home/thiago/workspaces/ros2_py_ws/install/robo_clase22/include/robo_clase22/robo_clase22/srv/odd_even_check.hpp
[1.789s] -- Up-to-date symlink: /home/thiago/workspaces/ros2_py_ws/install/robo_clase22/include/robo_clase22/robo_clase22/action/detail/navigate__rosidl_typesupport_fastrtps_cpp.hpp
[1.789s] -- Up-to-date symlink: /home/thiago/workspaces/ros2_py_ws/install/robo_clase22/include/robo_clase22/robo_clase22/msg/rosidl_typesupport_fastrtps_cpp__visibility_control.h
[1.789s] -- Up-to-date symlink: /home/thiago/workspaces/ros2_py_ws/install/robo_clase22/include/robo_clase22/robo_clase22/srv/detail/odd_even_check__rosidl_typesupport_fastrtps_cpp.hpp
[1.789s] -- Up-to-date symlink: /home/thiago/workspaces/ros2_py_ws/install/robo_clase22/include/robo_clase22/robo_clase22/action/detail/navigate__rosidl_typesupport_introspection_c.h
[1.789s] -- Up-to-date symlink: /home/thiago/workspaces/ros2_py_ws/install/robo_clase22/include/robo_clase22/robo_clase22/msg/rosidl_typesupport_introspection_c__visibility_control.h
[1.789s] -- Up-to-date symlink: /home/thiago/workspaces/ros2_py_ws/install/robo_clase22/include/robo_clase22/robo_clase22/srv/detail/odd_even_check__rosidl_typesupport_introspection_c.h
[1.790s] -- Up-to-date symlink: /home/thiago/workspaces/ros2_py_ws/install/robo_clase22/include/robo_clase22/robo_clase22/action/detail/navigate__rosidl_typesupport_introspection_cpp.hpp
[1.790s] -- Up-to-date symlink: /home/thiago/workspaces/ros2_py_ws/install/robo_clase22/include/robo_clase22/robo_clase22/srv/detail/odd_even_check__rosidl_typesupport_introspection_cpp.hpp
[1.790s] -- Up-to-date symlink: /home/thiago/workspaces/ros2_py_ws/install/robo_clase22/share/robo_clase22/environment/pythonpath.sh
[1.790s] -- Up-to-date symlink: /home/thiago/workspaces/ros2_py_ws/install/robo_clase22/share/robo_clase22/environment/pythonpath.dsv
[1.790s] -- Up-to-date symlink: /home/thiago/workspaces/ros2_py_ws/install/robo_clase22/local/lib/python3.10/dist-packages/robo_clase22-0.0.0-py3.10.egg-info/PKG-INFO
[1.790s] -- Up-to-date symlink: /home/thiago/workspaces/ros2_py_ws/install/robo_clase22/local/lib/python3.10/dist-packages/robo_clase22-0.0.0-py3.10.egg-info/SOURCES.txt
[1.790s] -- Up-to-date symlink: /home/thiago/workspaces/ros2_py_ws/install/robo_clase22/local/lib/python3.10/dist-packages/robo_clase22-0.0.0-py3.10.egg-info/dependency_links.txt
[1.790s] -- Up-to-date symlink: /home/thiago/workspaces/ros2_py_ws/install/robo_clase22/local/lib/python3.10/dist-packages/robo_clase22-0.0.0-py3.10.egg-info/top_level.txt
[1.791s] -- Up-to-date symlink: /home/thiago/workspaces/ros2_py_ws/install/robo_clase22/local/lib/python3.10/dist-packages/robo_clase22/__init__.py
[1.791s] -- Up-to-date symlink: /home/thiago/workspaces/ros2_py_ws/install/robo_clase22/local/lib/python3.10/dist-packages/robo_clase22/_robo_clase22_s.ep.rosidl_typesupport_c.c
[1.791s] -- Up-to-date symlink: /home/thiago/workspaces/ros2_py_ws/install/robo_clase22/local/lib/python3.10/dist-packages/robo_clase22/_robo_clase22_s.ep.rosidl_typesupport_fastrtps_c.c
[1.791s] -- Up-to-date symlink: /home/thiago/workspaces/ros2_py_ws/install/robo_clase22/local/lib/python3.10/dist-packages/robo_clase22/_robo_clase22_s.ep.rosidl_typesupport_introspection_c.c
[1.791s] -- Up-to-date symlink: /home/thiago/workspaces/ros2_py_ws/install/robo_clase22/local/lib/python3.10/dist-packages/robo_clase22/action/__init__.py
[1.791s] -- Up-to-date symlink: /home/thiago/workspaces/ros2_py_ws/install/robo_clase22/local/lib/python3.10/dist-packages/robo_clase22/action/_navigate.py
[1.791s] -- Up-to-date symlink: /home/thiago/workspaces/ros2_py_ws/install/robo_clase22/local/lib/python3.10/dist-packages/robo_clase22/action/_navigate_s.c
[1.791s] -- Up-to-date symlink: /home/thiago/workspaces/ros2_py_ws/install/robo_clase22/local/lib/python3.10/dist-packages/robo_clase22/librobo_clase22__rosidl_generator_py.so
[1.791s] -- Up-to-date symlink: /home/thiago/workspaces/ros2_py_ws/install/robo_clase22/local/lib/python3.10/dist-packages/robo_clase22/robo_clase22_s__rosidl_typesupport_c.cpython-310-x86_64-linux-gnu.so
[1.792s] -- Up-to-date symlink: /home/thiago/workspaces/ros2_py_ws/install/robo_clase22/local/lib/python3.10/dist-packages/robo_clase22/robo_clase22_s__rosidl_typesupport_fastrtps_c.cpython-310-x86_64-linux-gnu.so
[1.792s] -- Up-to-date symlink: /home/thiago/workspaces/ros2_py_ws/install/robo_clase22/local/lib/python3.10/dist-packages/robo_clase22/robo_clase22_s__rosidl_typesupport_introspection_c.cpython-310-x86_64-linux-gnu.so
[1.792s] -- Up-to-date symlink: /home/thiago/workspaces/ros2_py_ws/install/robo_clase22/local/lib/python3.10/dist-packages/robo_clase22/srv/__init__.py
[1.792s] -- Up-to-date symlink: /home/thiago/workspaces/ros2_py_ws/install/robo_clase22/local/lib/python3.10/dist-packages/robo_clase22/srv/_odd_even_check.py
[1.792s] -- Up-to-date symlink: /home/thiago/workspaces/ros2_py_ws/install/robo_clase22/local/lib/python3.10/dist-packages/robo_clase22/srv/_odd_even_check_s.c
[1.792s] -- Up-to-date symlink: /home/thiago/workspaces/ros2_py_ws/install/robo_clase22/local/lib/python3.10/dist-packages/robo_clase22/robo_clase22_s__rosidl_typesupport_fastrtps_c.cpython-310-x86_64-linux-gnu.so
[1.792s] -- Up-to-date symlink: /home/thiago/workspaces/ros2_py_ws/install/robo_clase22/local/lib/python3.10/dist-packages/robo_clase22/robo_clase22_s__rosidl_typesupport_introspection_c.cpython-310-x86_64-linux-gnu.so
[1.792s] -- Up-to-date symlink: /home/thiago/workspaces/ros2_py_ws/install/robo_clase22/local/lib/python3.10/dist-packages/robo_clase22/robo_clase22_s__rosidl_typesupport_c.cpython-310-x86_64-linux-gnu.so
[1.792s] -- Up-to-date symlink: /home/thiago/workspaces/ros2_py_ws/install/robo_clase22/share/robo_clase22/srv/OddEvenCheck.idl
[1.792s] -- Up-to-date symlink: /home/thiago/workspaces/ros2_py_ws/install/robo_clase22/share/robo_clase22/action/Navigate.idl
[1.793s] -- Up-to-date symlink: /home/thiago/workspaces/ros2_py_ws/install/robo_clase22/share/robo_clase22/srv/OddEvenCheck.srv
[1.793s] -- Up-to-date symlink: /home/thiago/workspaces/ros2_py_ws/install/robo_clase22/share/robo_clase22/srv/OddEvenCheck_Request.msg
[1.793s] -- Up-to-date symlink: /home/thiago/workspaces/ros2_py_ws/install/robo_clase22/share/robo_clase22/srv/OddEvenCheck_Response.msg
[1.793s] -- Up-to-date symlink: /home/thiago/workspaces/ros2_py_ws/install/robo_clase22/share/robo_clase22/action/Navigate.action
[1.793s] -- Up-to-date symlink: /home/thiago/workspaces/ros2_py_ws/install/robo_clase22/local/lib/python3.10/dist-packages/scripts-0.0.0-py3.10.egg-info/PKG-INFO
[1.793s] -- Up-to-date symlink: /home/thiago/workspaces/ros2_py_ws/install/robo_clase22/local/lib/python3.10/dist-packages/scripts-0.0.0-py3.10.egg-info/SOURCES.txt
[1.793s] -- Up-to-date symlink: /home/thiago/workspaces/ros2_py_ws/install/robo_clase22/local/lib/python3.10/dist-packages/scripts-0.0.0-py3.10.egg-info/dependency_links.txt
[1.793s] -- Up-to-date symlink: /home/thiago/workspaces/ros2_py_ws/install/robo_clase22/local/lib/python3.10/dist-packages/scripts-0.0.0-py3.10.egg-info/top_level.txt
[1.794s] -- Up-to-date symlink: /home/thiago/workspaces/ros2_py_ws/install/robo_clase22/local/lib/python3.10/dist-packages/scripts/RPM.py
[1.794s] -- Up-to-date symlink: /home/thiago/workspaces/ros2_py_ws/install/robo_clase22/local/lib/python3.10/dist-packages/scripts/VEL.py
[1.794s] -- Up-to-date symlink: /home/thiago/workspaces/ros2_py_ws/install/robo_clase22/local/lib/python3.10/dist-packages/scripts/__init__.py
[1.794s] -- Symlinking: /home/thiago/workspaces/ros2_py_ws/install/robo_clase22/local/lib/python3.10/dist-packages/scripts/action_client.py
[1.800s] -- Up-to-date symlink: /home/thiago/workspaces/ros2_py_ws/install/robo_clase22/local/lib/python3.10/dist-packages/scripts/action_server.py
[1.800s] -- Up-to-date symlink: /home/thiago/workspaces/ros2_py_ws/install/robo_clase22/local/lib/python3.10/dist-packages/scripts/service_client.py
[1.800s] -- Up-to-date symlink: /home/thiago/workspaces/ros2_py_ws/install/robo_clase22/local/lib/python3.10/dist-packages/scripts/service_server.py
[1.800s] -- Up-to-date symlink: /home/thiago/workspaces/ros2_py_ws/install/robo_clase22/lib/robo_clase22/RPM.py
[1.800s] -- Up-to-date symlink: /home/thiago/workspaces/ros2_py_ws/install/robo_clase22/lib/robo_clase22/VEL.py
[1.800s] -- Symlinking: /home/thiago/workspaces/ros2_py_ws/install/robo_clase22/lib/robo_clase22/action_server.py
[1.806s] -- Symlinking: /home/thiago/workspaces/ros2_py_ws/install/robo_clase22/lib/robo_clase22/action_client.py
[1.811s] -- Up-to-date symlink: /home/thiago/workspaces/ros2_py_ws/install/robo_clase22/lib/robo_clase22/service_server.py
[1.812s] -- Up-to-date symlink: /home/thiago/workspaces/ros2_py_ws/install/robo_clase22/lib/robo_clase22/service_client.py
[1.812s] -- Up-to-date symlink: /home/thiago/workspaces/ros2_py_ws/install/robo_clase22/share/robo_clase22//launch/rpm_node_launch.py
[1.812s] -- Up-to-date symlink: /home/thiago/workspaces/ros2_py_ws/install/robo_clase22/share/ament_index/resource_index/package_run_dependencies/robo_clase22
[1.812s] -- Up-to-date symlink: /home/thiago/workspaces/ros2_py_ws/install/robo_clase22/share/ament_index/resource_index/parent_prefix_path/robo_clase22
[1.812s] -- Up-to-date symlink: /home/thiago/workspaces/ros2_py_ws/install/robo_clase22/share/robo_clase22/environment/ament_prefix_path.sh
[1.812s] -- Up-to-date symlink: /home/thiago/workspaces/ros2_py_ws/install/robo_clase22/share/robo_clase22/environment/ament_prefix_path.dsv
[1.812s] -- Up-to-date symlink: /home/thiago/workspaces/ros2_py_ws/install/robo_clase22/share/robo_clase22/environment/path.sh
[1.812s] -- Up-to-date symlink: /home/thiago/workspaces/ros2_py_ws/install/robo_clase22/share/robo_clase22/environment/path.dsv
[1.812s] -- Up-to-date symlink: /home/thiago/workspaces/ros2_py_ws/install/robo_clase22/share/robo_clase22/local_setup.bash
[1.812s] -- Up-to-date symlink: /home/thiago/workspaces/ros2_py_ws/install/robo_clase22/share/robo_clase22/local_setup.sh
[1.813s] -- Up-to-date symlink: /home/thiago/workspaces/ros2_py_ws/install/robo_clase22/share/robo_clase22/local_setup.zsh
[1.813s] -- Up-to-date symlink: /home/thiago/workspaces/ros2_py_ws/install/robo_clase22/share/robo_clase22/local_setup.dsv
[1.813s] -- Symlinking: /home/thiago/workspaces/ros2_py_ws/install/robo_clase22/share/robo_clase22/package.dsv
[1.818s] -- Up-to-date symlink: /home/thiago/workspaces/ros2_py_ws/install/robo_clase22/share/ament_index/resource_index/packages/robo_clase22
[1.818s] -- Up-to-date symlink: /home/thiago/workspaces/ros2_py_ws/install/robo_clase22/share/robo_clase22/cmake/rosidl_cmake-extras.cmake
[1.818s] -- Up-to-date symlink: /home/thiago/workspaces/ros2_py_ws/install/robo_clase22/share/robo_clase22/cmake/ament_cmake_export_dependencies-extras.cmake
[1.818s] -- Up-to-date symlink: /home/thiago/workspaces/ros2_py_ws/install/robo_clase22/share/robo_clase22/cmake/ament_cmake_export_include_directories-extras.cmake
[1.818s] -- Up-to-date symlink: /home/thiago/workspaces/ros2_py_ws/install/robo_clase22/share/robo_clase22/cmake/ament_cmake_export_libraries-extras.cmake
[1.819s] -- Up-to-date symlink: /home/thiago/workspaces/ros2_py_ws/install/robo_clase22/share/robo_clase22/cmake/ament_cmake_export_targets-extras.cmake
[1.819s] -- Up-to-date symlink: /home/thiago/workspaces/ros2_py_ws/install/robo_clase22/share/robo_clase22/cmake/rosidl_cmake_export_typesupport_targets-extras.cmake
[1.819s] -- Up-to-date symlink: /home/thiago/workspaces/ros2_py_ws/install/robo_clase22/share/robo_clase22/cmake/rosidl_cmake_export_typesupport_libraries-extras.cmake
[1.819s] -- Up-to-date symlink: /home/thiago/workspaces/ros2_py_ws/install/robo_clase22/share/robo_clase22/cmake/robo_clase22Config.cmake
[1.819s] -- Up-to-date symlink: /home/thiago/workspaces/ros2_py_ws/install/robo_clase22/share/robo_clase22/cmake/robo_clase22Config-version.cmake
[1.819s] -- Up-to-date symlink: /home/thiago/workspaces/ros2_py_ws/install/robo_clase22/share/robo_clase22/package.xml
[1.819s] -- Up-to-date: /home/thiago/workspaces/ros2_py_ws/install/robo_clase22/lib/librobo_clase22__rosidl_generator_c.so
[1.819s] -- Up-to-date: /home/thiago/workspaces/ros2_py_ws/install/robo_clase22/lib/librobo_clase22__rosidl_typesupport_fastrtps_c.so
[1.820s] -- Up-to-date: /home/thiago/workspaces/ros2_py_ws/install/robo_clase22/lib/librobo_clase22__rosidl_typesupport_fastrtps_cpp.so
[1.820s] -- Up-to-date: /home/thiago/workspaces/ros2_py_ws/install/robo_clase22/lib/librobo_clase22__rosidl_typesupport_introspection_c.so
[1.820s] -- Up-to-date: /home/thiago/workspaces/ros2_py_ws/install/robo_clase22/lib/librobo_clase22__rosidl_typesupport_c.so
[1.820s] -- Up-to-date: /home/thiago/workspaces/ros2_py_ws/install/robo_clase22/lib/librobo_clase22__rosidl_typesupport_introspection_cpp.so
[1.820s] -- Up-to-date: /home/thiago/workspaces/ros2_py_ws/install/robo_clase22/lib/librobo_clase22__rosidl_typesupport_cpp.so
[1.852s] Listing '/home/thiago/workspaces/ros2_py_ws/install/robo_clase22/local/lib/python3.10/dist-packages/robo_clase22'...
[1.852s] Compiling '/home/thiago/workspaces/ros2_py_ws/install/robo_clase22/local/lib/python3.10/dist-packages/robo_clase22/__init__.py'...
[1.852s] Listing '/home/thiago/workspaces/ros2_py_ws/install/robo_clase22/local/lib/python3.10/dist-packages/robo_clase22/action'...
[1.852s] Listing '/home/thiago/workspaces/ros2_py_ws/install/robo_clase22/local/lib/python3.10/dist-packages/robo_clase22/srv'...
[1.856s] -- Up-to-date: /home/thiago/workspaces/ros2_py_ws/install/robo_clase22/lib/librobo_clase22__rosidl_generator_py.so
[1.879s] Listing '/home/thiago/workspaces/ros2_py_ws/install/robo_clase22/local/lib/python3.10/dist-packages/scripts'...
[1.879s] Compiling '/home/thiago/workspaces/ros2_py_ws/install/robo_clase22/local/lib/python3.10/dist-packages/scripts/action_client.py'...
[1.879s] Compiling '/home/thiago/workspaces/ros2_py_ws/install/robo_clase22/local/lib/python3.10/dist-packages/scripts/service_client.py'...
[1.882s] -- Up-to-date: /home/thiago/workspaces/ros2_py_ws/install/robo_clase22/share/robo_clase22/cmake/export_robo_clase22__rosidl_generator_cExport.cmake
[1.882s] -- Up-to-date: /home/thiago/workspaces/ros2_py_ws/install/robo_clase22/share/robo_clase22/cmake/export_robo_clase22__rosidl_generator_cExport-noconfig.cmake
[1.882s] -- Up-to-date: /home/thiago/workspaces/ros2_py_ws/install/robo_clase22/share/robo_clase22/cmake/export_robo_clase22__rosidl_typesupport_fastrtps_cExport.cmake
[1.882s] -- Up-to-date: /home/thiago/workspaces/ros2_py_ws/install/robo_clase22/share/robo_clase22/cmake/export_robo_clase22__rosidl_typesupport_fastrtps_cExport-noconfig.cmake
[1.882s] -- Up-to-date: /home/thiago/workspaces/ros2_py_ws/install/robo_clase22/share/robo_clase22/cmake/export_robo_clase22__rosidl_generator_cppExport.cmake
[1.882s] -- Up-to-date: /home/thiago/workspaces/ros2_py_ws/install/robo_clase22/share/robo_clase22/cmake/export_robo_clase22__rosidl_typesupport_fastrtps_cppExport.cmake
[1.882s] -- Up-to-date: /home/thiago/workspaces/ros2_py_ws/install/robo_clase22/share/robo_clase22/cmake/export_robo_clase22__rosidl_typesupport_fastrtps_cppExport-noconfig.cmake
[1.882s] -- Up-to-date: /home/thiago/workspaces/ros2_py_ws/install/robo_clase22/share/robo_clase22/cmake/robo_clase22__rosidl_typesupport_introspection_cExport.cmake
[1.883s] -- Up-to-date: /home/thiago/workspaces/ros2_py_ws/install/robo_clase22/share/robo_clase22/cmake/robo_clase22__rosidl_typesupport_introspection_cExport-noconfig.cmake
[1.883s] -- Up-to-date: /home/thiago/workspaces/ros2_py_ws/install/robo_clase22/share/robo_clase22/cmake/robo_clase22__rosidl_typesupport_cExport.cmake
[1.883s] -- Up-to-date: /home/thiago/workspaces/ros2_py_ws/install/robo_clase22/share/robo_clase22/cmake/robo_clase22__rosidl_typesupport_cExport-noconfig.cmake
[1.883s] -- Up-to-date: /home/thiago/workspaces/ros2_py_ws/install/robo_clase22/share/robo_clase22/cmake/robo_clase22__rosidl_typesupport_introspection_cppExport.cmake
[1.883s] -- Up-to-date: /home/thiago/workspaces/ros2_py_ws/install/robo_clase22/share/robo_clase22/cmake/robo_clase22__rosidl_typesupport_introspection_cppExport-noconfig.cmake
[1.883s] -- Up-to-date: /home/thiago/workspaces/ros2_py_ws/install/robo_clase22/share/robo_clase22/cmake/robo_clase22__rosidl_typesupport_cppExport.cmake
[1.883s] -- Up-to-date: /home/thiago/workspaces/ros2_py_ws/install/robo_clase22/share/robo_clase22/cmake/robo_clase22__rosidl_typesupport_cppExport-noconfig.cmake
[1.883s] -- Up-to-date: /home/thiago/workspaces/ros2_py_ws/install/robo_clase22/share/robo_clase22/cmake/export_robo_clase22__rosidl_generator_pyExport.cmake
[1.883s] -- Up-to-date: /home/thiago/workspaces/ros2_py_ws/install/robo_clase22/share/robo_clase22/cmake/export_robo_clase22__rosidl_generator_pyExport-noconfig.cmake
[1.884s] Invoked command in '/home/thiago/workspaces/ros2_py_ws/build/robo_clase22' returned '0': CMAKE_PREFIX_PATH=/opt/ros/humble /usr/bin/cmake --install /home/thiago/workspaces/ros2_py_ws/build/robo_clase22
