[0.000000] (-) TimerEvent: {}
[0.000363] (robo_clase22) JobQueued: {'identifier': 'robo_clase22', 'dependencies': OrderedDict()}
[0.000391] (udemy_ros2_pkg) JobQueued: {'identifier': 'udemy_ros2_pkg', 'dependencies': OrderedDict()}
[0.000411] (robo_clase22) JobStarted: {'identifier': 'robo_clase22'}
[0.006605] (udemy_ros2_pkg) JobStarted: {'identifier': 'udemy_ros2_pkg'}
[0.009535] (robo_clase22) JobProgress: {'identifier': 'robo_clase22', 'progress': 'cmake'}
[0.009986] (robo_clase22) JobProgress: {'identifier': 'robo_clase22', 'progress': 'build'}
[0.010492] (robo_clase22) Command: {'cmd': ['/usr/bin/cmake', '--build', '/home/thiago/workspaces/ros2_py_ws/build/robo_clase22', '--', '-j12', '-l12'], 'cwd': '/home/thiago/workspaces/ros2_py_ws/build/robo_clase22', 'env': OrderedDict([('GJS_DEBUG_TOPICS', 'JS ERROR;JS LOG'), ('LESSOPEN', '| /usr/bin/lesspipe %s'), ('USER', 'thiago'), ('LC_TIME', 'es_AR.UTF-8'), ('GIO_MODULE_DIR', '/home/thiago/snap/code/common/.cache/gio-modules'), ('XDG_SESSION_TYPE', 'wayland'), ('GIT_ASKPASS', '/snap/code/126/usr/share/code/resources/app/extensions/git/dist/askpass.sh'), ('SHLVL', '1'), ('LD_LIBRARY_PATH', '/opt/ros/humble/opt/rviz_ogre_vendor/lib:/opt/ros/humble/lib/x86_64-linux-gnu:/opt/ros/humble/lib'), ('HOME', '/home/thiago'), ('CHROME_DESKTOP', 'code-url-handler.desktop'), ('TERM_PROGRAM_VERSION', '1.77.3'), ('DESKTOP_SESSION', 'ubuntu'), ('GTK_PATH', '/snap/code/126/usr/lib/x86_64-linux-gnu/gtk-3.0'), ('GTK_IM_MODULE_FILE', '/home/thiago/snap/code/common/.cache/immodules/immodules.cache'), ('GIO_LAUNCHED_DESKTOP_FILE', '/var/lib/snapd/desktop/applications/code_code.desktop'), ('ROS_PYTHON_VERSION', '3'), ('GNOME_SHELL_SESSION_MODE', 'ubuntu'), ('GTK_MODULES', 'gail:atk-bridge'), ('VSCODE_GIT_ASKPASS_MAIN', '/snap/code/126/usr/share/code/resources/app/extensions/git/dist/askpass-main.js'), ('LC_MONETARY', 'es_AR.UTF-8'), ('VSCODE_GIT_ASKPASS_NODE', '/snap/code/126/usr/share/code/code'), ('MANAGERPID', '1583'), ('SYSTEMD_EXEC_PID', '1802'), ('IM_CONFIG_CHECK_ENV', '1'), ('DBUS_SESSION_BUS_ADDRESS', 'unix:path=/run/user/1000/bus'), ('COLORTERM', 'truecolor'), ('GIO_LAUNCHED_DESKTOP_FILE_PID', '2487'), ('IM_CONFIG_PHASE', '1'), ('WAYLAND_DISPLAY', 'wayland-0'), ('ROS_DISTRO', 'humble'), ('LOGNAME', 'thiago'), ('JOURNAL_STREAM', '8:38117'), ('_', '/usr/bin/colcon'), ('ROS_VERSION', '2'), ('XDG_SESSION_CLASS', 'user'), ('USERNAME', 'thiago'), ('TERM', 'xterm-256color'), ('GNOME_DESKTOP_SESSION_ID', 'this-is-deprecated'), ('ROS_LOCALHOST_ONLY', '0'), ('PATH', '/opt/ros/humble/bin:/usr/local/sbin:/usr/local/bin:/usr/sbin:/usr/bin:/sbin:/bin:/usr/games:/usr/local/games:/snap/bin:/snap/bin'), ('SESSION_MANAGER', 'local/thiago-ubuntu:@/tmp/.ICE-unix/1783,unix/thiago-ubuntu:/tmp/.ICE-unix/1783'), ('GTK_EXE_PREFIX', '/snap/code/126/usr'), ('INVOCATION_ID', 'd630e9e1bbe3492c9049f1388b28c5bb'), ('XDG_MENU_PREFIX', 'gnome-'), ('LC_ADDRESS', 'es_AR.UTF-8'), ('BAMF_DESKTOP_FILE_HINT', '/var/lib/snapd/desktop/applications/code_code.desktop'), ('GNOME_SETUP_DISPLAY', ':1'), ('XDG_RUNTIME_DIR', '/run/user/1000'), ('GDK_BACKEND', 'x11'), ('DISPLAY', ':0'), ('LOCPATH', '/snap/code/126/usr/lib/locale'), ('LANG', 'en_US.UTF-8'), ('XDG_CURRENT_DESKTOP', 'Unity'), ('LC_TELEPHONE', 'es_AR.UTF-8'), ('XMODIFIERS', '@im=ibus'), ('XDG_SESSION_DESKTOP', 'ubuntu'), ('XAUTHORITY', '/run/user/1000/.mutter-Xwaylandauth.D1XN31'), ('LS_COLORS', ''), ('VSCODE_GIT_IPC_HANDLE', '/run/user/1000/vscode-git-97806cd883.sock'), ('TERM_PROGRAM', 'vscode'), ('SSH_AGENT_LAUNCHER', 'gnome-keyring'), ('SSH_AUTH_SOCK', '/run/user/1000/keyring/ssh'), ('GSETTINGS_SCHEMA_DIR', '/home/thiago/snap/code/126/.local/share/glib-2.0/schemas'), ('AMENT_PREFIX_PATH', '/opt/ros/humble'), ('ORIGINAL_XDG_CURRENT_DESKTOP', 'ubuntu:GNOME'), ('SHELL', '/bin/bash'), ('LC_NAME', 'es_AR.UTF-8'), ('QT_ACCESSIBILITY', '1'), ('GDMSESSION', 'ubuntu'), ('LESSCLOSE', '/usr/bin/lesspipe %s %s'), ('LC_MEASUREMENT', 'es_AR.UTF-8'), ('GJS_DEBUG_OUTPUT', 'stderr'), ('LC_IDENTIFICATION', 'es_AR.UTF-8'), ('VSCODE_GIT_ASKPASS_EXTRA_ARGS', '--ms-enable-electron-run-as-node'), ('QT_IM_MODULE', 'ibus'), ('PWD', '/home/thiago/workspaces/ros2_py_ws/build/robo_clase22'), ('LC_ALL', 'en_US.UTF-8'), ('XDG_CONFIG_DIRS', '/etc/xdg/xdg-ubuntu:/etc/xdg'), ('XDG_DATA_DIRS', '/home/thiago/snap/code/126/.local/share:/home/thiago/snap/code/126:/snap/code/126/usr/share:/usr/share/ubuntu:/usr/local/share/:/usr/share/:/var/lib/snapd/desktop'), ('PYTHONPATH', '/opt/ros/humble/lib/python3.10/site-packages:/opt/ros/humble/local/lib/python3.10/dist-packages'), ('LC_NUMERIC', 'es_AR.UTF-8'), ('LC_PAPER', 'es_AR.UTF-8'), ('GTK_USE_PORTAL', '1'), ('COLCON', '1'), ('CMAKE_PREFIX_PATH', '/opt/ros/humble')]), 'shell': False}
[0.014554] (udemy_ros2_pkg) JobProgress: {'identifier': 'udemy_ros2_pkg', 'progress': 'cmake'}
[0.014608] (udemy_ros2_pkg) JobProgress: {'identifier': 'udemy_ros2_pkg', 'progress': 'build'}
[0.014632] (udemy_ros2_pkg) Command: {'cmd': ['/usr/bin/cmake', '--build', '/home/thiago/workspaces/ros2_py_ws/build/udemy_ros2_pkg', '--', '-j12', '-l12'], 'cwd': '/home/thiago/workspaces/ros2_py_ws/build/udemy_ros2_pkg', 'env': OrderedDict([('GJS_DEBUG_TOPICS', 'JS ERROR;JS LOG'), ('LESSOPEN', '| /usr/bin/lesspipe %s'), ('USER', 'thiago'), ('LC_TIME', 'es_AR.UTF-8'), ('GIO_MODULE_DIR', '/home/thiago/snap/code/common/.cache/gio-modules'), ('XDG_SESSION_TYPE', 'wayland'), ('GIT_ASKPASS', '/snap/code/126/usr/share/code/resources/app/extensions/git/dist/askpass.sh'), ('SHLVL', '1'), ('LD_LIBRARY_PATH', '/opt/ros/humble/opt/rviz_ogre_vendor/lib:/opt/ros/humble/lib/x86_64-linux-gnu:/opt/ros/humble/lib'), ('HOME', '/home/thiago'), ('CHROME_DESKTOP', 'code-url-handler.desktop'), ('TERM_PROGRAM_VERSION', '1.77.3'), ('DESKTOP_SESSION', 'ubuntu'), ('GTK_PATH', '/snap/code/126/usr/lib/x86_64-linux-gnu/gtk-3.0'), ('GTK_IM_MODULE_FILE', '/home/thiago/snap/code/common/.cache/immodules/immodules.cache'), ('GIO_LAUNCHED_DESKTOP_FILE', '/var/lib/snapd/desktop/applications/code_code.desktop'), ('ROS_PYTHON_VERSION', '3'), ('GNOME_SHELL_SESSION_MODE', 'ubuntu'), ('GTK_MODULES', 'gail:atk-bridge'), ('VSCODE_GIT_ASKPASS_MAIN', '/snap/code/126/usr/share/code/resources/app/extensions/git/dist/askpass-main.js'), ('LC_MONETARY', 'es_AR.UTF-8'), ('VSCODE_GIT_ASKPASS_NODE', '/snap/code/126/usr/share/code/code'), ('MANAGERPID', '1583'), ('SYSTEMD_EXEC_PID', '1802'), ('IM_CONFIG_CHECK_ENV', '1'), ('DBUS_SESSION_BUS_ADDRESS', 'unix:path=/run/user/1000/bus'), ('COLORTERM', 'truecolor'), ('GIO_LAUNCHED_DESKTOP_FILE_PID', '2487'), ('IM_CONFIG_PHASE', '1'), ('WAYLAND_DISPLAY', 'wayland-0'), ('ROS_DISTRO', 'humble'), ('LOGNAME', 'thiago'), ('JOURNAL_STREAM', '8:38117'), ('_', '/usr/bin/colcon'), ('ROS_VERSION', '2'), ('XDG_SESSION_CLASS', 'user'), ('USERNAME', 'thiago'), ('TERM', 'xterm-256color'), ('GNOME_DESKTOP_SESSION_ID', 'this-is-deprecated'), ('ROS_LOCALHOST_ONLY', '0'), ('PATH', '/opt/ros/humble/bin:/usr/local/sbin:/usr/local/bin:/usr/sbin:/usr/bin:/sbin:/bin:/usr/games:/usr/local/games:/snap/bin:/snap/bin'), ('SESSION_MANAGER', 'local/thiago-ubuntu:@/tmp/.ICE-unix/1783,unix/thiago-ubuntu:/tmp/.ICE-unix/1783'), ('GTK_EXE_PREFIX', '/snap/code/126/usr'), ('INVOCATION_ID', 'd630e9e1bbe3492c9049f1388b28c5bb'), ('XDG_MENU_PREFIX', 'gnome-'), ('LC_ADDRESS', 'es_AR.UTF-8'), ('BAMF_DESKTOP_FILE_HINT', '/var/lib/snapd/desktop/applications/code_code.desktop'), ('GNOME_SETUP_DISPLAY', ':1'), ('XDG_RUNTIME_DIR', '/run/user/1000'), ('GDK_BACKEND', 'x11'), ('DISPLAY', ':0'), ('LOCPATH', '/snap/code/126/usr/lib/locale'), ('LANG', 'en_US.UTF-8'), ('XDG_CURRENT_DESKTOP', 'Unity'), ('LC_TELEPHONE', 'es_AR.UTF-8'), ('XMODIFIERS', '@im=ibus'), ('XDG_SESSION_DESKTOP', 'ubuntu'), ('XAUTHORITY', '/run/user/1000/.mutter-Xwaylandauth.D1XN31'), ('LS_COLORS', ''), ('VSCODE_GIT_IPC_HANDLE', '/run/user/1000/vscode-git-97806cd883.sock'), ('TERM_PROGRAM', 'vscode'), ('SSH_AGENT_LAUNCHER', 'gnome-keyring'), ('SSH_AUTH_SOCK', '/run/user/1000/keyring/ssh'), ('GSETTINGS_SCHEMA_DIR', '/home/thiago/snap/code/126/.local/share/glib-2.0/schemas'), ('AMENT_PREFIX_PATH', '/opt/ros/humble'), ('ORIGINAL_XDG_CURRENT_DESKTOP', 'ubuntu:GNOME'), ('SHELL', '/bin/bash'), ('LC_NAME', 'es_AR.UTF-8'), ('QT_ACCESSIBILITY', '1'), ('GDMSESSION', 'ubuntu'), ('LESSCLOSE', '/usr/bin/lesspipe %s %s'), ('LC_MEASUREMENT', 'es_AR.UTF-8'), ('GJS_DEBUG_OUTPUT', 'stderr'), ('LC_IDENTIFICATION', 'es_AR.UTF-8'), ('VSCODE_GIT_ASKPASS_EXTRA_ARGS', '--ms-enable-electron-run-as-node'), ('QT_IM_MODULE', 'ibus'), ('PWD', '/home/thiago/workspaces/ros2_py_ws/build/udemy_ros2_pkg'), ('LC_ALL', 'en_US.UTF-8'), ('XDG_CONFIG_DIRS', '/etc/xdg/xdg-ubuntu:/etc/xdg'), ('XDG_DATA_DIRS', '/home/thiago/snap/code/126/.local/share:/home/thiago/snap/code/126:/snap/code/126/usr/share:/usr/share/ubuntu:/usr/local/share/:/usr/share/:/var/lib/snapd/desktop'), ('PYTHONPATH', '/opt/ros/humble/lib/python3.10/site-packages:/opt/ros/humble/local/lib/python3.10/dist-packages'), ('LC_NUMERIC', 'es_AR.UTF-8'), ('LC_PAPER', 'es_AR.UTF-8'), ('GTK_USE_PORTAL', '1'), ('COLCON', '1'), ('CMAKE_PREFIX_PATH', '/opt/ros/humble')]), 'shell': False}
[0.032426] (robo_clase22) StdoutLine: {'line': b'-- Found ament_cmake: 1.3.3 (/opt/ros/humble/share/ament_cmake/cmake)\n'}
[0.058938] (udemy_ros2_pkg) StdoutLine: {'line': b'Built target ament_cmake_python_symlink_scripts\n'}
[0.099144] (-) TimerEvent: {}
[0.156890] (robo_clase22) StdoutLine: {'line': b'-- Override CMake install command with custom implementation using symlinks instead of copying resources\n'}
[0.163223] (robo_clase22) StdoutLine: {'line': b'-- Found cv_bridge: 3.2.1 (/opt/ros/humble/share/cv_bridge/cmake)\n'}
[0.186498] (robo_clase22) StdoutLine: {'line': b'-- Found rosidl_generator_c: 3.1.4 (/opt/ros/humble/share/rosidl_generator_c/cmake)\n'}
[0.188133] (robo_clase22) StdoutLine: {'line': b'-- Found rosidl_adapter: 3.1.4 (/opt/ros/humble/share/rosidl_adapter/cmake)\n'}
[0.192294] (robo_clase22) StdoutLine: {'line': b'-- Found rosidl_generator_cpp: 3.1.4 (/opt/ros/humble/share/rosidl_generator_cpp/cmake)\n'}
[0.199214] (-) TimerEvent: {}
[0.200049] (robo_clase22) StdoutLine: {'line': b'-- Using all available rosidl_typesupport_c: rosidl_typesupport_fastrtps_c;rosidl_typesupport_introspection_c\n'}
[0.212043] (robo_clase22) StdoutLine: {'line': b'-- Using all available rosidl_typesupport_cpp: rosidl_typesupport_fastrtps_cpp;rosidl_typesupport_introspection_cpp\n'}
[0.263744] (udemy_ros2_pkg) StdoutLine: {'line': b'running egg_info\n'}
[0.264270] (udemy_ros2_pkg) StdoutLine: {'line': b'writing scripts.egg-info/PKG-INFO\n'}
[0.264448] (udemy_ros2_pkg) StdoutLine: {'line': b'writing dependency_links to scripts.egg-info/dependency_links.txt\n'}
[0.264610] (udemy_ros2_pkg) StdoutLine: {'line': b'writing top-level names to scripts.egg-info/top_level.txt\n'}
[0.265923] (udemy_ros2_pkg) StdoutLine: {'line': b"reading manifest file 'scripts.egg-info/SOURCES.txt'\n"}
[0.266329] (udemy_ros2_pkg) StdoutLine: {'line': b"writing manifest file 'scripts.egg-info/SOURCES.txt'\n"}
[0.284800] (udemy_ros2_pkg) StdoutLine: {'line': b'Built target ament_cmake_python_build_scripts_egg\n'}
[0.290721] (udemy_ros2_pkg) CommandEnded: {'returncode': 0}
[0.299308] (-) TimerEvent: {}
[0.303731] (udemy_ros2_pkg) JobProgress: {'identifier': 'udemy_ros2_pkg', 'progress': 'install'}
[0.309882] (udemy_ros2_pkg) Command: {'cmd': ['/usr/bin/cmake', '--install', '/home/thiago/workspaces/ros2_py_ws/build/udemy_ros2_pkg'], 'cwd': '/home/thiago/workspaces/ros2_py_ws/build/udemy_ros2_pkg', 'env': OrderedDict([('GJS_DEBUG_TOPICS', 'JS ERROR;JS LOG'), ('LESSOPEN', '| /usr/bin/lesspipe %s'), ('USER', 'thiago'), ('LC_TIME', 'es_AR.UTF-8'), ('GIO_MODULE_DIR', '/home/thiago/snap/code/common/.cache/gio-modules'), ('XDG_SESSION_TYPE', 'wayland'), ('GIT_ASKPASS', '/snap/code/126/usr/share/code/resources/app/extensions/git/dist/askpass.sh'), ('SHLVL', '1'), ('LD_LIBRARY_PATH', '/opt/ros/humble/opt/rviz_ogre_vendor/lib:/opt/ros/humble/lib/x86_64-linux-gnu:/opt/ros/humble/lib'), ('HOME', '/home/thiago'), ('CHROME_DESKTOP', 'code-url-handler.desktop'), ('TERM_PROGRAM_VERSION', '1.77.3'), ('DESKTOP_SESSION', 'ubuntu'), ('GTK_PATH', '/snap/code/126/usr/lib/x86_64-linux-gnu/gtk-3.0'), ('GTK_IM_MODULE_FILE', '/home/thiago/snap/code/common/.cache/immodules/immodules.cache'), ('GIO_LAUNCHED_DESKTOP_FILE', '/var/lib/snapd/desktop/applications/code_code.desktop'), ('ROS_PYTHON_VERSION', '3'), ('GNOME_SHELL_SESSION_MODE', 'ubuntu'), ('GTK_MODULES', 'gail:atk-bridge'), ('VSCODE_GIT_ASKPASS_MAIN', '/snap/code/126/usr/share/code/resources/app/extensions/git/dist/askpass-main.js'), ('LC_MONETARY', 'es_AR.UTF-8'), ('VSCODE_GIT_ASKPASS_NODE', '/snap/code/126/usr/share/code/code'), ('MANAGERPID', '1583'), ('SYSTEMD_EXEC_PID', '1802'), ('IM_CONFIG_CHECK_ENV', '1'), ('DBUS_SESSION_BUS_ADDRESS', 'unix:path=/run/user/1000/bus'), ('COLORTERM', 'truecolor'), ('GIO_LAUNCHED_DESKTOP_FILE_PID', '2487'), ('IM_CONFIG_PHASE', '1'), ('WAYLAND_DISPLAY', 'wayland-0'), ('ROS_DISTRO', 'humble'), ('LOGNAME', 'thiago'), ('JOURNAL_STREAM', '8:38117'), ('_', '/usr/bin/colcon'), ('ROS_VERSION', '2'), ('XDG_SESSION_CLASS', 'user'), ('USERNAME', 'thiago'), ('TERM', 'xterm-256color'), ('GNOME_DESKTOP_SESSION_ID', 'this-is-deprecated'), ('ROS_LOCALHOST_ONLY', '0'), ('PATH', '/opt/ros/humble/bin:/usr/local/sbin:/usr/local/bin:/usr/sbin:/usr/bin:/sbin:/bin:/usr/games:/usr/local/games:/snap/bin:/snap/bin'), ('SESSION_MANAGER', 'local/thiago-ubuntu:@/tmp/.ICE-unix/1783,unix/thiago-ubuntu:/tmp/.ICE-unix/1783'), ('GTK_EXE_PREFIX', '/snap/code/126/usr'), ('INVOCATION_ID', 'd630e9e1bbe3492c9049f1388b28c5bb'), ('XDG_MENU_PREFIX', 'gnome-'), ('LC_ADDRESS', 'es_AR.UTF-8'), ('BAMF_DESKTOP_FILE_HINT', '/var/lib/snapd/desktop/applications/code_code.desktop'), ('GNOME_SETUP_DISPLAY', ':1'), ('XDG_RUNTIME_DIR', '/run/user/1000'), ('GDK_BACKEND', 'x11'), ('DISPLAY', ':0'), ('LOCPATH', '/snap/code/126/usr/lib/locale'), ('LANG', 'en_US.UTF-8'), ('XDG_CURRENT_DESKTOP', 'Unity'), ('LC_TELEPHONE', 'es_AR.UTF-8'), ('XMODIFIERS', '@im=ibus'), ('XDG_SESSION_DESKTOP', 'ubuntu'), ('XAUTHORITY', '/run/user/1000/.mutter-Xwaylandauth.D1XN31'), ('LS_COLORS', ''), ('VSCODE_GIT_IPC_HANDLE', '/run/user/1000/vscode-git-97806cd883.sock'), ('TERM_PROGRAM', 'vscode'), ('SSH_AGENT_LAUNCHER', 'gnome-keyring'), ('SSH_AUTH_SOCK', '/run/user/1000/keyring/ssh'), ('GSETTINGS_SCHEMA_DIR', '/home/thiago/snap/code/126/.local/share/glib-2.0/schemas'), ('AMENT_PREFIX_PATH', '/opt/ros/humble'), ('ORIGINAL_XDG_CURRENT_DESKTOP', 'ubuntu:GNOME'), ('SHELL', '/bin/bash'), ('LC_NAME', 'es_AR.UTF-8'), ('QT_ACCESSIBILITY', '1'), ('GDMSESSION', 'ubuntu'), ('LESSCLOSE', '/usr/bin/lesspipe %s %s'), ('LC_MEASUREMENT', 'es_AR.UTF-8'), ('GJS_DEBUG_OUTPUT', 'stderr'), ('LC_IDENTIFICATION', 'es_AR.UTF-8'), ('VSCODE_GIT_ASKPASS_EXTRA_ARGS', '--ms-enable-electron-run-as-node'), ('QT_IM_MODULE', 'ibus'), ('PWD', '/home/thiago/workspaces/ros2_py_ws/build/udemy_ros2_pkg'), ('LC_ALL', 'en_US.UTF-8'), ('XDG_CONFIG_DIRS', '/etc/xdg/xdg-ubuntu:/etc/xdg'), ('XDG_DATA_DIRS', '/home/thiago/snap/code/126/.local/share:/home/thiago/snap/code/126:/snap/code/126/usr/share:/usr/share/ubuntu:/usr/local/share/:/usr/share/:/var/lib/snapd/desktop'), ('PYTHONPATH', '/opt/ros/humble/lib/python3.10/site-packages:/opt/ros/humble/local/lib/python3.10/dist-packages'), ('LC_NUMERIC', 'es_AR.UTF-8'), ('LC_PAPER', 'es_AR.UTF-8'), ('GTK_USE_PORTAL', '1'), ('COLCON', '1'), ('CMAKE_PREFIX_PATH', '/opt/ros/humble')]), 'shell': False}
[0.316799] (udemy_ros2_pkg) StdoutLine: {'line': b'-- Install configuration: ""\n'}
[0.317083] (udemy_ros2_pkg) StdoutLine: {'line': b'-- Execute custom install script\n'}
[0.317194] (udemy_ros2_pkg) StdoutLine: {'line': b'-- Up-to-date symlink: /home/thiago/workspaces/ros2_py_ws/install/udemy_ros2_pkg/share/udemy_ros2_pkg/environment/pythonpath.sh\n'}
[0.317651] (udemy_ros2_pkg) StdoutLine: {'line': b'-- Up-to-date symlink: /home/thiago/workspaces/ros2_py_ws/install/udemy_ros2_pkg/share/udemy_ros2_pkg/environment/pythonpath.dsv\n'}
[0.317768] (udemy_ros2_pkg) StdoutLine: {'line': b'-- Up-to-date symlink: /home/thiago/workspaces/ros2_py_ws/install/udemy_ros2_pkg/local/lib/python3.10/dist-packages/scripts-0.0.0-py3.10.egg-info/PKG-INFO\n'}
[0.317881] (udemy_ros2_pkg) StdoutLine: {'line': b'-- Up-to-date symlink: /home/thiago/workspaces/ros2_py_ws/install/udemy_ros2_pkg/local/lib/python3.10/dist-packages/scripts-0.0.0-py3.10.egg-info/SOURCES.txt\n'}
[0.318018] (udemy_ros2_pkg) StdoutLine: {'line': b'-- Up-to-date symlink: /home/thiago/workspaces/ros2_py_ws/install/udemy_ros2_pkg/local/lib/python3.10/dist-packages/scripts-0.0.0-py3.10.egg-info/dependency_links.txt\n'}
[0.318141] (udemy_ros2_pkg) StdoutLine: {'line': b'-- Up-to-date symlink: /home/thiago/workspaces/ros2_py_ws/install/udemy_ros2_pkg/local/lib/python3.10/dist-packages/scripts-0.0.0-py3.10.egg-info/top_level.txt\n'}
[0.318427] (udemy_ros2_pkg) StdoutLine: {'line': b'-- Up-to-date symlink: /home/thiago/workspaces/ros2_py_ws/install/udemy_ros2_pkg/local/lib/python3.10/dist-packages/scripts/__init__.py\n'}
[0.318536] (udemy_ros2_pkg) StdoutLine: {'line': b'-- Up-to-date symlink: /home/thiago/workspaces/ros2_py_ws/install/udemy_ros2_pkg/local/lib/python3.10/dist-packages/scripts/publisher.py\n'}
[0.318654] (udemy_ros2_pkg) StdoutLine: {'line': b'-- Up-to-date symlink: /home/thiago/workspaces/ros2_py_ws/install/udemy_ros2_pkg/local/lib/python3.10/dist-packages/scripts/subscriber.py\n'}
[0.318815] (udemy_ros2_pkg) StdoutLine: {'line': b'-- Up-to-date symlink: /home/thiago/workspaces/ros2_py_ws/install/udemy_ros2_pkg/lib/udemy_ros2_pkg/publisher.py\n'}
[0.318942] (udemy_ros2_pkg) StdoutLine: {'line': b'-- Up-to-date symlink: /home/thiago/workspaces/ros2_py_ws/install/udemy_ros2_pkg/lib/udemy_ros2_pkg/subscriber.py\n'}
[0.319111] (udemy_ros2_pkg) StdoutLine: {'line': b'-- Up-to-date symlink: /home/thiago/workspaces/ros2_py_ws/install/udemy_ros2_pkg/share/ament_index/resource_index/package_run_dependencies/udemy_ros2_pkg\n'}
[0.319285] (udemy_ros2_pkg) StdoutLine: {'line': b'-- Up-to-date symlink: /home/thiago/workspaces/ros2_py_ws/install/udemy_ros2_pkg/share/ament_index/resource_index/parent_prefix_path/udemy_ros2_pkg\n'}
[0.319455] (udemy_ros2_pkg) StdoutLine: {'line': b'-- Up-to-date symlink: /home/thiago/workspaces/ros2_py_ws/install/udemy_ros2_pkg/share/udemy_ros2_pkg/environment/ament_prefix_path.sh\n'}
[0.319616] (udemy_ros2_pkg) StdoutLine: {'line': b'-- Up-to-date symlink: /home/thiago/workspaces/ros2_py_ws/install/udemy_ros2_pkg/share/udemy_ros2_pkg/environment/ament_prefix_path.dsv\n'}
[0.319779] (udemy_ros2_pkg) StdoutLine: {'line': b'-- Up-to-date symlink: /home/thiago/workspaces/ros2_py_ws/install/udemy_ros2_pkg/share/udemy_ros2_pkg/environment/path.sh\n'}
[0.319946] (udemy_ros2_pkg) StdoutLine: {'line': b'-- Up-to-date symlink: /home/thiago/workspaces/ros2_py_ws/install/udemy_ros2_pkg/share/udemy_ros2_pkg/environment/path.dsv\n'}
[0.320103] (udemy_ros2_pkg) StdoutLine: {'line': b'-- Up-to-date symlink: /home/thiago/workspaces/ros2_py_ws/install/udemy_ros2_pkg/share/udemy_ros2_pkg/local_setup.bash\n'}
[0.320257] (udemy_ros2_pkg) StdoutLine: {'line': b'-- Up-to-date symlink: /home/thiago/workspaces/ros2_py_ws/install/udemy_ros2_pkg/share/udemy_ros2_pkg/local_setup.sh\n'}
[0.320409] (udemy_ros2_pkg) StdoutLine: {'line': b'-- Up-to-date symlink: /home/thiago/workspaces/ros2_py_ws/install/udemy_ros2_pkg/share/udemy_ros2_pkg/local_setup.zsh\n'}
[0.320567] (udemy_ros2_pkg) StdoutLine: {'line': b'-- Up-to-date symlink: /home/thiago/workspaces/ros2_py_ws/install/udemy_ros2_pkg/share/udemy_ros2_pkg/local_setup.dsv\n'}
[0.320708] (udemy_ros2_pkg) StdoutLine: {'line': b'-- Symlinking: /home/thiago/workspaces/ros2_py_ws/install/udemy_ros2_pkg/share/udemy_ros2_pkg/package.dsv\n'}
[0.327696] (udemy_ros2_pkg) StdoutLine: {'line': b'-- Up-to-date symlink: /home/thiago/workspaces/ros2_py_ws/install/udemy_ros2_pkg/share/ament_index/resource_index/packages/udemy_ros2_pkg\n'}
[0.327972] (udemy_ros2_pkg) StdoutLine: {'line': b'-- Up-to-date symlink: /home/thiago/workspaces/ros2_py_ws/install/udemy_ros2_pkg/share/udemy_ros2_pkg/cmake/udemy_ros2_pkgConfig.cmake\n'}
[0.328060] (udemy_ros2_pkg) StdoutLine: {'line': b'-- Up-to-date symlink: /home/thiago/workspaces/ros2_py_ws/install/udemy_ros2_pkg/share/udemy_ros2_pkg/cmake/udemy_ros2_pkgConfig-version.cmake\n'}
[0.328182] (udemy_ros2_pkg) StdoutLine: {'line': b'-- Up-to-date symlink: /home/thiago/workspaces/ros2_py_ws/install/udemy_ros2_pkg/share/udemy_ros2_pkg/package.xml\n'}
[0.349083] (udemy_ros2_pkg) StdoutLine: {'line': b"Listing '/home/thiago/workspaces/ros2_py_ws/install/udemy_ros2_pkg/local/lib/python3.10/dist-packages/scripts'...\n"}
[0.353527] (udemy_ros2_pkg) CommandEnded: {'returncode': 0}
[0.384003] (udemy_ros2_pkg) JobEnded: {'identifier': 'udemy_ros2_pkg', 'rc': 0}
[0.388710] (robo_clase22) StdoutLine: {'line': b'-- Found rosidl_default_generators: 1.2.0 (/opt/ros/humble/share/rosidl_default_generators/cmake)\n'}
[0.399887] (-) TimerEvent: {}
[0.500155] (-) TimerEvent: {}
[0.549885] (robo_clase22) StderrLine: {'line': b'\x1b[31mCMake Error at /opt/ros/humble/share/rosidl_adapter/cmake/rosidl_adapt_interfaces.cmake:59 (message):\n'}
[0.550172] (robo_clase22) StderrLine: {'line': b'  execute_process(/usr/bin/python3.10 -m rosidl_adapter --package-name\n'}
[0.550275] (robo_clase22) StderrLine: {'line': b'  robo_clase22 --arguments-file\n'}
[0.550366] (robo_clase22) StderrLine: {'line': b'  /home/thiago/workspaces/ros2_py_ws/build/robo_clase22/rosidl_adapter__arguments__robo_clase22.json\n'}
[0.550465] (robo_clase22) StderrLine: {'line': b'  --output-dir\n'}
[0.550554] (robo_clase22) StderrLine: {'line': b'  /home/thiago/workspaces/ros2_py_ws/build/robo_clase22/rosidl_adapter/robo_clase22\n'}
[0.550641] (robo_clase22) StderrLine: {'line': b'  --output-file\n'}
[0.550727] (robo_clase22) StderrLine: {'line': b'  /home/thiago/workspaces/ros2_py_ws/build/robo_clase22/rosidl_adapter/robo_clase22.idls)\n'}
[0.550818] (robo_clase22) StderrLine: {'line': b'  returned error code 1:\n'}
[0.550906] (robo_clase22) StderrLine: {'line': b'\n'}
[0.551004] (robo_clase22) StderrLine: {'line': b"  Error processing 'float goal_point' of 'robo_clase22/Navigate_Goal':\n"}
[0.551075] (robo_clase22) StderrLine: {'line': b"  ''float' is an invalid message name.  It should have the pattern\n"}
[0.551145] (robo_clase22) StderrLine: {'line': b"  '^[A-Z][A-Za-z0-9]*$''\n"}
[0.551214] (robo_clase22) StderrLine: {'line': b'\n'}
[0.551282] (robo_clase22) StderrLine: {'line': b'  Traceback (most recent call last):\n'}
[0.551351] (robo_clase22) StderrLine: {'line': b'\n'}
[0.551419] (robo_clase22) StderrLine: {'line': b'    File "/usr/lib/python3.10/runpy.py", line 196, in _run_module_as_main\n'}
[0.551490] (robo_clase22) StderrLine: {'line': b'      return _run_code(code, main_globals, None,\n'}
[0.551559] (robo_clase22) StderrLine: {'line': b'    File "/usr/lib/python3.10/runpy.py", line 86, in _run_code\n'}
[0.551629] (robo_clase22) StderrLine: {'line': b'      exec(code, run_globals)\n'}
[0.551700] (robo_clase22) StderrLine: {'line': b'    File "/opt/ros/humble/local/lib/python3.10/dist-packages/rosidl_adapter/__main__.py", line 19, in <module>\n'}
[0.551770] (robo_clase22) StderrLine: {'line': b'      sys.exit(main())\n'}
[0.551841] (robo_clase22) StderrLine: {'line': b'    File "/opt/ros/humble/local/lib/python3.10/dist-packages/rosidl_adapter/main.py", line 53, in main\n'}
[0.551912] (robo_clase22) StderrLine: {'line': b'      abs_idl_file = convert_to_idl(\n'}
[0.551981] (robo_clase22) StderrLine: {'line': b'    File "/opt/ros/humble/local/lib/python3.10/dist-packages/rosidl_adapter/__init__.py", line 29, in convert_to_idl\n'}
[0.552049] (robo_clase22) StderrLine: {'line': b'      return convert_action_to_idl(\n'}
[0.552118] (robo_clase22) StderrLine: {'line': b'    File "/opt/ros/humble/local/lib/python3.10/dist-packages/rosidl_adapter/action/__init__.py", line 28, in convert_action_to_idl\n'}
[0.552190] (robo_clase22) StderrLine: {'line': b'      action = parse_action_string(package_name, input_file.stem, content)\n'}
[0.552260] (robo_clase22) StderrLine: {'line': b'    File "/opt/ros/humble/local/lib/python3.10/dist-packages/rosidl_adapter/parser.py", line 902, in parse_action_string\n'}
[0.552330] (robo_clase22) StderrLine: {'line': b'      goal_message = parse_message_string(\n'}
[0.552399] (robo_clase22) StderrLine: {'line': b'    File "/opt/ros/humble/local/lib/python3.10/dist-packages/rosidl_adapter/parser.py", line 520, in parse_message_string\n'}
[0.552514] (robo_clase22) StderrLine: {'line': b'      Type(type_string, context_package_name=pkg_name),\n'}
[0.552584] (robo_clase22) StderrLine: {'line': b'    File "/opt/ros/humble/local/lib/python3.10/dist-packages/rosidl_adapter/parser.py", line 277, in __init__\n'}
[0.552653] (robo_clase22) StderrLine: {'line': b'      super(Type, self).__init__(\n'}
[0.552722] (robo_clase22) StderrLine: {'line': b'    File "/opt/ros/humble/local/lib/python3.10/dist-packages/rosidl_adapter/parser.py", line 205, in __init__\n'}
[0.552791] (robo_clase22) StderrLine: {'line': b'      raise InvalidResourceName(\n'}
[0.552858] (robo_clase22) StderrLine: {'line': b'\n'}
[0.552925] (robo_clase22) StderrLine: {'line': b"  rosidl_adapter.parser.InvalidResourceName: 'float' is an invalid message\n"}
[0.552990] (robo_clase22) StderrLine: {'line': b"  name.  It should have the pattern '^[A-Z][A-Za-z0-9]*$'\n"}
[0.553070] (robo_clase22) StderrLine: {'line': b'\n'}
[0.553179] (robo_clase22) StderrLine: {'line': b'Call Stack (most recent call first):\n'}
[0.553248] (robo_clase22) StderrLine: {'line': b'  /opt/ros/humble/share/rosidl_cmake/cmake/rosidl_generate_interfaces.cmake:130 (rosidl_adapt_interfaces)\n'}
[0.553330] (robo_clase22) StderrLine: {'line': b'  CMakeLists.txt:16 (rosidl_generate_interfaces)\n'}
[0.553400] (robo_clase22) StderrLine: {'line': b'\n'}
[0.553480] (robo_clase22) StderrLine: {'line': b'\x1b[0m\n'}
[0.553546] (robo_clase22) StdoutLine: {'line': b'-- Configuring incomplete, errors occurred!\n'}
[0.553645] (robo_clase22) StdoutLine: {'line': b'See also "/home/thiago/workspaces/ros2_py_ws/build/robo_clase22/CMakeFiles/CMakeOutput.log".\n'}
[0.555298] (robo_clase22) StderrLine: {'line': b'gmake: *** [Makefile:991: cmake_check_build_system] Error 1\n'}
[0.556617] (robo_clase22) CommandEnded: {'returncode': 2}
[0.600989] (-) TimerEvent: {}
[0.605659] (robo_clase22) JobEnded: {'identifier': 'robo_clase22', 'rc': 2}
[0.616250] (-) EventReactorShutdown: {}
