[0.015s] Invoking command in '/home/thiago/workspaces/ros2_py_ws/build/robo_clase22': CMAKE_PREFIX_PATH=/opt/ros/humble /usr/bin/cmake /home/thiago/workspaces/ros2_py_ws/src/robo_clase22 -DAMENT_CMAKE_SYMLINK_INSTALL=1 -DCMAKE_INSTALL_PREFIX=/home/thiago/workspaces/ros2_py_ws/install/robo_clase22
[0.058s] -- The C compiler identification is GNU 11.3.0
[0.093s] -- The CXX compiler identification is GNU 11.3.0
[0.097s] -- Detecting C compiler ABI info
[0.142s] -- Detecting C compiler ABI info - done
[0.147s] -- Check for working C compiler: /usr/bin/cc - skipped
[0.148s] -- Detecting C compile features
[0.148s] -- Detecting C compile features - done
[0.150s] -- Detecting CXX compiler ABI info
[0.197s] -- Detecting CXX compiler ABI info - done
[0.203s] -- Check for working CXX compiler: /usr/bin/c++ - skipped
[0.203s] -- Detecting CXX compile features
[0.203s] -- Detecting CXX compile features - done
[0.205s] -- Found ament_cmake: 1.3.3 (/opt/ros/humble/share/ament_cmake/cmake)
[0.324s] -- Found Python3: /usr/bin/python3.10 (found version "3.10.6") found components: Interpreter 
[0.366s] -- Override CMake install command with custom implementation using symlinks instead of copying resources
[0.386s] -- Found rclpy: 3.3.7 (/opt/ros/humble/share/rclpy/cmake)
[0.445s] [31mCMake Error at /opt/ros/humble/share/ament_cmake_core/cmake/core/ament_package_xml.cmake:53 (message):
[0.445s]   ament_package_xml() package name 'robo_clase22' in '/package.xml' does not
[0.445s]   match current PROJECT_NAME 'udemy_ros2_pkg'.  You must call project() with
[0.445s]   the same package name before.
[0.445s] Call Stack (most recent call first):
[0.445s]   /opt/ros/humble/share/ament_cmake_python/cmake/ament_python_install_package.cmake:60 (ament_package_xml)
[0.445s]   /opt/ros/humble/share/ament_cmake_python/cmake/ament_python_install_package.cmake:39 (_ament_cmake_python_install_package)
[0.445s]   CMakeLists.txt:13 (ament_python_install_package)
[0.446s] 
[0.446s] [0m
[0.446s] -- Configuring incomplete, errors occurred!
[0.446s] See also "/home/thiago/workspaces/ros2_py_ws/build/robo_clase22/CMakeFiles/CMakeOutput.log".
[0.449s] Invoked command in '/home/thiago/workspaces/ros2_py_ws/build/robo_clase22' returned '1': CMAKE_PREFIX_PATH=/opt/ros/humble /usr/bin/cmake /home/thiago/workspaces/ros2_py_ws/src/robo_clase22 -DAMENT_CMAKE_SYMLINK_INSTALL=1 -DCMAKE_INSTALL_PREFIX=/home/thiago/workspaces/ros2_py_ws/install/robo_clase22
