[0.012s] Invoking command in '/home/thiago/workspaces/ros2_py_ws/build/robo_clase22': CMAKE_PREFIX_PATH=/opt/ros/humble /usr/bin/cmake /home/thiago/workspaces/ros2_py_ws/src/robo_clase22 -DAMENT_CMAKE_SYMLINK_INSTALL=1 -DCMAKE_INSTALL_PREFIX=/home/thiago/workspaces/ros2_py_ws/install/robo_clase22
[0.022s] -- Found ament_cmake: 1.3.3 (/opt/ros/humble/share/ament_cmake/cmake)
[0.132s] -- Override CMake install command with custom implementation using symlinks instead of copying resources
[0.137s] -- Found rclpy: 3.3.7 (/opt/ros/humble/share/rclpy/cmake)
[0.137s] -- Found rosidl_default_generators: 1.2.0 (/opt/ros/humble/share/rosidl_default_generators/cmake)
[0.138s] -- Using all available rosidl_typesupport_c: rosidl_typesupport_fastrtps_c;rosidl_typesupport_introspection_c
[0.139s] -- Found rosidl_adapter: 3.1.4 (/opt/ros/humble/share/rosidl_adapter/cmake)
[0.161s] -- Using all available rosidl_typesupport_cpp: rosidl_typesupport_fastrtps_cpp;rosidl_typesupport_introspection_cpp
[0.182s] [31mCMake Error at /opt/ros/humble/share/rosidl_cmake/cmake/rosidl_generate_interfaces.cmake:80 (message):
[0.182s]   rosidl_generate_interfaces() the passed absolute file
[0.182s]   '/home/thiago/workspaces/ros2_py_ws/src/robo_clase22/srv/OddEvenCheck.srv'
[0.182s]   must be represented as an absolute base path separated by a colon from the
[0.182s]   relative path to the interface file
[0.182s] Call Stack (most recent call first):
[0.182s]   CMakeLists.txt:14 (rosidl_generate_interfaces)
[0.182s] 
[0.182s] [0m
[0.182s] -- Configuring incomplete, errors occurred!
[0.182s] See also "/home/thiago/workspaces/ros2_py_ws/build/robo_clase22/CMakeFiles/CMakeOutput.log".
[0.185s] Invoked command in '/home/thiago/workspaces/ros2_py_ws/build/robo_clase22' returned '1': CMAKE_PREFIX_PATH=/opt/ros/humble /usr/bin/cmake /home/thiago/workspaces/ros2_py_ws/src/robo_clase22 -DAMENT_CMAKE_SYMLINK_INSTALL=1 -DCMAKE_INSTALL_PREFIX=/home/thiago/workspaces/ros2_py_ws/install/robo_clase22
