-- Found ament_cmake: 1.3.3 (/opt/ros/humble/share/ament_cmake/cmake)
-- Override CMake install command with custom implementation using symlinks instead of copying resources
-- Found cv_bridge: 3.2.1 (/opt/ros/humble/share/cv_bridge/cmake)
-- Found rosidl_generator_c: 3.1.4 (/opt/ros/humble/share/rosidl_generator_c/cmake)
-- Found rosidl_adapter: 3.1.4 (/opt/ros/humble/share/rosidl_adapter/cmake)
-- Found rosidl_generator_cpp: 3.1.4 (/opt/ros/humble/share/rosidl_generator_cpp/cmake)
-- Using all available rosidl_typesupport_c: rosidl_typesupport_fastrtps_c;rosidl_typesupport_introspection_c
-- Using all available rosidl_typesupport_cpp: rosidl_typesupport_fastrtps_cpp;rosidl_typesupport_introspection_cpp
-- Found rosidl_default_generators: 1.2.0 (/opt/ros/humble/share/rosidl_default_generators/cmake)
-- Found ament_cmake_ros: 0.10.0 (/opt/ros/humble/share/ament_cmake_ros/cmake)
-- Using all available rosidl_typesupport_c: rosidl_typesupport_fastrtps_c;rosidl_typesupport_introspection_c
-- Using all available rosidl_typesupport_cpp: rosidl_typesupport_fastrtps_cpp;rosidl_typesupport_introspection_cpp
-- Found python_cmake_module: 0.10.0 (/opt/ros/humble/share/python_cmake_module/cmake)
-- Using PYTHON_EXECUTABLE: /usr/bin/python3
-- Using PYTHON_INCLUDE_DIRS: /usr/include/python3.10
-- Using PYTHON_LIBRARIES: /usr/lib/x86_64-linux-gnu/libpython3.10.so
-- Found ament_lint_auto: 0.12.5 (/opt/ros/humble/share/ament_lint_auto/cmake)
-- Added test 'flake8' to check Python code syntax and style conventions
-- Added test 'lint_cmake' to check CMake code style
-- Added test 'pep257' to check Python code against some of the docstring style conventions in PEP 257
-- Added test 'xmllint' to check XML markup files
-- Configuring done
-- Generating done
-- Build files have been written to: /home/thiago/workspaces/ros2_py_ws/build/robo_clase22
[  2%] [34m[1mGenerating C code for ROS interfaces[0m
[  5%] [34m[1mGenerating C++ code for ROS interfaces[0m
[  5%] Built target ament_cmake_python_symlink_robo_clase22
[  5%] Built target ament_cmake_python_symlink_scripts
running egg_info
running egg_info
writing robo_clase22.egg-info/PKG-INFO
writing dependency_links to robo_clase22.egg-info/dependency_links.txt
writing top-level names to robo_clase22.egg-info/top_level.txt
writing scripts.egg-info/PKG-INFO
writing dependency_links to scripts.egg-info/dependency_links.txt
writing top-level names to scripts.egg-info/top_level.txt
reading manifest file 'robo_clase22.egg-info/SOURCES.txt'
reading manifest file 'scripts.egg-info/SOURCES.txt'
writing manifest file 'robo_clase22.egg-info/SOURCES.txt'
writing manifest file 'scripts.egg-info/SOURCES.txt'
[  5%] Built target ament_cmake_python_build_robo_clase22_egg
[  5%] Built target ament_cmake_python_build_scripts_egg
[35m[1mConsolidate compiler generated dependencies of target robo_clase22__rosidl_generator_c[0m
[ 10%] [32mBuilding C object CMakeFiles/robo_clase22__rosidl_generator_c.dir/rosidl_generator_c/robo_clase22/action/detail/navigate__functions.c.o[0m
[ 10%] [32mBuilding C object CMakeFiles/robo_clase22__rosidl_generator_c.dir/rosidl_generator_c/robo_clase22/srv/detail/odd_even_check__functions.c.o[0m
[ 10%] Built target robo_clase22__cpp
[ 17%] [34m[1mGenerating C++ type support dispatch for ROS interfaces[0m
[ 17%] [34m[1mGenerating C++ introspection for ROS interfaces[0m
[ 17%] [34m[1mGenerating C++ type support for eProsima Fast-RTPS[0m
[35m[1mConsolidate compiler generated dependencies of target robo_clase22__rosidl_typesupport_cpp[0m
[ 20%] [32mBuilding CXX object CMakeFiles/robo_clase22__rosidl_typesupport_cpp.dir/rosidl_typesupport_cpp/robo_clase22/action/navigate__type_support.cpp.o[0m
[ 23%] [32mBuilding CXX object CMakeFiles/robo_clase22__rosidl_typesupport_cpp.dir/rosidl_typesupport_cpp/robo_clase22/srv/odd_even_check__type_support.cpp.o[0m
[35m[1mConsolidate compiler generated dependencies of target robo_clase22__rosidl_typesupport_introspection_cpp[0m
[ 28%] [32mBuilding CXX object CMakeFiles/robo_clase22__rosidl_typesupport_introspection_cpp.dir/rosidl_typesupport_introspection_cpp/robo_clase22/action/detail/navigate__type_support.cpp.o[0m
[ 28%] [32mBuilding CXX object CMakeFiles/robo_clase22__rosidl_typesupport_introspection_cpp.dir/rosidl_typesupport_introspection_cpp/robo_clase22/srv/detail/odd_even_check__type_support.cpp.o[0m
[35m[1mConsolidate compiler generated dependencies of target robo_clase22__rosidl_typesupport_fastrtps_cpp[0m
[ 33%] [32mBuilding CXX object CMakeFiles/robo_clase22__rosidl_typesupport_fastrtps_cpp.dir/rosidl_typesupport_fastrtps_cpp/robo_clase22/action/detail/dds_fastrtps/navigate__type_support.cpp.o[0m
[ 33%] [32mBuilding CXX object CMakeFiles/robo_clase22__rosidl_typesupport_fastrtps_cpp.dir/rosidl_typesupport_fastrtps_cpp/robo_clase22/srv/detail/dds_fastrtps/odd_even_check__type_support.cpp.o[0m
