[0.000000] (-) TimerEvent: {}
[0.000407] (robo_clase22) JobQueued: {'identifier': 'robo_clase22', 'dependencies': OrderedDict()}
[0.000437] (udemy_ros2_pkg) JobQueued: {'identifier': 'udemy_ros2_pkg', 'dependencies': OrderedDict()}
[0.000455] (robo_clase22) JobStarted: {'identifier': 'robo_clase22'}
[0.006718] (udemy_ros2_pkg) JobStarted: {'identifier': 'udemy_ros2_pkg'}
[0.009811] (robo_clase22) JobProgress: {'identifier': 'robo_clase22', 'progress': 'cmake'}
[0.010198] (robo_clase22) JobProgress: {'identifier': 'robo_clase22', 'progress': 'build'}
[0.010796] (robo_clase22) Command: {'cmd': ['/usr/bin/cmake', '--build', '/home/thiago/workspaces/ros2_py_ws/build/robo_clase22', '--', '-j12', '-l12'], 'cwd': '/home/thiago/workspaces/ros2_py_ws/build/robo_clase22', 'env': OrderedDict([('GJS_DEBUG_TOPICS', 'JS ERROR;JS LOG'), ('LESSOPEN', '| /usr/bin/lesspipe %s'), ('USER', 'thiago'), ('LC_TIME', 'es_AR.UTF-8'), ('GIO_MODULE_DIR', '/home/thiago/snap/code/common/.cache/gio-modules'), ('XDG_SESSION_TYPE', 'wayland'), ('SHLVL', '1'), ('LD_LIBRARY_PATH', '/opt/ros/humble/opt/rviz_ogre_vendor/lib:/opt/ros/humble/lib/x86_64-linux-gnu:/opt/ros/humble/lib'), ('HOME', '/home/thiago'), ('CHROME_DESKTOP', 'code-url-handler.desktop'), ('TERM_PROGRAM_VERSION', '1.77.3'), ('DESKTOP_SESSION', 'ubuntu'), ('GTK_PATH', '/snap/code/126/usr/lib/x86_64-linux-gnu/gtk-3.0'), ('GTK_IM_MODULE_FILE', '/home/thiago/snap/code/common/.cache/immodules/immodules.cache'), ('GIO_LAUNCHED_DESKTOP_FILE', '/var/lib/snapd/desktop/applications/code_code.desktop'), ('ROS_PYTHON_VERSION', '3'), ('GNOME_SHELL_SESSION_MODE', 'ubuntu'), ('GTK_MODULES', 'gail:atk-bridge'), ('LC_MONETARY', 'es_AR.UTF-8'), ('MANAGERPID', '1552'), ('SYSTEMD_EXEC_PID', '1776'), ('IM_CONFIG_CHECK_ENV', '1'), ('DBUS_SESSION_BUS_ADDRESS', 'unix:path=/run/user/1000/bus'), ('COLORTERM', 'truecolor'), ('GIO_LAUNCHED_DESKTOP_FILE_PID', '26060'), ('IM_CONFIG_PHASE', '1'), ('WAYLAND_DISPLAY', 'wayland-0'), ('ROS_DISTRO', 'humble'), ('LOGNAME', 'thiago'), ('JOURNAL_STREAM', '8:39035'), ('_', '/usr/bin/colcon'), ('ROS_VERSION', '2'), ('XDG_SESSION_CLASS', 'user'), ('USERNAME', 'thiago'), ('TERM', 'xterm-256color'), ('GNOME_DESKTOP_SESSION_ID', 'this-is-deprecated'), ('ROS_LOCALHOST_ONLY', '0'), ('PATH', '/opt/ros/humble/bin:/usr/local/sbin:/usr/local/bin:/usr/sbin:/usr/bin:/sbin:/bin:/usr/games:/usr/local/games:/snap/bin:/snap/bin'), ('SESSION_MANAGER', 'local/thiago-ubuntu:@/tmp/.ICE-unix/1753,unix/thiago-ubuntu:/tmp/.ICE-unix/1753'), ('GTK_EXE_PREFIX', '/snap/code/126/usr'), ('INVOCATION_ID', 'a2b503e830a248fe916122ad9e6ce180'), ('XDG_MENU_PREFIX', 'gnome-'), ('LC_ADDRESS', 'es_AR.UTF-8'), ('BAMF_DESKTOP_FILE_HINT', '/var/lib/snapd/desktop/applications/code_code.desktop'), ('GNOME_SETUP_DISPLAY', ':1'), ('XDG_RUNTIME_DIR', '/run/user/1000'), ('GDK_BACKEND', 'x11'), ('DISPLAY', ':0'), ('LOCPATH', '/snap/code/126/usr/lib/locale'), ('LANG', 'en_US.UTF-8'), ('XDG_CURRENT_DESKTOP', 'Unity'), ('LC_TELEPHONE', 'es_AR.UTF-8'), ('XMODIFIERS', '@im=ibus'), ('XDG_SESSION_DESKTOP', 'ubuntu'), ('XAUTHORITY', '/run/user/1000/.mutter-Xwaylandauth.WNI321'), ('LS_COLORS', ''), ('TERM_PROGRAM', 'vscode'), ('SSH_AGENT_LAUNCHER', 'gnome-keyring'), ('SSH_AUTH_SOCK', '/run/user/1000/keyring/ssh'), ('GSETTINGS_SCHEMA_DIR', '/home/thiago/snap/code/126/.local/share/glib-2.0/schemas'), ('AMENT_PREFIX_PATH', '/opt/ros/humble'), ('ORIGINAL_XDG_CURRENT_DESKTOP', 'ubuntu:GNOME'), ('SHELL', '/bin/bash'), ('LC_NAME', 'es_AR.UTF-8'), ('QT_ACCESSIBILITY', '1'), ('GDMSESSION', 'ubuntu'), ('LESSCLOSE', '/usr/bin/lesspipe %s %s'), ('LC_MEASUREMENT', 'es_AR.UTF-8'), ('GJS_DEBUG_OUTPUT', 'stderr'), ('LC_IDENTIFICATION', 'es_AR.UTF-8'), ('QT_IM_MODULE', 'ibus'), ('PWD', '/home/thiago/workspaces/ros2_py_ws/build/robo_clase22'), ('LC_ALL', 'en_US.UTF-8'), ('XDG_CONFIG_DIRS', '/etc/xdg/xdg-ubuntu:/etc/xdg'), ('XDG_DATA_DIRS', '/home/thiago/snap/code/126/.local/share:/home/thiago/snap/code/126:/snap/code/126/usr/share:/usr/share/ubuntu:/usr/local/share/:/usr/share/:/var/lib/snapd/desktop'), ('PYTHONPATH', '/opt/ros/humble/lib/python3.10/site-packages:/opt/ros/humble/local/lib/python3.10/dist-packages'), ('LC_NUMERIC', 'es_AR.UTF-8'), ('LC_PAPER', 'es_AR.UTF-8'), ('GTK_USE_PORTAL', '1'), ('COLCON', '1'), ('CMAKE_PREFIX_PATH', '/opt/ros/humble')]), 'shell': False}
[0.019247] (udemy_ros2_pkg) JobProgress: {'identifier': 'udemy_ros2_pkg', 'progress': 'cmake'}
[0.019710] (udemy_ros2_pkg) JobProgress: {'identifier': 'udemy_ros2_pkg', 'progress': 'build'}
[0.020283] (udemy_ros2_pkg) Command: {'cmd': ['/usr/bin/cmake', '--build', '/home/thiago/workspaces/ros2_py_ws/build/udemy_ros2_pkg', '--', '-j12', '-l12'], 'cwd': '/home/thiago/workspaces/ros2_py_ws/build/udemy_ros2_pkg', 'env': OrderedDict([('GJS_DEBUG_TOPICS', 'JS ERROR;JS LOG'), ('LESSOPEN', '| /usr/bin/lesspipe %s'), ('USER', 'thiago'), ('LC_TIME', 'es_AR.UTF-8'), ('GIO_MODULE_DIR', '/home/thiago/snap/code/common/.cache/gio-modules'), ('XDG_SESSION_TYPE', 'wayland'), ('SHLVL', '1'), ('LD_LIBRARY_PATH', '/opt/ros/humble/opt/rviz_ogre_vendor/lib:/opt/ros/humble/lib/x86_64-linux-gnu:/opt/ros/humble/lib'), ('HOME', '/home/thiago'), ('CHROME_DESKTOP', 'code-url-handler.desktop'), ('TERM_PROGRAM_VERSION', '1.77.3'), ('DESKTOP_SESSION', 'ubuntu'), ('GTK_PATH', '/snap/code/126/usr/lib/x86_64-linux-gnu/gtk-3.0'), ('GTK_IM_MODULE_FILE', '/home/thiago/snap/code/common/.cache/immodules/immodules.cache'), ('GIO_LAUNCHED_DESKTOP_FILE', '/var/lib/snapd/desktop/applications/code_code.desktop'), ('ROS_PYTHON_VERSION', '3'), ('GNOME_SHELL_SESSION_MODE', 'ubuntu'), ('GTK_MODULES', 'gail:atk-bridge'), ('LC_MONETARY', 'es_AR.UTF-8'), ('MANAGERPID', '1552'), ('SYSTEMD_EXEC_PID', '1776'), ('IM_CONFIG_CHECK_ENV', '1'), ('DBUS_SESSION_BUS_ADDRESS', 'unix:path=/run/user/1000/bus'), ('COLORTERM', 'truecolor'), ('GIO_LAUNCHED_DESKTOP_FILE_PID', '26060'), ('IM_CONFIG_PHASE', '1'), ('WAYLAND_DISPLAY', 'wayland-0'), ('ROS_DISTRO', 'humble'), ('LOGNAME', 'thiago'), ('JOURNAL_STREAM', '8:39035'), ('_', '/usr/bin/colcon'), ('ROS_VERSION', '2'), ('XDG_SESSION_CLASS', 'user'), ('USERNAME', 'thiago'), ('TERM', 'xterm-256color'), ('GNOME_DESKTOP_SESSION_ID', 'this-is-deprecated'), ('ROS_LOCALHOST_ONLY', '0'), ('PATH', '/opt/ros/humble/bin:/usr/local/sbin:/usr/local/bin:/usr/sbin:/usr/bin:/sbin:/bin:/usr/games:/usr/local/games:/snap/bin:/snap/bin'), ('SESSION_MANAGER', 'local/thiago-ubuntu:@/tmp/.ICE-unix/1753,unix/thiago-ubuntu:/tmp/.ICE-unix/1753'), ('GTK_EXE_PREFIX', '/snap/code/126/usr'), ('INVOCATION_ID', 'a2b503e830a248fe916122ad9e6ce180'), ('XDG_MENU_PREFIX', 'gnome-'), ('LC_ADDRESS', 'es_AR.UTF-8'), ('BAMF_DESKTOP_FILE_HINT', '/var/lib/snapd/desktop/applications/code_code.desktop'), ('GNOME_SETUP_DISPLAY', ':1'), ('XDG_RUNTIME_DIR', '/run/user/1000'), ('GDK_BACKEND', 'x11'), ('DISPLAY', ':0'), ('LOCPATH', '/snap/code/126/usr/lib/locale'), ('LANG', 'en_US.UTF-8'), ('XDG_CURRENT_DESKTOP', 'Unity'), ('LC_TELEPHONE', 'es_AR.UTF-8'), ('XMODIFIERS', '@im=ibus'), ('XDG_SESSION_DESKTOP', 'ubuntu'), ('XAUTHORITY', '/run/user/1000/.mutter-Xwaylandauth.WNI321'), ('LS_COLORS', ''), ('TERM_PROGRAM', 'vscode'), ('SSH_AGENT_LAUNCHER', 'gnome-keyring'), ('SSH_AUTH_SOCK', '/run/user/1000/keyring/ssh'), ('GSETTINGS_SCHEMA_DIR', '/home/thiago/snap/code/126/.local/share/glib-2.0/schemas'), ('AMENT_PREFIX_PATH', '/opt/ros/humble'), ('ORIGINAL_XDG_CURRENT_DESKTOP', 'ubuntu:GNOME'), ('SHELL', '/bin/bash'), ('LC_NAME', 'es_AR.UTF-8'), ('QT_ACCESSIBILITY', '1'), ('GDMSESSION', 'ubuntu'), ('LESSCLOSE', '/usr/bin/lesspipe %s %s'), ('LC_MEASUREMENT', 'es_AR.UTF-8'), ('GJS_DEBUG_OUTPUT', 'stderr'), ('LC_IDENTIFICATION', 'es_AR.UTF-8'), ('QT_IM_MODULE', 'ibus'), ('PWD', '/home/thiago/workspaces/ros2_py_ws/build/udemy_ros2_pkg'), ('LC_ALL', 'en_US.UTF-8'), ('XDG_CONFIG_DIRS', '/etc/xdg/xdg-ubuntu:/etc/xdg'), ('XDG_DATA_DIRS', '/home/thiago/snap/code/126/.local/share:/home/thiago/snap/code/126:/snap/code/126/usr/share:/usr/share/ubuntu:/usr/local/share/:/usr/share/:/var/lib/snapd/desktop'), ('PYTHONPATH', '/opt/ros/humble/lib/python3.10/site-packages:/opt/ros/humble/local/lib/python3.10/dist-packages'), ('LC_NUMERIC', 'es_AR.UTF-8'), ('LC_PAPER', 'es_AR.UTF-8'), ('GTK_USE_PORTAL', '1'), ('COLCON', '1'), ('CMAKE_PREFIX_PATH', '/opt/ros/humble')]), 'shell': False}
[0.051091] (robo_clase22) StdoutLine: {'line': b'Built target ament_cmake_python_symlink_scripts\n'}
[0.055795] (udemy_ros2_pkg) StdoutLine: {'line': b'Built target ament_cmake_python_symlink_scripts\n'}
[0.099171] (-) TimerEvent: {}
[0.199441] (-) TimerEvent: {}
[0.213922] (robo_clase22) StdoutLine: {'line': b'running egg_info\n'}
[0.214606] (robo_clase22) StdoutLine: {'line': b'writing scripts.egg-info/PKG-INFO\n'}
[0.214795] (robo_clase22) StdoutLine: {'line': b'writing dependency_links to scripts.egg-info/dependency_links.txt\n'}
[0.214955] (robo_clase22) StdoutLine: {'line': b'writing top-level names to scripts.egg-info/top_level.txt\n'}
[0.216790] (robo_clase22) StdoutLine: {'line': b"reading manifest file 'scripts.egg-info/SOURCES.txt'\n"}
[0.217302] (robo_clase22) StdoutLine: {'line': b"writing manifest file 'scripts.egg-info/SOURCES.txt'\n"}
[0.219532] (udemy_ros2_pkg) StdoutLine: {'line': b'running egg_info\n'}
[0.220189] (udemy_ros2_pkg) StdoutLine: {'line': b'writing scripts.egg-info/PKG-INFO\n'}
[0.220365] (udemy_ros2_pkg) StdoutLine: {'line': b'writing dependency_links to scripts.egg-info/dependency_links.txt\n'}
[0.220575] (udemy_ros2_pkg) StdoutLine: {'line': b'writing top-level names to scripts.egg-info/top_level.txt\n'}
[0.222006] (udemy_ros2_pkg) StdoutLine: {'line': b"reading manifest file 'scripts.egg-info/SOURCES.txt'\n"}
[0.222468] (udemy_ros2_pkg) StdoutLine: {'line': b"writing manifest file 'scripts.egg-info/SOURCES.txt'\n"}
[0.240926] (robo_clase22) StdoutLine: {'line': b'Built target ament_cmake_python_build_scripts_egg\n'}
[0.244750] (udemy_ros2_pkg) StdoutLine: {'line': b'Built target ament_cmake_python_build_scripts_egg\n'}
[0.246406] (robo_clase22) CommandEnded: {'returncode': 0}
[0.250684] (udemy_ros2_pkg) CommandEnded: {'returncode': 0}
[0.258380] (robo_clase22) JobProgress: {'identifier': 'robo_clase22', 'progress': 'install'}
[0.263253] (robo_clase22) Command: {'cmd': ['/usr/bin/cmake', '--install', '/home/thiago/workspaces/ros2_py_ws/build/robo_clase22'], 'cwd': '/home/thiago/workspaces/ros2_py_ws/build/robo_clase22', 'env': OrderedDict([('GJS_DEBUG_TOPICS', 'JS ERROR;JS LOG'), ('LESSOPEN', '| /usr/bin/lesspipe %s'), ('USER', 'thiago'), ('LC_TIME', 'es_AR.UTF-8'), ('GIO_MODULE_DIR', '/home/thiago/snap/code/common/.cache/gio-modules'), ('XDG_SESSION_TYPE', 'wayland'), ('SHLVL', '1'), ('LD_LIBRARY_PATH', '/opt/ros/humble/opt/rviz_ogre_vendor/lib:/opt/ros/humble/lib/x86_64-linux-gnu:/opt/ros/humble/lib'), ('HOME', '/home/thiago'), ('CHROME_DESKTOP', 'code-url-handler.desktop'), ('TERM_PROGRAM_VERSION', '1.77.3'), ('DESKTOP_SESSION', 'ubuntu'), ('GTK_PATH', '/snap/code/126/usr/lib/x86_64-linux-gnu/gtk-3.0'), ('GTK_IM_MODULE_FILE', '/home/thiago/snap/code/common/.cache/immodules/immodules.cache'), ('GIO_LAUNCHED_DESKTOP_FILE', '/var/lib/snapd/desktop/applications/code_code.desktop'), ('ROS_PYTHON_VERSION', '3'), ('GNOME_SHELL_SESSION_MODE', 'ubuntu'), ('GTK_MODULES', 'gail:atk-bridge'), ('LC_MONETARY', 'es_AR.UTF-8'), ('MANAGERPID', '1552'), ('SYSTEMD_EXEC_PID', '1776'), ('IM_CONFIG_CHECK_ENV', '1'), ('DBUS_SESSION_BUS_ADDRESS', 'unix:path=/run/user/1000/bus'), ('COLORTERM', 'truecolor'), ('GIO_LAUNCHED_DESKTOP_FILE_PID', '26060'), ('IM_CONFIG_PHASE', '1'), ('WAYLAND_DISPLAY', 'wayland-0'), ('ROS_DISTRO', 'humble'), ('LOGNAME', 'thiago'), ('JOURNAL_STREAM', '8:39035'), ('_', '/usr/bin/colcon'), ('ROS_VERSION', '2'), ('XDG_SESSION_CLASS', 'user'), ('USERNAME', 'thiago'), ('TERM', 'xterm-256color'), ('GNOME_DESKTOP_SESSION_ID', 'this-is-deprecated'), ('ROS_LOCALHOST_ONLY', '0'), ('PATH', '/opt/ros/humble/bin:/usr/local/sbin:/usr/local/bin:/usr/sbin:/usr/bin:/sbin:/bin:/usr/games:/usr/local/games:/snap/bin:/snap/bin'), ('SESSION_MANAGER', 'local/thiago-ubuntu:@/tmp/.ICE-unix/1753,unix/thiago-ubuntu:/tmp/.ICE-unix/1753'), ('GTK_EXE_PREFIX', '/snap/code/126/usr'), ('INVOCATION_ID', 'a2b503e830a248fe916122ad9e6ce180'), ('XDG_MENU_PREFIX', 'gnome-'), ('LC_ADDRESS', 'es_AR.UTF-8'), ('BAMF_DESKTOP_FILE_HINT', '/var/lib/snapd/desktop/applications/code_code.desktop'), ('GNOME_SETUP_DISPLAY', ':1'), ('XDG_RUNTIME_DIR', '/run/user/1000'), ('GDK_BACKEND', 'x11'), ('DISPLAY', ':0'), ('LOCPATH', '/snap/code/126/usr/lib/locale'), ('LANG', 'en_US.UTF-8'), ('XDG_CURRENT_DESKTOP', 'Unity'), ('LC_TELEPHONE', 'es_AR.UTF-8'), ('XMODIFIERS', '@im=ibus'), ('XDG_SESSION_DESKTOP', 'ubuntu'), ('XAUTHORITY', '/run/user/1000/.mutter-Xwaylandauth.WNI321'), ('LS_COLORS', ''), ('TERM_PROGRAM', 'vscode'), ('SSH_AGENT_LAUNCHER', 'gnome-keyring'), ('SSH_AUTH_SOCK', '/run/user/1000/keyring/ssh'), ('GSETTINGS_SCHEMA_DIR', '/home/thiago/snap/code/126/.local/share/glib-2.0/schemas'), ('AMENT_PREFIX_PATH', '/opt/ros/humble'), ('ORIGINAL_XDG_CURRENT_DESKTOP', 'ubuntu:GNOME'), ('SHELL', '/bin/bash'), ('LC_NAME', 'es_AR.UTF-8'), ('QT_ACCESSIBILITY', '1'), ('GDMSESSION', 'ubuntu'), ('LESSCLOSE', '/usr/bin/lesspipe %s %s'), ('LC_MEASUREMENT', 'es_AR.UTF-8'), ('GJS_DEBUG_OUTPUT', 'stderr'), ('LC_IDENTIFICATION', 'es_AR.UTF-8'), ('QT_IM_MODULE', 'ibus'), ('PWD', '/home/thiago/workspaces/ros2_py_ws/build/robo_clase22'), ('LC_ALL', 'en_US.UTF-8'), ('XDG_CONFIG_DIRS', '/etc/xdg/xdg-ubuntu:/etc/xdg'), ('XDG_DATA_DIRS', '/home/thiago/snap/code/126/.local/share:/home/thiago/snap/code/126:/snap/code/126/usr/share:/usr/share/ubuntu:/usr/local/share/:/usr/share/:/var/lib/snapd/desktop'), ('PYTHONPATH', '/opt/ros/humble/lib/python3.10/site-packages:/opt/ros/humble/local/lib/python3.10/dist-packages'), ('LC_NUMERIC', 'es_AR.UTF-8'), ('LC_PAPER', 'es_AR.UTF-8'), ('GTK_USE_PORTAL', '1'), ('COLCON', '1'), ('CMAKE_PREFIX_PATH', '/opt/ros/humble')]), 'shell': False}
[0.264680] (udemy_ros2_pkg) JobProgress: {'identifier': 'udemy_ros2_pkg', 'progress': 'install'}
[0.264944] (udemy_ros2_pkg) Command: {'cmd': ['/usr/bin/cmake', '--install', '/home/thiago/workspaces/ros2_py_ws/build/udemy_ros2_pkg'], 'cwd': '/home/thiago/workspaces/ros2_py_ws/build/udemy_ros2_pkg', 'env': OrderedDict([('GJS_DEBUG_TOPICS', 'JS ERROR;JS LOG'), ('LESSOPEN', '| /usr/bin/lesspipe %s'), ('USER', 'thiago'), ('LC_TIME', 'es_AR.UTF-8'), ('GIO_MODULE_DIR', '/home/thiago/snap/code/common/.cache/gio-modules'), ('XDG_SESSION_TYPE', 'wayland'), ('SHLVL', '1'), ('LD_LIBRARY_PATH', '/opt/ros/humble/opt/rviz_ogre_vendor/lib:/opt/ros/humble/lib/x86_64-linux-gnu:/opt/ros/humble/lib'), ('HOME', '/home/thiago'), ('CHROME_DESKTOP', 'code-url-handler.desktop'), ('TERM_PROGRAM_VERSION', '1.77.3'), ('DESKTOP_SESSION', 'ubuntu'), ('GTK_PATH', '/snap/code/126/usr/lib/x86_64-linux-gnu/gtk-3.0'), ('GTK_IM_MODULE_FILE', '/home/thiago/snap/code/common/.cache/immodules/immodules.cache'), ('GIO_LAUNCHED_DESKTOP_FILE', '/var/lib/snapd/desktop/applications/code_code.desktop'), ('ROS_PYTHON_VERSION', '3'), ('GNOME_SHELL_SESSION_MODE', 'ubuntu'), ('GTK_MODULES', 'gail:atk-bridge'), ('LC_MONETARY', 'es_AR.UTF-8'), ('MANAGERPID', '1552'), ('SYSTEMD_EXEC_PID', '1776'), ('IM_CONFIG_CHECK_ENV', '1'), ('DBUS_SESSION_BUS_ADDRESS', 'unix:path=/run/user/1000/bus'), ('COLORTERM', 'truecolor'), ('GIO_LAUNCHED_DESKTOP_FILE_PID', '26060'), ('IM_CONFIG_PHASE', '1'), ('WAYLAND_DISPLAY', 'wayland-0'), ('ROS_DISTRO', 'humble'), ('LOGNAME', 'thiago'), ('JOURNAL_STREAM', '8:39035'), ('_', '/usr/bin/colcon'), ('ROS_VERSION', '2'), ('XDG_SESSION_CLASS', 'user'), ('USERNAME', 'thiago'), ('TERM', 'xterm-256color'), ('GNOME_DESKTOP_SESSION_ID', 'this-is-deprecated'), ('ROS_LOCALHOST_ONLY', '0'), ('PATH', '/opt/ros/humble/bin:/usr/local/sbin:/usr/local/bin:/usr/sbin:/usr/bin:/sbin:/bin:/usr/games:/usr/local/games:/snap/bin:/snap/bin'), ('SESSION_MANAGER', 'local/thiago-ubuntu:@/tmp/.ICE-unix/1753,unix/thiago-ubuntu:/tmp/.ICE-unix/1753'), ('GTK_EXE_PREFIX', '/snap/code/126/usr'), ('INVOCATION_ID', 'a2b503e830a248fe916122ad9e6ce180'), ('XDG_MENU_PREFIX', 'gnome-'), ('LC_ADDRESS', 'es_AR.UTF-8'), ('BAMF_DESKTOP_FILE_HINT', '/var/lib/snapd/desktop/applications/code_code.desktop'), ('GNOME_SETUP_DISPLAY', ':1'), ('XDG_RUNTIME_DIR', '/run/user/1000'), ('GDK_BACKEND', 'x11'), ('DISPLAY', ':0'), ('LOCPATH', '/snap/code/126/usr/lib/locale'), ('LANG', 'en_US.UTF-8'), ('XDG_CURRENT_DESKTOP', 'Unity'), ('LC_TELEPHONE', 'es_AR.UTF-8'), ('XMODIFIERS', '@im=ibus'), ('XDG_SESSION_DESKTOP', 'ubuntu'), ('XAUTHORITY', '/run/user/1000/.mutter-Xwaylandauth.WNI321'), ('LS_COLORS', ''), ('TERM_PROGRAM', 'vscode'), ('SSH_AGENT_LAUNCHER', 'gnome-keyring'), ('SSH_AUTH_SOCK', '/run/user/1000/keyring/ssh'), ('GSETTINGS_SCHEMA_DIR', '/home/thiago/snap/code/126/.local/share/glib-2.0/schemas'), ('AMENT_PREFIX_PATH', '/opt/ros/humble'), ('ORIGINAL_XDG_CURRENT_DESKTOP', 'ubuntu:GNOME'), ('SHELL', '/bin/bash'), ('LC_NAME', 'es_AR.UTF-8'), ('QT_ACCESSIBILITY', '1'), ('GDMSESSION', 'ubuntu'), ('LESSCLOSE', '/usr/bin/lesspipe %s %s'), ('LC_MEASUREMENT', 'es_AR.UTF-8'), ('GJS_DEBUG_OUTPUT', 'stderr'), ('LC_IDENTIFICATION', 'es_AR.UTF-8'), ('QT_IM_MODULE', 'ibus'), ('PWD', '/home/thiago/workspaces/ros2_py_ws/build/udemy_ros2_pkg'), ('LC_ALL', 'en_US.UTF-8'), ('XDG_CONFIG_DIRS', '/etc/xdg/xdg-ubuntu:/etc/xdg'), ('XDG_DATA_DIRS', '/home/thiago/snap/code/126/.local/share:/home/thiago/snap/code/126:/snap/code/126/usr/share:/usr/share/ubuntu:/usr/local/share/:/usr/share/:/var/lib/snapd/desktop'), ('PYTHONPATH', '/opt/ros/humble/lib/python3.10/site-packages:/opt/ros/humble/local/lib/python3.10/dist-packages'), ('LC_NUMERIC', 'es_AR.UTF-8'), ('LC_PAPER', 'es_AR.UTF-8'), ('GTK_USE_PORTAL', '1'), ('COLCON', '1'), ('CMAKE_PREFIX_PATH', '/opt/ros/humble')]), 'shell': False}
[0.267765] (robo_clase22) StdoutLine: {'line': b'-- Install configuration: ""\n'}
[0.268127] (robo_clase22) StdoutLine: {'line': b'-- Execute custom install script\n'}
[0.268268] (robo_clase22) StdoutLine: {'line': b'-- Up-to-date symlink: /home/thiago/workspaces/ros2_py_ws/install/robo_clase22/share/robo_clase22/environment/pythonpath.sh\n'}
[0.268393] (robo_clase22) StdoutLine: {'line': b'-- Up-to-date symlink: /home/thiago/workspaces/ros2_py_ws/install/robo_clase22/share/robo_clase22/environment/pythonpath.dsv\n'}
[0.268623] (robo_clase22) StdoutLine: {'line': b'-- Up-to-date symlink: /home/thiago/workspaces/ros2_py_ws/install/robo_clase22/local/lib/python3.10/dist-packages/scripts-0.0.0-py3.10.egg-info/PKG-INFO\n'}
[0.268725] (robo_clase22) StdoutLine: {'line': b'-- Up-to-date symlink: /home/thiago/workspaces/ros2_py_ws/install/robo_clase22/local/lib/python3.10/dist-packages/scripts-0.0.0-py3.10.egg-info/SOURCES.txt\n'}
[0.268837] (robo_clase22) StdoutLine: {'line': b'-- Up-to-date symlink: /home/thiago/workspaces/ros2_py_ws/install/robo_clase22/local/lib/python3.10/dist-packages/scripts-0.0.0-py3.10.egg-info/dependency_links.txt\n'}
[0.268898] (robo_clase22) StdoutLine: {'line': b'-- Up-to-date symlink: /home/thiago/workspaces/ros2_py_ws/install/robo_clase22/local/lib/python3.10/dist-packages/scripts-0.0.0-py3.10.egg-info/top_level.txt\n'}
[0.268998] (udemy_ros2_pkg) StdoutLine: {'line': b'-- Install configuration: ""\n'}
[0.269081] (robo_clase22) StdoutLine: {'line': b'-- Up-to-date symlink: /home/thiago/workspaces/ros2_py_ws/install/robo_clase22/local/lib/python3.10/dist-packages/scripts/RPM.py\n'}
[0.269175] (udemy_ros2_pkg) StdoutLine: {'line': b'-- Execute custom install script\n'}
[0.269276] (udemy_ros2_pkg) StdoutLine: {'line': b'-- Up-to-date symlink: /home/thiago/workspaces/ros2_py_ws/install/udemy_ros2_pkg/share/udemy_ros2_pkg/environment/pythonpath.sh\n'}
[0.269392] (udemy_ros2_pkg) StdoutLine: {'line': b'-- Up-to-date symlink: /home/thiago/workspaces/ros2_py_ws/install/udemy_ros2_pkg/share/udemy_ros2_pkg/environment/pythonpath.dsv\n'}
[0.269450] (robo_clase22) StdoutLine: {'line': b'-- Up-to-date symlink: /home/thiago/workspaces/ros2_py_ws/install/robo_clase22/local/lib/python3.10/dist-packages/scripts/VEL.py\n'}
[0.269518] (robo_clase22) StdoutLine: {'line': b'-- Up-to-date symlink: /home/thiago/workspaces/ros2_py_ws/install/robo_clase22/local/lib/python3.10/dist-packages/scripts/__init__.py\n'}
[0.269598] (robo_clase22) StdoutLine: {'line': b'-- Up-to-date symlink: /home/thiago/workspaces/ros2_py_ws/install/robo_clase22/lib/robo_clase22/RPM.py\n'}
[0.269661] (robo_clase22) StdoutLine: {'line': b'-- Up-to-date symlink: /home/thiago/workspaces/ros2_py_ws/install/robo_clase22/lib/robo_clase22/VEL.py\n'}
[0.269750] (robo_clase22) StdoutLine: {'line': b'-- Up-to-date symlink: /home/thiago/workspaces/ros2_py_ws/install/robo_clase22/share/ament_index/resource_index/package_run_dependencies/robo_clase22\n'}
[0.269816] (robo_clase22) StdoutLine: {'line': b'-- Up-to-date symlink: /home/thiago/workspaces/ros2_py_ws/install/robo_clase22/share/ament_index/resource_index/parent_prefix_path/robo_clase22\n'}
[0.269877] (robo_clase22) StdoutLine: {'line': b'-- Up-to-date symlink: /home/thiago/workspaces/ros2_py_ws/install/robo_clase22/share/robo_clase22/environment/ament_prefix_path.sh\n'}
[0.269995] (robo_clase22) StdoutLine: {'line': b'-- Up-to-date symlink: /home/thiago/workspaces/ros2_py_ws/install/robo_clase22/share/robo_clase22/environment/ament_prefix_path.dsv\n'}
[0.270071] (robo_clase22) StdoutLine: {'line': b'-- Up-to-date symlink: /home/thiago/workspaces/ros2_py_ws/install/robo_clase22/share/robo_clase22/environment/path.sh\n'}
[0.270137] (udemy_ros2_pkg) StdoutLine: {'line': b'-- Up-to-date symlink: /home/thiago/workspaces/ros2_py_ws/install/udemy_ros2_pkg/local/lib/python3.10/dist-packages/scripts-0.0.0-py3.10.egg-info/PKG-INFO\n'}
[0.270200] (udemy_ros2_pkg) StdoutLine: {'line': b'-- Up-to-date symlink: /home/thiago/workspaces/ros2_py_ws/install/udemy_ros2_pkg/local/lib/python3.10/dist-packages/scripts-0.0.0-py3.10.egg-info/SOURCES.txt\n'}
[0.270264] (udemy_ros2_pkg) StdoutLine: {'line': b'-- Up-to-date symlink: /home/thiago/workspaces/ros2_py_ws/install/udemy_ros2_pkg/local/lib/python3.10/dist-packages/scripts-0.0.0-py3.10.egg-info/dependency_links.txt\n'}
[0.270329] (udemy_ros2_pkg) StdoutLine: {'line': b'-- Up-to-date symlink: /home/thiago/workspaces/ros2_py_ws/install/udemy_ros2_pkg/local/lib/python3.10/dist-packages/scripts-0.0.0-py3.10.egg-info/top_level.txt\n'}
[0.270392] (udemy_ros2_pkg) StdoutLine: {'line': b'-- Up-to-date symlink: /home/thiago/workspaces/ros2_py_ws/install/udemy_ros2_pkg/local/lib/python3.10/dist-packages/scripts/__init__.py\n'}
[0.270530] (udemy_ros2_pkg) StdoutLine: {'line': b'-- Up-to-date symlink: /home/thiago/workspaces/ros2_py_ws/install/udemy_ros2_pkg/local/lib/python3.10/dist-packages/scripts/publisher.py\n'}
[0.270592] (udemy_ros2_pkg) StdoutLine: {'line': b'-- Up-to-date symlink: /home/thiago/workspaces/ros2_py_ws/install/udemy_ros2_pkg/local/lib/python3.10/dist-packages/scripts/subscriber.py\n'}
[0.270656] (udemy_ros2_pkg) StdoutLine: {'line': b'-- Up-to-date symlink: /home/thiago/workspaces/ros2_py_ws/install/udemy_ros2_pkg/lib/udemy_ros2_pkg/publisher.py\n'}
[0.270710] (udemy_ros2_pkg) StdoutLine: {'line': b'-- Up-to-date symlink: /home/thiago/workspaces/ros2_py_ws/install/udemy_ros2_pkg/lib/udemy_ros2_pkg/subscriber.py\n'}
[0.270761] (udemy_ros2_pkg) StdoutLine: {'line': b'-- Up-to-date symlink: /home/thiago/workspaces/ros2_py_ws/install/udemy_ros2_pkg/share/ament_index/resource_index/package_run_dependencies/udemy_ros2_pkg\n'}
[0.270813] (robo_clase22) StdoutLine: {'line': b'-- Up-to-date symlink: /home/thiago/workspaces/ros2_py_ws/install/robo_clase22/share/robo_clase22/environment/path.dsv\n'}
[0.270864] (robo_clase22) StdoutLine: {'line': b'-- Up-to-date symlink: /home/thiago/workspaces/ros2_py_ws/install/robo_clase22/share/robo_clase22/local_setup.bash\n'}
[0.270915] (robo_clase22) StdoutLine: {'line': b'-- Up-to-date symlink: /home/thiago/workspaces/ros2_py_ws/install/robo_clase22/share/robo_clase22/local_setup.sh\n'}
[0.270966] (robo_clase22) StdoutLine: {'line': b'-- Up-to-date symlink: /home/thiago/workspaces/ros2_py_ws/install/robo_clase22/share/robo_clase22/local_setup.zsh\n'}
[0.271024] (robo_clase22) StdoutLine: {'line': b'-- Up-to-date symlink: /home/thiago/workspaces/ros2_py_ws/install/robo_clase22/share/robo_clase22/local_setup.dsv\n'}
[0.271075] (robo_clase22) StdoutLine: {'line': b'-- Symlinking: /home/thiago/workspaces/ros2_py_ws/install/robo_clase22/share/robo_clase22/package.dsv\n'}
[0.271152] (udemy_ros2_pkg) StdoutLine: {'line': b'-- Up-to-date symlink: /home/thiago/workspaces/ros2_py_ws/install/udemy_ros2_pkg/share/ament_index/resource_index/parent_prefix_path/udemy_ros2_pkg\n'}
[0.271222] (udemy_ros2_pkg) StdoutLine: {'line': b'-- Up-to-date symlink: /home/thiago/workspaces/ros2_py_ws/install/udemy_ros2_pkg/share/udemy_ros2_pkg/environment/ament_prefix_path.sh\n'}
[0.271275] (udemy_ros2_pkg) StdoutLine: {'line': b'-- Up-to-date symlink: /home/thiago/workspaces/ros2_py_ws/install/udemy_ros2_pkg/share/udemy_ros2_pkg/environment/ament_prefix_path.dsv\n'}
[0.271334] (udemy_ros2_pkg) StdoutLine: {'line': b'-- Up-to-date symlink: /home/thiago/workspaces/ros2_py_ws/install/udemy_ros2_pkg/share/udemy_ros2_pkg/environment/path.sh\n'}
[0.271389] (udemy_ros2_pkg) StdoutLine: {'line': b'-- Up-to-date symlink: /home/thiago/workspaces/ros2_py_ws/install/udemy_ros2_pkg/share/udemy_ros2_pkg/environment/path.dsv\n'}
[0.271442] (udemy_ros2_pkg) StdoutLine: {'line': b'-- Up-to-date symlink: /home/thiago/workspaces/ros2_py_ws/install/udemy_ros2_pkg/share/udemy_ros2_pkg/local_setup.bash\n'}
[0.271495] (udemy_ros2_pkg) StdoutLine: {'line': b'-- Up-to-date symlink: /home/thiago/workspaces/ros2_py_ws/install/udemy_ros2_pkg/share/udemy_ros2_pkg/local_setup.sh\n'}
[0.271554] (udemy_ros2_pkg) StdoutLine: {'line': b'-- Up-to-date symlink: /home/thiago/workspaces/ros2_py_ws/install/udemy_ros2_pkg/share/udemy_ros2_pkg/local_setup.zsh\n'}
[0.271604] (udemy_ros2_pkg) StdoutLine: {'line': b'-- Up-to-date symlink: /home/thiago/workspaces/ros2_py_ws/install/udemy_ros2_pkg/share/udemy_ros2_pkg/local_setup.dsv\n'}
[0.271654] (udemy_ros2_pkg) StdoutLine: {'line': b'-- Symlinking: /home/thiago/workspaces/ros2_py_ws/install/udemy_ros2_pkg/share/udemy_ros2_pkg/package.dsv\n'}
[0.275157] (robo_clase22) StdoutLine: {'line': b'-- Up-to-date symlink: /home/thiago/workspaces/ros2_py_ws/install/robo_clase22/share/ament_index/resource_index/packages/robo_clase22\n'}
[0.275302] (robo_clase22) StdoutLine: {'line': b'-- Up-to-date symlink: /home/thiago/workspaces/ros2_py_ws/install/robo_clase22/share/robo_clase22/cmake/robo_clase22Config.cmake\n'}
[0.275403] (udemy_ros2_pkg) StdoutLine: {'line': b'-- Up-to-date symlink: /home/thiago/workspaces/ros2_py_ws/install/udemy_ros2_pkg/share/ament_index/resource_index/packages/udemy_ros2_pkg\n'}
[0.275519] (robo_clase22) StdoutLine: {'line': b'-- Up-to-date symlink: /home/thiago/workspaces/ros2_py_ws/install/robo_clase22/share/robo_clase22/cmake/robo_clase22Config-version.cmake\n'}
[0.275635] (udemy_ros2_pkg) StdoutLine: {'line': b'-- Up-to-date symlink: /home/thiago/workspaces/ros2_py_ws/install/udemy_ros2_pkg/share/udemy_ros2_pkg/cmake/udemy_ros2_pkgConfig.cmake\n'}
[0.275725] (udemy_ros2_pkg) StdoutLine: {'line': b'-- Up-to-date symlink: /home/thiago/workspaces/ros2_py_ws/install/udemy_ros2_pkg/share/udemy_ros2_pkg/cmake/udemy_ros2_pkgConfig-version.cmake\n'}
[0.275787] (robo_clase22) StdoutLine: {'line': b'-- Up-to-date symlink: /home/thiago/workspaces/ros2_py_ws/install/robo_clase22/share/robo_clase22/package.xml\n'}
[0.275877] (udemy_ros2_pkg) StdoutLine: {'line': b'-- Up-to-date symlink: /home/thiago/workspaces/ros2_py_ws/install/udemy_ros2_pkg/share/udemy_ros2_pkg/package.xml\n'}
[0.295563] (udemy_ros2_pkg) StdoutLine: {'line': b"Listing '/home/thiago/workspaces/ros2_py_ws/install/udemy_ros2_pkg/local/lib/python3.10/dist-packages/scripts'...\n"}
[0.296172] (robo_clase22) StdoutLine: {'line': b"Listing '/home/thiago/workspaces/ros2_py_ws/install/robo_clase22/local/lib/python3.10/dist-packages/scripts'...\n"}
[0.296287] (robo_clase22) StdoutLine: {'line': b"Compiling '/home/thiago/workspaces/ros2_py_ws/install/robo_clase22/local/lib/python3.10/dist-packages/scripts/VEL.py'...\n"}
[0.300195] (udemy_ros2_pkg) CommandEnded: {'returncode': 0}
[0.300562] (-) TimerEvent: {}
[0.313157] (robo_clase22) CommandEnded: {'returncode': 0}
[0.332595] (udemy_ros2_pkg) JobEnded: {'identifier': 'udemy_ros2_pkg', 'rc': 0}
[0.340156] (robo_clase22) JobEnded: {'identifier': 'robo_clase22', 'rc': 0}
[0.340467] (-) EventReactorShutdown: {}
