[0.216s] DEBUG:colcon:Command line arguments: ['/usr/bin/colcon', 'build', '--symlink-install']
[0.216s] DEBUG:colcon:Parsed command line arguments: Namespace(log_base=None, log_level=None, verb_name='build', build_base='build', install_base='install', merge_install=False, symlink_install=True, test_result_base=None, continue_on_error=False, executor='parallel', parallel_workers=12, event_handlers=None, ignore_user_meta=False, metas=['./colcon.meta'], base_paths=['.'], packages_ignore=None, packages_ignore_regex=None, paths=None, packages_up_to=None, packages_up_to_regex=None, packages_above=None, packages_above_and_dependencies=None, packages_above_depth=None, packages_select_by_dep=None, packages_skip_by_dep=None, packages_skip_up_to=None, packages_select_build_failed=False, packages_skip_build_finished=False, packages_select_test_failures=False, packages_skip_test_passed=False, packages_select=None, packages_skip=None, packages_select_regex=None, packages_skip_regex=None, packages_start=None, packages_end=None, allow_overriding=[], cmake_args=None, cmake_target=None, cmake_target_skip_unavailable=False, cmake_clean_cache=False, cmake_clean_first=False, cmake_force_configure=False, ament_cmake_args=None, catkin_cmake_args=None, catkin_skip_building_tests=False, verb_parser=<colcon_defaults.argument_parser.defaults.DefaultArgumentsDecorator object at 0x7fc9c7eb1e10>, verb_extension=<colcon_core.verb.build.BuildVerb object at 0x7fc9c8700e50>, main=<bound method BuildVerb.main of <colcon_core.verb.build.BuildVerb object at 0x7fc9c8700e50>>)
[0.239s] Level 1:colcon.colcon_core.package_discovery:discover_packages(colcon_meta) check parameters
[0.240s] Level 1:colcon.colcon_core.package_discovery:discover_packages(recursive) check parameters
[0.240s] Level 1:colcon.colcon_core.package_discovery:discover_packages(ignore) check parameters
[0.240s] Level 1:colcon.colcon_core.package_discovery:discover_packages(path) check parameters
[0.240s] Level 1:colcon.colcon_core.package_discovery:discover_packages(colcon_meta) discover
[0.240s] Level 1:colcon.colcon_core.package_discovery:discover_packages(recursive) discover
[0.240s] INFO:colcon.colcon_core.package_discovery:Crawling recursively for packages in '/home/thiago/workspaces/ros2_py_ws'
[0.240s] Level 1:colcon.colcon_core.package_identification:_identify(.) by extensions ['ignore', 'ignore_ament_install']
[0.240s] Level 1:colcon.colcon_core.package_identification:_identify(.) by extension 'ignore'
[0.240s] Level 1:colcon.colcon_core.package_identification:_identify(.) by extension 'ignore_ament_install'
[0.240s] Level 1:colcon.colcon_core.package_identification:_identify(.) by extensions ['colcon_pkg']
[0.240s] Level 1:colcon.colcon_core.package_identification:_identify(.) by extension 'colcon_pkg'
[0.240s] Level 1:colcon.colcon_core.package_identification:_identify(.) by extensions ['colcon_meta']
[0.240s] Level 1:colcon.colcon_core.package_identification:_identify(.) by extension 'colcon_meta'
[0.240s] Level 1:colcon.colcon_core.package_identification:_identify(.) by extensions ['ros']
[0.240s] Level 1:colcon.colcon_core.package_identification:_identify(.) by extension 'ros'
[0.248s] Level 1:colcon.colcon_core.package_identification:_identify(.) by extensions ['cmake', 'python']
[0.248s] Level 1:colcon.colcon_core.package_identification:_identify(.) by extension 'cmake'
[0.248s] Level 1:colcon.colcon_core.package_identification:_identify(.) by extension 'python'
[0.248s] Level 1:colcon.colcon_core.package_identification:_identify(.) by extensions ['python_setup_py']
[0.248s] Level 1:colcon.colcon_core.package_identification:_identify(.) by extension 'python_setup_py'
[0.248s] Level 1:colcon.colcon_core.package_identification:_identify(build) by extensions ['ignore', 'ignore_ament_install']
[0.248s] Level 1:colcon.colcon_core.package_identification:_identify(build) by extension 'ignore'
[0.248s] Level 1:colcon.colcon_core.package_identification:_identify(build) ignored
[0.248s] Level 1:colcon.colcon_core.package_identification:_identify(install) by extensions ['ignore', 'ignore_ament_install']
[0.248s] Level 1:colcon.colcon_core.package_identification:_identify(install) by extension 'ignore'
[0.248s] Level 1:colcon.colcon_core.package_identification:_identify(install) ignored
[0.248s] Level 1:colcon.colcon_core.package_identification:_identify(log) by extensions ['ignore', 'ignore_ament_install']
[0.248s] Level 1:colcon.colcon_core.package_identification:_identify(log) by extension 'ignore'
[0.249s] Level 1:colcon.colcon_core.package_identification:_identify(log) ignored
[0.249s] Level 1:colcon.colcon_core.package_identification:_identify(src) by extensions ['ignore', 'ignore_ament_install']
[0.249s] Level 1:colcon.colcon_core.package_identification:_identify(src) by extension 'ignore'
[0.249s] Level 1:colcon.colcon_core.package_identification:_identify(src) by extension 'ignore_ament_install'
[0.249s] Level 1:colcon.colcon_core.package_identification:_identify(src) by extensions ['colcon_pkg']
[0.249s] Level 1:colcon.colcon_core.package_identification:_identify(src) by extension 'colcon_pkg'
[0.249s] Level 1:colcon.colcon_core.package_identification:_identify(src) by extensions ['colcon_meta']
[0.249s] Level 1:colcon.colcon_core.package_identification:_identify(src) by extension 'colcon_meta'
[0.249s] Level 1:colcon.colcon_core.package_identification:_identify(src) by extensions ['ros']
[0.249s] Level 1:colcon.colcon_core.package_identification:_identify(src) by extension 'ros'
[0.249s] Level 1:colcon.colcon_core.package_identification:_identify(src) by extensions ['cmake', 'python']
[0.249s] Level 1:colcon.colcon_core.package_identification:_identify(src) by extension 'cmake'
[0.249s] Level 1:colcon.colcon_core.package_identification:_identify(src) by extension 'python'
[0.249s] Level 1:colcon.colcon_core.package_identification:_identify(src) by extensions ['python_setup_py']
[0.249s] Level 1:colcon.colcon_core.package_identification:_identify(src) by extension 'python_setup_py'
[0.249s] Level 1:colcon.colcon_core.package_identification:_identify(src/robo_clase22) by extensions ['ignore', 'ignore_ament_install']
[0.249s] Level 1:colcon.colcon_core.package_identification:_identify(src/robo_clase22) by extension 'ignore'
[0.249s] Level 1:colcon.colcon_core.package_identification:_identify(src/robo_clase22) by extension 'ignore_ament_install'
[0.249s] Level 1:colcon.colcon_core.package_identification:_identify(src/robo_clase22) by extensions ['colcon_pkg']
[0.249s] Level 1:colcon.colcon_core.package_identification:_identify(src/robo_clase22) by extension 'colcon_pkg'
[0.249s] Level 1:colcon.colcon_core.package_identification:_identify(src/robo_clase22) by extensions ['colcon_meta']
[0.249s] Level 1:colcon.colcon_core.package_identification:_identify(src/robo_clase22) by extension 'colcon_meta'
[0.249s] Level 1:colcon.colcon_core.package_identification:_identify(src/robo_clase22) by extensions ['ros']
[0.249s] Level 1:colcon.colcon_core.package_identification:_identify(src/robo_clase22) by extension 'ros'
[0.251s] DEBUG:colcon.colcon_core.package_identification:Package 'src/robo_clase22' with type 'ros.ament_cmake' and name 'robo_clase22'
[0.251s] Level 1:colcon.colcon_core.package_identification:_identify(src/udemy_ros2_pkg) by extensions ['ignore', 'ignore_ament_install']
[0.251s] Level 1:colcon.colcon_core.package_identification:_identify(src/udemy_ros2_pkg) by extension 'ignore'
[0.251s] Level 1:colcon.colcon_core.package_identification:_identify(src/udemy_ros2_pkg) by extension 'ignore_ament_install'
[0.251s] Level 1:colcon.colcon_core.package_identification:_identify(src/udemy_ros2_pkg) by extensions ['colcon_pkg']
[0.251s] Level 1:colcon.colcon_core.package_identification:_identify(src/udemy_ros2_pkg) by extension 'colcon_pkg'
[0.251s] Level 1:colcon.colcon_core.package_identification:_identify(src/udemy_ros2_pkg) by extensions ['colcon_meta']
[0.251s] Level 1:colcon.colcon_core.package_identification:_identify(src/udemy_ros2_pkg) by extension 'colcon_meta'
[0.251s] Level 1:colcon.colcon_core.package_identification:_identify(src/udemy_ros2_pkg) by extensions ['ros']
[0.251s] Level 1:colcon.colcon_core.package_identification:_identify(src/udemy_ros2_pkg) by extension 'ros'
[0.252s] DEBUG:colcon.colcon_core.package_identification:Package 'src/udemy_ros2_pkg' with type 'ros.ament_cmake' and name 'udemy_ros2_pkg'
[0.252s] Level 1:colcon.colcon_core.package_discovery:discover_packages(recursive) using defaults
[0.252s] Level 1:colcon.colcon_core.package_discovery:discover_packages(ignore) discover
[0.252s] Level 1:colcon.colcon_core.package_discovery:discover_packages(ignore) using defaults
[0.252s] Level 1:colcon.colcon_core.package_discovery:discover_packages(path) discover
[0.252s] Level 1:colcon.colcon_core.package_discovery:discover_packages(path) using defaults
[0.267s] Level 1:colcon.colcon_core.package_discovery:discover_packages(prefix_path) check parameters
[0.267s] Level 1:colcon.colcon_core.package_discovery:discover_packages(prefix_path) discover
[0.269s] DEBUG:colcon.colcon_installed_package_information.package_discovery:Found 306 installed packages in /opt/ros/humble
[0.271s] Level 1:colcon.colcon_core.package_discovery:discover_packages(prefix_path) using defaults
[0.313s] Level 5:colcon.colcon_core.verb:set package 'robo_clase22' build argument 'cmake_args' from command line to 'None'
[0.313s] Level 5:colcon.colcon_core.verb:set package 'robo_clase22' build argument 'cmake_target' from command line to 'None'
[0.313s] Level 5:colcon.colcon_core.verb:set package 'robo_clase22' build argument 'cmake_target_skip_unavailable' from command line to 'False'
[0.313s] Level 5:colcon.colcon_core.verb:set package 'robo_clase22' build argument 'cmake_clean_cache' from command line to 'False'
[0.313s] Level 5:colcon.colcon_core.verb:set package 'robo_clase22' build argument 'cmake_clean_first' from command line to 'False'
[0.313s] Level 5:colcon.colcon_core.verb:set package 'robo_clase22' build argument 'cmake_force_configure' from command line to 'False'
[0.313s] Level 5:colcon.colcon_core.verb:set package 'robo_clase22' build argument 'ament_cmake_args' from command line to 'None'
[0.313s] Level 5:colcon.colcon_core.verb:set package 'robo_clase22' build argument 'catkin_cmake_args' from command line to 'None'
[0.313s] Level 5:colcon.colcon_core.verb:set package 'robo_clase22' build argument 'catkin_skip_building_tests' from command line to 'False'
[0.313s] DEBUG:colcon.colcon_core.verb:Building package 'robo_clase22' with the following arguments: {'ament_cmake_args': None, 'build_base': '/home/thiago/workspaces/ros2_py_ws/build/robo_clase22', 'catkin_cmake_args': None, 'catkin_skip_building_tests': False, 'cmake_args': None, 'cmake_clean_cache': False, 'cmake_clean_first': False, 'cmake_force_configure': False, 'cmake_target': None, 'cmake_target_skip_unavailable': False, 'install_base': '/home/thiago/workspaces/ros2_py_ws/install/robo_clase22', 'merge_install': False, 'path': '/home/thiago/workspaces/ros2_py_ws/src/robo_clase22', 'symlink_install': True, 'test_result_base': None}
[0.314s] Level 5:colcon.colcon_core.verb:set package 'udemy_ros2_pkg' build argument 'cmake_args' from command line to 'None'
[0.314s] Level 5:colcon.colcon_core.verb:set package 'udemy_ros2_pkg' build argument 'cmake_target' from command line to 'None'
[0.314s] Level 5:colcon.colcon_core.verb:set package 'udemy_ros2_pkg' build argument 'cmake_target_skip_unavailable' from command line to 'False'
[0.314s] Level 5:colcon.colcon_core.verb:set package 'udemy_ros2_pkg' build argument 'cmake_clean_cache' from command line to 'False'
[0.314s] Level 5:colcon.colcon_core.verb:set package 'udemy_ros2_pkg' build argument 'cmake_clean_first' from command line to 'False'
[0.314s] Level 5:colcon.colcon_core.verb:set package 'udemy_ros2_pkg' build argument 'cmake_force_configure' from command line to 'False'
[0.314s] Level 5:colcon.colcon_core.verb:set package 'udemy_ros2_pkg' build argument 'ament_cmake_args' from command line to 'None'
[0.314s] Level 5:colcon.colcon_core.verb:set package 'udemy_ros2_pkg' build argument 'catkin_cmake_args' from command line to 'None'
[0.314s] Level 5:colcon.colcon_core.verb:set package 'udemy_ros2_pkg' build argument 'catkin_skip_building_tests' from command line to 'False'
[0.314s] DEBUG:colcon.colcon_core.verb:Building package 'udemy_ros2_pkg' with the following arguments: {'ament_cmake_args': None, 'build_base': '/home/thiago/workspaces/ros2_py_ws/build/udemy_ros2_pkg', 'catkin_cmake_args': None, 'catkin_skip_building_tests': False, 'cmake_args': None, 'cmake_clean_cache': False, 'cmake_clean_first': False, 'cmake_force_configure': False, 'cmake_target': None, 'cmake_target_skip_unavailable': False, 'install_base': '/home/thiago/workspaces/ros2_py_ws/install/udemy_ros2_pkg', 'merge_install': False, 'path': '/home/thiago/workspaces/ros2_py_ws/src/udemy_ros2_pkg', 'symlink_install': True, 'test_result_base': None}
[0.315s] INFO:colcon.colcon_core.executor:Executing jobs using 'parallel' executor
[0.317s] DEBUG:colcon.colcon_parallel_executor.executor.parallel:run_until_complete
[0.318s] INFO:colcon.colcon_ros.task.ament_cmake.build:Building ROS package in '/home/thiago/workspaces/ros2_py_ws/src/robo_clase22' with build type 'ament_cmake'
[0.318s] INFO:colcon.colcon_cmake.task.cmake.build:Building CMake package in '/home/thiago/workspaces/ros2_py_ws/src/robo_clase22'
[0.321s] INFO:colcon.colcon_core.plugin_system:Skipping extension 'colcon_core.shell.bat': Not used on non-Windows systems
[0.321s] INFO:colcon.colcon_core.shell:Skip shell extension 'powershell' for command environment: Not usable outside of PowerShell
[0.321s] DEBUG:colcon.colcon_core.shell:Skip shell extension 'dsv' for command environment
[0.323s] INFO:colcon.colcon_ros.task.ament_cmake.build:Building ROS package in '/home/thiago/workspaces/ros2_py_ws/src/udemy_ros2_pkg' with build type 'ament_cmake'
[0.324s] INFO:colcon.colcon_cmake.task.cmake.build:Building CMake package in '/home/thiago/workspaces/ros2_py_ws/src/udemy_ros2_pkg'
[0.325s] INFO:colcon.colcon_core.shell:Skip shell extension 'powershell' for command environment: Not usable outside of PowerShell
[0.325s] DEBUG:colcon.colcon_core.shell:Skip shell extension 'dsv' for command environment
[0.333s] DEBUG:colcon.colcon_core.event_handler.log_command:Invoking command in '/home/thiago/workspaces/ros2_py_ws/build/robo_clase22': CMAKE_PREFIX_PATH=/opt/ros/humble /usr/bin/cmake --build /home/thiago/workspaces/ros2_py_ws/build/robo_clase22 -- -j12 -l12
[0.337s] DEBUG:colcon.colcon_core.event_handler.log_command:Invoking command in '/home/thiago/workspaces/ros2_py_ws/build/udemy_ros2_pkg': CMAKE_PREFIX_PATH=/opt/ros/humble /usr/bin/cmake --build /home/thiago/workspaces/ros2_py_ws/build/udemy_ros2_pkg -- -j12 -l12
[0.568s] DEBUG:colcon.colcon_core.event_handler.log_command:Invoked command in '/home/thiago/workspaces/ros2_py_ws/build/robo_clase22' returned '0': CMAKE_PREFIX_PATH=/opt/ros/humble /usr/bin/cmake --build /home/thiago/workspaces/ros2_py_ws/build/robo_clase22 -- -j12 -l12
[0.569s] DEBUG:colcon.colcon_core.event_handler.log_command:Invoked command in '/home/thiago/workspaces/ros2_py_ws/build/udemy_ros2_pkg' returned '0': CMAKE_PREFIX_PATH=/opt/ros/humble /usr/bin/cmake --build /home/thiago/workspaces/ros2_py_ws/build/udemy_ros2_pkg -- -j12 -l12
[0.588s] DEBUG:colcon.colcon_core.event_handler.log_command:Invoking command in '/home/thiago/workspaces/ros2_py_ws/build/udemy_ros2_pkg': CMAKE_PREFIX_PATH=/opt/ros/humble /usr/bin/cmake --install /home/thiago/workspaces/ros2_py_ws/build/udemy_ros2_pkg
[0.589s] DEBUG:colcon.colcon_core.event_handler.log_command:Invoking command in '/home/thiago/workspaces/ros2_py_ws/build/robo_clase22': CMAKE_PREFIX_PATH=/opt/ros/humble /usr/bin/cmake --install /home/thiago/workspaces/ros2_py_ws/build/robo_clase22
[0.629s] Level 1:colcon.colcon_core.environment:create_environment_scripts_only(robo_clase22)
[0.631s] DEBUG:colcon.colcon_core.event_handler.log_command:Invoked command in '/home/thiago/workspaces/ros2_py_ws/build/robo_clase22' returned '0': CMAKE_PREFIX_PATH=/opt/ros/humble /usr/bin/cmake --install /home/thiago/workspaces/ros2_py_ws/build/robo_clase22
[0.635s] Level 1:colcon.colcon_core.environment:checking '/home/thiago/workspaces/ros2_py_ws/install/robo_clase22' for CMake module files
[0.636s] Level 1:colcon.colcon_core.environment:checking '/home/thiago/workspaces/ros2_py_ws/install/robo_clase22' for CMake config files
[0.636s] Level 1:colcon.colcon_core.shell:create_environment_hook('robo_clase22', 'cmake_prefix_path')
[0.638s] INFO:colcon.colcon_core.shell:Creating environment hook '/home/thiago/workspaces/ros2_py_ws/install/robo_clase22/share/robo_clase22/hook/cmake_prefix_path.ps1'
[0.638s] INFO:colcon.colcon_core.shell:Creating environment descriptor '/home/thiago/workspaces/ros2_py_ws/install/robo_clase22/share/robo_clase22/hook/cmake_prefix_path.dsv'
[0.639s] INFO:colcon.colcon_core.shell:Creating environment hook '/home/thiago/workspaces/ros2_py_ws/install/robo_clase22/share/robo_clase22/hook/cmake_prefix_path.sh'
[0.639s] Level 1:colcon.colcon_core.environment:checking '/home/thiago/workspaces/ros2_py_ws/install/robo_clase22/lib'
[0.639s] Level 1:colcon.colcon_core.environment:checking '/home/thiago/workspaces/ros2_py_ws/install/robo_clase22/bin'
[0.639s] Level 1:colcon.colcon_core.environment:checking '/home/thiago/workspaces/ros2_py_ws/install/robo_clase22/lib/pkgconfig/robo_clase22.pc'
[0.640s] Level 1:colcon.colcon_core.environment:checking '/home/thiago/workspaces/ros2_py_ws/install/robo_clase22/lib/python3.10/site-packages'
[0.640s] Level 1:colcon.colcon_core.environment:checking '/home/thiago/workspaces/ros2_py_ws/install/robo_clase22/bin'
[0.641s] INFO:colcon.colcon_core.shell:Creating package script '/home/thiago/workspaces/ros2_py_ws/install/robo_clase22/share/robo_clase22/package.ps1'
[0.641s] INFO:colcon.colcon_core.shell:Creating package descriptor '/home/thiago/workspaces/ros2_py_ws/install/robo_clase22/share/robo_clase22/package.dsv'
[0.642s] INFO:colcon.colcon_core.shell:Creating package script '/home/thiago/workspaces/ros2_py_ws/install/robo_clase22/share/robo_clase22/package.sh'
[0.642s] INFO:colcon.colcon_core.shell:Creating package script '/home/thiago/workspaces/ros2_py_ws/install/robo_clase22/share/robo_clase22/package.bash'
[0.643s] INFO:colcon.colcon_core.shell:Creating package script '/home/thiago/workspaces/ros2_py_ws/install/robo_clase22/share/robo_clase22/package.zsh'
[0.644s] Level 1:colcon.colcon_core.environment:create_file_with_runtime_dependencies(/home/thiago/workspaces/ros2_py_ws/install/robo_clase22/share/colcon-core/packages/robo_clase22)
[0.645s] Level 1:colcon.colcon_core.environment:create_environment_scripts_only(udemy_ros2_pkg)
[0.646s] Level 1:colcon.colcon_core.environment:checking '/home/thiago/workspaces/ros2_py_ws/install/udemy_ros2_pkg' for CMake module files
[0.647s] DEBUG:colcon.colcon_core.event_handler.log_command:Invoked command in '/home/thiago/workspaces/ros2_py_ws/build/udemy_ros2_pkg' returned '0': CMAKE_PREFIX_PATH=/opt/ros/humble /usr/bin/cmake --install /home/thiago/workspaces/ros2_py_ws/build/udemy_ros2_pkg
[0.647s] Level 1:colcon.colcon_core.environment:checking '/home/thiago/workspaces/ros2_py_ws/install/udemy_ros2_pkg' for CMake config files
[0.647s] Level 1:colcon.colcon_core.shell:create_environment_hook('udemy_ros2_pkg', 'cmake_prefix_path')
[0.649s] INFO:colcon.colcon_core.shell:Creating environment hook '/home/thiago/workspaces/ros2_py_ws/install/udemy_ros2_pkg/share/udemy_ros2_pkg/hook/cmake_prefix_path.ps1'
[0.649s] INFO:colcon.colcon_core.shell:Creating environment descriptor '/home/thiago/workspaces/ros2_py_ws/install/udemy_ros2_pkg/share/udemy_ros2_pkg/hook/cmake_prefix_path.dsv'
[0.650s] INFO:colcon.colcon_core.shell:Creating environment hook '/home/thiago/workspaces/ros2_py_ws/install/udemy_ros2_pkg/share/udemy_ros2_pkg/hook/cmake_prefix_path.sh'
[0.650s] Level 1:colcon.colcon_core.environment:checking '/home/thiago/workspaces/ros2_py_ws/install/udemy_ros2_pkg/lib'
[0.650s] Level 1:colcon.colcon_core.environment:checking '/home/thiago/workspaces/ros2_py_ws/install/udemy_ros2_pkg/bin'
[0.650s] Level 1:colcon.colcon_core.environment:checking '/home/thiago/workspaces/ros2_py_ws/install/udemy_ros2_pkg/lib/pkgconfig/udemy_ros2_pkg.pc'
[0.650s] Level 1:colcon.colcon_core.environment:checking '/home/thiago/workspaces/ros2_py_ws/install/udemy_ros2_pkg/lib/python3.10/site-packages'
[0.651s] Level 1:colcon.colcon_core.environment:checking '/home/thiago/workspaces/ros2_py_ws/install/udemy_ros2_pkg/bin'
[0.652s] INFO:colcon.colcon_core.shell:Creating package script '/home/thiago/workspaces/ros2_py_ws/install/udemy_ros2_pkg/share/udemy_ros2_pkg/package.ps1'
[0.652s] INFO:colcon.colcon_core.shell:Creating package descriptor '/home/thiago/workspaces/ros2_py_ws/install/udemy_ros2_pkg/share/udemy_ros2_pkg/package.dsv'
[0.652s] INFO:colcon.colcon_core.shell:Creating package script '/home/thiago/workspaces/ros2_py_ws/install/udemy_ros2_pkg/share/udemy_ros2_pkg/package.sh'
[0.653s] INFO:colcon.colcon_core.shell:Creating package script '/home/thiago/workspaces/ros2_py_ws/install/udemy_ros2_pkg/share/udemy_ros2_pkg/package.bash'
[0.653s] INFO:colcon.colcon_core.shell:Creating package script '/home/thiago/workspaces/ros2_py_ws/install/udemy_ros2_pkg/share/udemy_ros2_pkg/package.zsh'
[0.653s] Level 1:colcon.colcon_core.environment:create_file_with_runtime_dependencies(/home/thiago/workspaces/ros2_py_ws/install/udemy_ros2_pkg/share/colcon-core/packages/udemy_ros2_pkg)
[0.658s] Level 1:colcon.colcon_core.environment:create_environment_scripts_only(robo_clase22)
[0.660s] Level 1:colcon.colcon_core.environment:checking '/home/thiago/workspaces/ros2_py_ws/install/robo_clase22' for CMake module files
[0.660s] Level 1:colcon.colcon_core.environment:checking '/home/thiago/workspaces/ros2_py_ws/install/robo_clase22' for CMake config files
[0.661s] Level 1:colcon.colcon_core.shell:create_environment_hook('robo_clase22', 'cmake_prefix_path')
[0.662s] INFO:colcon.colcon_core.shell:Creating environment hook '/home/thiago/workspaces/ros2_py_ws/install/robo_clase22/share/robo_clase22/hook/cmake_prefix_path.ps1'
[0.663s] INFO:colcon.colcon_core.shell:Creating environment descriptor '/home/thiago/workspaces/ros2_py_ws/install/robo_clase22/share/robo_clase22/hook/cmake_prefix_path.dsv'
[0.663s] INFO:colcon.colcon_core.shell:Creating environment hook '/home/thiago/workspaces/ros2_py_ws/install/robo_clase22/share/robo_clase22/hook/cmake_prefix_path.sh'
[0.663s] Level 1:colcon.colcon_core.environment:checking '/home/thiago/workspaces/ros2_py_ws/install/robo_clase22/lib'
[0.663s] Level 1:colcon.colcon_core.environment:checking '/home/thiago/workspaces/ros2_py_ws/install/robo_clase22/bin'
[0.663s] Level 1:colcon.colcon_core.environment:checking '/home/thiago/workspaces/ros2_py_ws/install/robo_clase22/lib/pkgconfig/robo_clase22.pc'
[0.664s] Level 1:colcon.colcon_core.environment:checking '/home/thiago/workspaces/ros2_py_ws/install/robo_clase22/lib/python3.10/site-packages'
[0.664s] Level 1:colcon.colcon_core.environment:checking '/home/thiago/workspaces/ros2_py_ws/install/robo_clase22/bin'
[0.665s] INFO:colcon.colcon_core.shell:Creating package script '/home/thiago/workspaces/ros2_py_ws/install/robo_clase22/share/robo_clase22/package.ps1'
[0.665s] INFO:colcon.colcon_core.shell:Creating package descriptor '/home/thiago/workspaces/ros2_py_ws/install/robo_clase22/share/robo_clase22/package.dsv'
[0.665s] INFO:colcon.colcon_core.shell:Creating package script '/home/thiago/workspaces/ros2_py_ws/install/robo_clase22/share/robo_clase22/package.sh'
[0.665s] INFO:colcon.colcon_core.shell:Creating package script '/home/thiago/workspaces/ros2_py_ws/install/robo_clase22/share/robo_clase22/package.bash'
[0.666s] INFO:colcon.colcon_core.shell:Creating package script '/home/thiago/workspaces/ros2_py_ws/install/robo_clase22/share/robo_clase22/package.zsh'
[0.666s] Level 1:colcon.colcon_core.environment:create_file_with_runtime_dependencies(/home/thiago/workspaces/ros2_py_ws/install/robo_clase22/share/colcon-core/packages/robo_clase22)
[0.668s] Level 1:colcon.colcon_core.environment:create_environment_scripts_only(udemy_ros2_pkg)
[0.670s] Level 1:colcon.colcon_core.environment:checking '/home/thiago/workspaces/ros2_py_ws/install/udemy_ros2_pkg' for CMake module files
[0.671s] Level 1:colcon.colcon_core.environment:checking '/home/thiago/workspaces/ros2_py_ws/install/udemy_ros2_pkg' for CMake config files
[0.671s] Level 1:colcon.colcon_core.shell:create_environment_hook('udemy_ros2_pkg', 'cmake_prefix_path')
[0.672s] INFO:colcon.colcon_core.shell:Creating environment hook '/home/thiago/workspaces/ros2_py_ws/install/udemy_ros2_pkg/share/udemy_ros2_pkg/hook/cmake_prefix_path.ps1'
[0.673s] INFO:colcon.colcon_core.shell:Creating environment descriptor '/home/thiago/workspaces/ros2_py_ws/install/udemy_ros2_pkg/share/udemy_ros2_pkg/hook/cmake_prefix_path.dsv'
[0.673s] INFO:colcon.colcon_core.shell:Creating environment hook '/home/thiago/workspaces/ros2_py_ws/install/udemy_ros2_pkg/share/udemy_ros2_pkg/hook/cmake_prefix_path.sh'
[0.674s] Level 1:colcon.colcon_core.environment:checking '/home/thiago/workspaces/ros2_py_ws/install/udemy_ros2_pkg/lib'
[0.674s] Level 1:colcon.colcon_core.environment:checking '/home/thiago/workspaces/ros2_py_ws/install/udemy_ros2_pkg/bin'
[0.674s] Level 1:colcon.colcon_core.environment:checking '/home/thiago/workspaces/ros2_py_ws/install/udemy_ros2_pkg/lib/pkgconfig/udemy_ros2_pkg.pc'
[0.674s] Level 1:colcon.colcon_core.environment:checking '/home/thiago/workspaces/ros2_py_ws/install/udemy_ros2_pkg/lib/python3.10/site-packages'
[0.674s] Level 1:colcon.colcon_core.environment:checking '/home/thiago/workspaces/ros2_py_ws/install/udemy_ros2_pkg/bin'
[0.676s] INFO:colcon.colcon_core.shell:Creating package script '/home/thiago/workspaces/ros2_py_ws/install/udemy_ros2_pkg/share/udemy_ros2_pkg/package.ps1'
[0.676s] INFO:colcon.colcon_core.shell:Creating package descriptor '/home/thiago/workspaces/ros2_py_ws/install/udemy_ros2_pkg/share/udemy_ros2_pkg/package.dsv'
[0.677s] INFO:colcon.colcon_core.shell:Creating package script '/home/thiago/workspaces/ros2_py_ws/install/udemy_ros2_pkg/share/udemy_ros2_pkg/package.sh'
[0.677s] INFO:colcon.colcon_core.shell:Creating package script '/home/thiago/workspaces/ros2_py_ws/install/udemy_ros2_pkg/share/udemy_ros2_pkg/package.bash'
[0.678s] INFO:colcon.colcon_core.shell:Creating package script '/home/thiago/workspaces/ros2_py_ws/install/udemy_ros2_pkg/share/udemy_ros2_pkg/package.zsh'
[0.678s] Level 1:colcon.colcon_core.environment:create_file_with_runtime_dependencies(/home/thiago/workspaces/ros2_py_ws/install/udemy_ros2_pkg/share/colcon-core/packages/udemy_ros2_pkg)
[0.678s] DEBUG:colcon.colcon_parallel_executor.executor.parallel:closing loop
[0.678s] DEBUG:colcon.colcon_parallel_executor.executor.parallel:loop closed
[0.678s] DEBUG:colcon.colcon_parallel_executor.executor.parallel:run_until_complete finished with '0'
[0.678s] DEBUG:colcon.colcon_core.event_reactor:joining thread
[0.684s] INFO:colcon.colcon_core.plugin_system:Skipping extension 'colcon_notification.desktop_notification.terminal_notifier': Not used on non-Darwin systems
[0.684s] INFO:colcon.colcon_core.plugin_system:Skipping extension 'colcon_notification.desktop_notification.win32': Not used on non-Windows systems
[0.684s] INFO:colcon.colcon_notification.desktop_notification:Sending desktop notification using 'notify2'
[0.695s] DEBUG:colcon.colcon_core.event_reactor:joined thread
[0.697s] INFO:colcon.colcon_core.shell:Creating prefix script '/home/thiago/workspaces/ros2_py_ws/install/local_setup.ps1'
[0.698s] INFO:colcon.colcon_core.shell:Creating prefix util module '/home/thiago/workspaces/ros2_py_ws/install/_local_setup_util_ps1.py'
[0.699s] INFO:colcon.colcon_core.shell:Creating prefix chain script '/home/thiago/workspaces/ros2_py_ws/install/setup.ps1'
[0.701s] INFO:colcon.colcon_core.shell:Creating prefix script '/home/thiago/workspaces/ros2_py_ws/install/local_setup.sh'
[0.701s] INFO:colcon.colcon_core.shell:Creating prefix util module '/home/thiago/workspaces/ros2_py_ws/install/_local_setup_util_sh.py'
[0.702s] INFO:colcon.colcon_core.shell:Creating prefix chain script '/home/thiago/workspaces/ros2_py_ws/install/setup.sh'
[0.703s] INFO:colcon.colcon_core.shell:Creating prefix script '/home/thiago/workspaces/ros2_py_ws/install/local_setup.bash'
[0.704s] INFO:colcon.colcon_core.shell:Creating prefix chain script '/home/thiago/workspaces/ros2_py_ws/install/setup.bash'
[0.705s] INFO:colcon.colcon_core.shell:Creating prefix script '/home/thiago/workspaces/ros2_py_ws/install/local_setup.zsh'
[0.705s] INFO:colcon.colcon_core.shell:Creating prefix chain script '/home/thiago/workspaces/ros2_py_ws/install/setup.zsh'
