[0.000000] (-) TimerEvent: {}
[0.000367] (robo_clase22) JobQueued: {'identifier': 'robo_clase22', 'dependencies': OrderedDict()}
[0.000396] (udemy_ros2_pkg) JobQueued: {'identifier': 'udemy_ros2_pkg', 'dependencies': OrderedDict()}
[0.000415] (robo_clase22) JobStarted: {'identifier': 'robo_clase22'}
[0.006661] (udemy_ros2_pkg) JobStarted: {'identifier': 'udemy_ros2_pkg'}
[0.011688] (robo_clase22) JobProgress: {'identifier': 'robo_clase22', 'progress': 'cmake'}
[0.012247] (robo_clase22) JobProgress: {'identifier': 'robo_clase22', 'progress': 'build'}
[0.012873] (robo_clase22) Command: {'cmd': ['/usr/bin/cmake', '--build', '/home/thiago/workspaces/ros2_py_ws/build/robo_clase22', '--', '-j12', '-l12'], 'cwd': '/home/thiago/workspaces/ros2_py_ws/build/robo_clase22', 'env': OrderedDict([('GJS_DEBUG_TOPICS', 'JS ERROR;JS LOG'), ('LESSOPEN', '| /usr/bin/lesspipe %s'), ('USER', 'thiago'), ('LC_TIME', 'es_AR.UTF-8'), ('GIO_MODULE_DIR', '/home/thiago/snap/code/common/.cache/gio-modules'), ('XDG_SESSION_TYPE', 'wayland'), ('GIT_ASKPASS', '/snap/code/126/usr/share/code/resources/app/extensions/git/dist/askpass.sh'), ('SHLVL', '1'), ('LD_LIBRARY_PATH', '/opt/ros/humble/opt/rviz_ogre_vendor/lib:/opt/ros/humble/lib/x86_64-linux-gnu:/opt/ros/humble/lib'), ('HOME', '/home/thiago'), ('CHROME_DESKTOP', 'code-url-handler.desktop'), ('TERM_PROGRAM_VERSION', '1.77.3'), ('DESKTOP_SESSION', 'ubuntu'), ('GTK_PATH', '/snap/code/126/usr/lib/x86_64-linux-gnu/gtk-3.0'), ('GTK_IM_MODULE_FILE', '/home/thiago/snap/code/common/.cache/immodules/immodules.cache'), ('GIO_LAUNCHED_DESKTOP_FILE', '/var/lib/snapd/desktop/applications/code_code.desktop'), ('ROS_PYTHON_VERSION', '3'), ('GNOME_SHELL_SESSION_MODE', 'ubuntu'), ('GTK_MODULES', 'gail:atk-bridge'), ('VSCODE_GIT_ASKPASS_MAIN', '/snap/code/126/usr/share/code/resources/app/extensions/git/dist/askpass-main.js'), ('LC_MONETARY', 'es_AR.UTF-8'), ('VSCODE_GIT_ASKPASS_NODE', '/snap/code/126/usr/share/code/code'), ('MANAGERPID', '1588'), ('SYSTEMD_EXEC_PID', '1810'), ('IM_CONFIG_CHECK_ENV', '1'), ('DBUS_SESSION_BUS_ADDRESS', 'unix:path=/run/user/1000/bus'), ('COLORTERM', 'truecolor'), ('GIO_LAUNCHED_DESKTOP_FILE_PID', '8678'), ('IM_CONFIG_PHASE', '1'), ('WAYLAND_DISPLAY', 'wayland-0'), ('ROS_DISTRO', 'humble'), ('LOGNAME', 'thiago'), ('JOURNAL_STREAM', '8:39020'), ('_', '/usr/bin/colcon'), ('ROS_VERSION', '2'), ('XDG_SESSION_CLASS', 'user'), ('USERNAME', 'thiago'), ('TERM', 'xterm-256color'), ('GNOME_DESKTOP_SESSION_ID', 'this-is-deprecated'), ('ROS_LOCALHOST_ONLY', '0'), ('PATH', '/opt/ros/humble/bin:/usr/local/sbin:/usr/local/bin:/usr/sbin:/usr/bin:/sbin:/bin:/usr/games:/usr/local/games:/snap/bin:/snap/bin'), ('SESSION_MANAGER', 'local/thiago-ubuntu:@/tmp/.ICE-unix/1787,unix/thiago-ubuntu:/tmp/.ICE-unix/1787'), ('GTK_EXE_PREFIX', '/snap/code/126/usr'), ('INVOCATION_ID', '63c8212d06f848a88a1e95159b071d26'), ('XDG_MENU_PREFIX', 'gnome-'), ('LC_ADDRESS', 'es_AR.UTF-8'), ('BAMF_DESKTOP_FILE_HINT', '/var/lib/snapd/desktop/applications/code_code.desktop'), ('GNOME_SETUP_DISPLAY', ':1'), ('XDG_RUNTIME_DIR', '/run/user/1000'), ('GDK_BACKEND', 'x11'), ('DISPLAY', ':0'), ('LOCPATH', '/snap/code/126/usr/lib/locale'), ('LANG', 'en_US.UTF-8'), ('XDG_CURRENT_DESKTOP', 'Unity'), ('LC_TELEPHONE', 'es_AR.UTF-8'), ('XMODIFIERS', '@im=ibus'), ('XDG_SESSION_DESKTOP', 'ubuntu'), ('XAUTHORITY', '/run/user/1000/.mutter-Xwaylandauth.QOFV31'), ('LS_COLORS', ''), ('VSCODE_GIT_IPC_HANDLE', '/run/user/1000/vscode-git-97806cd883.sock'), ('TERM_PROGRAM', 'vscode'), ('SSH_AGENT_LAUNCHER', 'gnome-keyring'), ('SSH_AUTH_SOCK', '/run/user/1000/keyring/ssh'), ('GSETTINGS_SCHEMA_DIR', '/home/thiago/snap/code/126/.local/share/glib-2.0/schemas'), ('AMENT_PREFIX_PATH', '/opt/ros/humble'), ('ORIGINAL_XDG_CURRENT_DESKTOP', 'ubuntu:GNOME'), ('SHELL', '/bin/bash'), ('LC_NAME', 'es_AR.UTF-8'), ('QT_ACCESSIBILITY', '1'), ('GDMSESSION', 'ubuntu'), ('LESSCLOSE', '/usr/bin/lesspipe %s %s'), ('LC_MEASUREMENT', 'es_AR.UTF-8'), ('GJS_DEBUG_OUTPUT', 'stderr'), ('LC_IDENTIFICATION', 'es_AR.UTF-8'), ('VSCODE_GIT_ASKPASS_EXTRA_ARGS', '--ms-enable-electron-run-as-node'), ('QT_IM_MODULE', 'ibus'), ('PWD', '/home/thiago/workspaces/ros2_py_ws/build/robo_clase22'), ('LC_ALL', 'en_US.UTF-8'), ('XDG_CONFIG_DIRS', '/etc/xdg/xdg-ubuntu:/etc/xdg'), ('XDG_DATA_DIRS', '/home/thiago/snap/code/126/.local/share:/home/thiago/snap/code/126:/snap/code/126/usr/share:/usr/share/ubuntu:/usr/local/share/:/usr/share/:/var/lib/snapd/desktop'), ('PYTHONPATH', '/opt/ros/humble/lib/python3.10/site-packages:/opt/ros/humble/local/lib/python3.10/dist-packages'), ('LC_NUMERIC', 'es_AR.UTF-8'), ('LC_PAPER', 'es_AR.UTF-8'), ('GTK_USE_PORTAL', '1'), ('COLCON', '1'), ('CMAKE_PREFIX_PATH', '/opt/ros/humble')]), 'shell': False}
[0.016694] (udemy_ros2_pkg) JobProgress: {'identifier': 'udemy_ros2_pkg', 'progress': 'cmake'}
[0.017090] (udemy_ros2_pkg) JobProgress: {'identifier': 'udemy_ros2_pkg', 'progress': 'build'}
[0.017739] (udemy_ros2_pkg) Command: {'cmd': ['/usr/bin/cmake', '--build', '/home/thiago/workspaces/ros2_py_ws/build/udemy_ros2_pkg', '--', '-j12', '-l12'], 'cwd': '/home/thiago/workspaces/ros2_py_ws/build/udemy_ros2_pkg', 'env': OrderedDict([('GJS_DEBUG_TOPICS', 'JS ERROR;JS LOG'), ('LESSOPEN', '| /usr/bin/lesspipe %s'), ('USER', 'thiago'), ('LC_TIME', 'es_AR.UTF-8'), ('GIO_MODULE_DIR', '/home/thiago/snap/code/common/.cache/gio-modules'), ('XDG_SESSION_TYPE', 'wayland'), ('GIT_ASKPASS', '/snap/code/126/usr/share/code/resources/app/extensions/git/dist/askpass.sh'), ('SHLVL', '1'), ('LD_LIBRARY_PATH', '/opt/ros/humble/opt/rviz_ogre_vendor/lib:/opt/ros/humble/lib/x86_64-linux-gnu:/opt/ros/humble/lib'), ('HOME', '/home/thiago'), ('CHROME_DESKTOP', 'code-url-handler.desktop'), ('TERM_PROGRAM_VERSION', '1.77.3'), ('DESKTOP_SESSION', 'ubuntu'), ('GTK_PATH', '/snap/code/126/usr/lib/x86_64-linux-gnu/gtk-3.0'), ('GTK_IM_MODULE_FILE', '/home/thiago/snap/code/common/.cache/immodules/immodules.cache'), ('GIO_LAUNCHED_DESKTOP_FILE', '/var/lib/snapd/desktop/applications/code_code.desktop'), ('ROS_PYTHON_VERSION', '3'), ('GNOME_SHELL_SESSION_MODE', 'ubuntu'), ('GTK_MODULES', 'gail:atk-bridge'), ('VSCODE_GIT_ASKPASS_MAIN', '/snap/code/126/usr/share/code/resources/app/extensions/git/dist/askpass-main.js'), ('LC_MONETARY', 'es_AR.UTF-8'), ('VSCODE_GIT_ASKPASS_NODE', '/snap/code/126/usr/share/code/code'), ('MANAGERPID', '1588'), ('SYSTEMD_EXEC_PID', '1810'), ('IM_CONFIG_CHECK_ENV', '1'), ('DBUS_SESSION_BUS_ADDRESS', 'unix:path=/run/user/1000/bus'), ('COLORTERM', 'truecolor'), ('GIO_LAUNCHED_DESKTOP_FILE_PID', '8678'), ('IM_CONFIG_PHASE', '1'), ('WAYLAND_DISPLAY', 'wayland-0'), ('ROS_DISTRO', 'humble'), ('LOGNAME', 'thiago'), ('JOURNAL_STREAM', '8:39020'), ('_', '/usr/bin/colcon'), ('ROS_VERSION', '2'), ('XDG_SESSION_CLASS', 'user'), ('USERNAME', 'thiago'), ('TERM', 'xterm-256color'), ('GNOME_DESKTOP_SESSION_ID', 'this-is-deprecated'), ('ROS_LOCALHOST_ONLY', '0'), ('PATH', '/opt/ros/humble/bin:/usr/local/sbin:/usr/local/bin:/usr/sbin:/usr/bin:/sbin:/bin:/usr/games:/usr/local/games:/snap/bin:/snap/bin'), ('SESSION_MANAGER', 'local/thiago-ubuntu:@/tmp/.ICE-unix/1787,unix/thiago-ubuntu:/tmp/.ICE-unix/1787'), ('GTK_EXE_PREFIX', '/snap/code/126/usr'), ('INVOCATION_ID', '63c8212d06f848a88a1e95159b071d26'), ('XDG_MENU_PREFIX', 'gnome-'), ('LC_ADDRESS', 'es_AR.UTF-8'), ('BAMF_DESKTOP_FILE_HINT', '/var/lib/snapd/desktop/applications/code_code.desktop'), ('GNOME_SETUP_DISPLAY', ':1'), ('XDG_RUNTIME_DIR', '/run/user/1000'), ('GDK_BACKEND', 'x11'), ('DISPLAY', ':0'), ('LOCPATH', '/snap/code/126/usr/lib/locale'), ('LANG', 'en_US.UTF-8'), ('XDG_CURRENT_DESKTOP', 'Unity'), ('LC_TELEPHONE', 'es_AR.UTF-8'), ('XMODIFIERS', '@im=ibus'), ('XDG_SESSION_DESKTOP', 'ubuntu'), ('XAUTHORITY', '/run/user/1000/.mutter-Xwaylandauth.QOFV31'), ('LS_COLORS', ''), ('VSCODE_GIT_IPC_HANDLE', '/run/user/1000/vscode-git-97806cd883.sock'), ('TERM_PROGRAM', 'vscode'), ('SSH_AGENT_LAUNCHER', 'gnome-keyring'), ('SSH_AUTH_SOCK', '/run/user/1000/keyring/ssh'), ('GSETTINGS_SCHEMA_DIR', '/home/thiago/snap/code/126/.local/share/glib-2.0/schemas'), ('AMENT_PREFIX_PATH', '/opt/ros/humble'), ('ORIGINAL_XDG_CURRENT_DESKTOP', 'ubuntu:GNOME'), ('SHELL', '/bin/bash'), ('LC_NAME', 'es_AR.UTF-8'), ('QT_ACCESSIBILITY', '1'), ('GDMSESSION', 'ubuntu'), ('LESSCLOSE', '/usr/bin/lesspipe %s %s'), ('LC_MEASUREMENT', 'es_AR.UTF-8'), ('GJS_DEBUG_OUTPUT', 'stderr'), ('LC_IDENTIFICATION', 'es_AR.UTF-8'), ('VSCODE_GIT_ASKPASS_EXTRA_ARGS', '--ms-enable-electron-run-as-node'), ('QT_IM_MODULE', 'ibus'), ('PWD', '/home/thiago/workspaces/ros2_py_ws/build/udemy_ros2_pkg'), ('LC_ALL', 'en_US.UTF-8'), ('XDG_CONFIG_DIRS', '/etc/xdg/xdg-ubuntu:/etc/xdg'), ('XDG_DATA_DIRS', '/home/thiago/snap/code/126/.local/share:/home/thiago/snap/code/126:/snap/code/126/usr/share:/usr/share/ubuntu:/usr/local/share/:/usr/share/:/var/lib/snapd/desktop'), ('PYTHONPATH', '/opt/ros/humble/lib/python3.10/site-packages:/opt/ros/humble/local/lib/python3.10/dist-packages'), ('LC_NUMERIC', 'es_AR.UTF-8'), ('LC_PAPER', 'es_AR.UTF-8'), ('GTK_USE_PORTAL', '1'), ('COLCON', '1'), ('CMAKE_PREFIX_PATH', '/opt/ros/humble')]), 'shell': False}
[0.051520] (robo_clase22) StdoutLine: {'line': b'[ 12%] Built target robo_clase22__cpp\n'}
[0.051757] (robo_clase22) StdoutLine: {'line': b'[ 12%] Built target robo_clase22__rosidl_generator_c\n'}
[0.057375] (robo_clase22) StdoutLine: {'line': b'[ 12%] Built target ament_cmake_python_symlink_scripts\n'}
[0.057645] (udemy_ros2_pkg) StdoutLine: {'line': b'Built target ament_cmake_python_symlink_scripts\n'}
[0.057818] (robo_clase22) StdoutLine: {'line': b'[ 12%] Built target ament_cmake_python_symlink_robo_clase22\n'}
[0.066445] (robo_clase22) StdoutLine: {'line': b'[ 22%] Built target robo_clase22__rosidl_typesupport_cpp\n'}
[0.066853] (robo_clase22) StdoutLine: {'line': b'[ 32%] Built target robo_clase22__rosidl_typesupport_fastrtps_cpp\n'}
[0.067095] (robo_clase22) StdoutLine: {'line': b'[ 45%] Built target robo_clase22__rosidl_typesupport_c\n'}
[0.067235] (robo_clase22) StdoutLine: {'line': b'[ 51%] Built target robo_clase22__rosidl_typesupport_introspection_c\n'}
[0.067731] (robo_clase22) StdoutLine: {'line': b'[ 61%] Built target robo_clase22__rosidl_typesupport_fastrtps_c\n'}
[0.068414] (robo_clase22) StdoutLine: {'line': b'[ 70%] Built target robo_clase22__rosidl_typesupport_introspection_cpp\n'}
[0.081593] (robo_clase22) StdoutLine: {'line': b'[ 70%] Built target robo_clase22\n'}
[0.094947] (robo_clase22) StdoutLine: {'line': b'[ 74%] Built target robo_clase22__py\n'}
[0.098515] (-) TimerEvent: {}
[0.111140] (robo_clase22) StdoutLine: {'line': b'[ 80%] Built target robo_clase22__rosidl_generator_py\n'}
[0.126796] (robo_clase22) StdoutLine: {'line': b'[100%] Built target robo_clase22__rosidl_typesupport_fastrtps_c__pyext\n'}
[0.127005] (robo_clase22) StdoutLine: {'line': b'[100%] Built target robo_clase22__rosidl_typesupport_c__pyext\n'}
[0.127111] (robo_clase22) StdoutLine: {'line': b'[100%] Built target robo_clase22__rosidl_typesupport_introspection_c__pyext\n'}
[0.198636] (-) TimerEvent: {}
[0.232801] (udemy_ros2_pkg) StdoutLine: {'line': b'running egg_info\n'}
[0.233484] (udemy_ros2_pkg) StdoutLine: {'line': b'writing scripts.egg-info/PKG-INFO\n'}
[0.233703] (udemy_ros2_pkg) StdoutLine: {'line': b'writing dependency_links to scripts.egg-info/dependency_links.txt\n'}
[0.233874] (udemy_ros2_pkg) StdoutLine: {'line': b'writing top-level names to scripts.egg-info/top_level.txt\n'}
[0.234581] (robo_clase22) StdoutLine: {'line': b'running egg_info\n'}
[0.235222] (robo_clase22) StdoutLine: {'line': b'writing robo_clase22.egg-info/PKG-INFO\n'}
[0.235295] (robo_clase22) StdoutLine: {'line': b'running egg_info\n'}
[0.235424] (robo_clase22) StdoutLine: {'line': b'writing dependency_links to robo_clase22.egg-info/dependency_links.txt\n'}
[0.235551] (robo_clase22) StdoutLine: {'line': b'writing top-level names to robo_clase22.egg-info/top_level.txt\n'}
[0.235680] (udemy_ros2_pkg) StdoutLine: {'line': b"reading manifest file 'scripts.egg-info/SOURCES.txt'\n"}
[0.235797] (udemy_ros2_pkg) StdoutLine: {'line': b"writing manifest file 'scripts.egg-info/SOURCES.txt'\n"}
[0.235960] (robo_clase22) StdoutLine: {'line': b'writing scripts.egg-info/PKG-INFO\n'}
[0.236158] (robo_clase22) StdoutLine: {'line': b'writing dependency_links to scripts.egg-info/dependency_links.txt\n'}
[0.236284] (robo_clase22) StdoutLine: {'line': b'writing top-level names to scripts.egg-info/top_level.txt\n'}
[0.237090] (robo_clase22) StdoutLine: {'line': b"reading manifest file 'robo_clase22.egg-info/SOURCES.txt'\n"}
[0.237544] (robo_clase22) StdoutLine: {'line': b"writing manifest file 'robo_clase22.egg-info/SOURCES.txt'\n"}
[0.237715] (robo_clase22) StdoutLine: {'line': b"reading manifest file 'scripts.egg-info/SOURCES.txt'\n"}
[0.238163] (robo_clase22) StdoutLine: {'line': b"writing manifest file 'scripts.egg-info/SOURCES.txt'\n"}
[0.262428] (robo_clase22) StdoutLine: {'line': b'[100%] Built target ament_cmake_python_build_scripts_egg\n'}
[0.262717] (robo_clase22) StdoutLine: {'line': b'[100%] Built target ament_cmake_python_build_robo_clase22_egg\n'}
[0.266490] (udemy_ros2_pkg) StdoutLine: {'line': b'Built target ament_cmake_python_build_scripts_egg\n'}
[0.268538] (robo_clase22) CommandEnded: {'returncode': 0}
[0.272606] (udemy_ros2_pkg) CommandEnded: {'returncode': 0}
[0.283793] (udemy_ros2_pkg) JobProgress: {'identifier': 'udemy_ros2_pkg', 'progress': 'install'}
[0.288269] (udemy_ros2_pkg) Command: {'cmd': ['/usr/bin/cmake', '--install', '/home/thiago/workspaces/ros2_py_ws/build/udemy_ros2_pkg'], 'cwd': '/home/thiago/workspaces/ros2_py_ws/build/udemy_ros2_pkg', 'env': OrderedDict([('GJS_DEBUG_TOPICS', 'JS ERROR;JS LOG'), ('LESSOPEN', '| /usr/bin/lesspipe %s'), ('USER', 'thiago'), ('LC_TIME', 'es_AR.UTF-8'), ('GIO_MODULE_DIR', '/home/thiago/snap/code/common/.cache/gio-modules'), ('XDG_SESSION_TYPE', 'wayland'), ('GIT_ASKPASS', '/snap/code/126/usr/share/code/resources/app/extensions/git/dist/askpass.sh'), ('SHLVL', '1'), ('LD_LIBRARY_PATH', '/opt/ros/humble/opt/rviz_ogre_vendor/lib:/opt/ros/humble/lib/x86_64-linux-gnu:/opt/ros/humble/lib'), ('HOME', '/home/thiago'), ('CHROME_DESKTOP', 'code-url-handler.desktop'), ('TERM_PROGRAM_VERSION', '1.77.3'), ('DESKTOP_SESSION', 'ubuntu'), ('GTK_PATH', '/snap/code/126/usr/lib/x86_64-linux-gnu/gtk-3.0'), ('GTK_IM_MODULE_FILE', '/home/thiago/snap/code/common/.cache/immodules/immodules.cache'), ('GIO_LAUNCHED_DESKTOP_FILE', '/var/lib/snapd/desktop/applications/code_code.desktop'), ('ROS_PYTHON_VERSION', '3'), ('GNOME_SHELL_SESSION_MODE', 'ubuntu'), ('GTK_MODULES', 'gail:atk-bridge'), ('VSCODE_GIT_ASKPASS_MAIN', '/snap/code/126/usr/share/code/resources/app/extensions/git/dist/askpass-main.js'), ('LC_MONETARY', 'es_AR.UTF-8'), ('VSCODE_GIT_ASKPASS_NODE', '/snap/code/126/usr/share/code/code'), ('MANAGERPID', '1588'), ('SYSTEMD_EXEC_PID', '1810'), ('IM_CONFIG_CHECK_ENV', '1'), ('DBUS_SESSION_BUS_ADDRESS', 'unix:path=/run/user/1000/bus'), ('COLORTERM', 'truecolor'), ('GIO_LAUNCHED_DESKTOP_FILE_PID', '8678'), ('IM_CONFIG_PHASE', '1'), ('WAYLAND_DISPLAY', 'wayland-0'), ('ROS_DISTRO', 'humble'), ('LOGNAME', 'thiago'), ('JOURNAL_STREAM', '8:39020'), ('_', '/usr/bin/colcon'), ('ROS_VERSION', '2'), ('XDG_SESSION_CLASS', 'user'), ('USERNAME', 'thiago'), ('TERM', 'xterm-256color'), ('GNOME_DESKTOP_SESSION_ID', 'this-is-deprecated'), ('ROS_LOCALHOST_ONLY', '0'), ('PATH', '/opt/ros/humble/bin:/usr/local/sbin:/usr/local/bin:/usr/sbin:/usr/bin:/sbin:/bin:/usr/games:/usr/local/games:/snap/bin:/snap/bin'), ('SESSION_MANAGER', 'local/thiago-ubuntu:@/tmp/.ICE-unix/1787,unix/thiago-ubuntu:/tmp/.ICE-unix/1787'), ('GTK_EXE_PREFIX', '/snap/code/126/usr'), ('INVOCATION_ID', '63c8212d06f848a88a1e95159b071d26'), ('XDG_MENU_PREFIX', 'gnome-'), ('LC_ADDRESS', 'es_AR.UTF-8'), ('BAMF_DESKTOP_FILE_HINT', '/var/lib/snapd/desktop/applications/code_code.desktop'), ('GNOME_SETUP_DISPLAY', ':1'), ('XDG_RUNTIME_DIR', '/run/user/1000'), ('GDK_BACKEND', 'x11'), ('DISPLAY', ':0'), ('LOCPATH', '/snap/code/126/usr/lib/locale'), ('LANG', 'en_US.UTF-8'), ('XDG_CURRENT_DESKTOP', 'Unity'), ('LC_TELEPHONE', 'es_AR.UTF-8'), ('XMODIFIERS', '@im=ibus'), ('XDG_SESSION_DESKTOP', 'ubuntu'), ('XAUTHORITY', '/run/user/1000/.mutter-Xwaylandauth.QOFV31'), ('LS_COLORS', ''), ('VSCODE_GIT_IPC_HANDLE', '/run/user/1000/vscode-git-97806cd883.sock'), ('TERM_PROGRAM', 'vscode'), ('SSH_AGENT_LAUNCHER', 'gnome-keyring'), ('SSH_AUTH_SOCK', '/run/user/1000/keyring/ssh'), ('GSETTINGS_SCHEMA_DIR', '/home/thiago/snap/code/126/.local/share/glib-2.0/schemas'), ('AMENT_PREFIX_PATH', '/opt/ros/humble'), ('ORIGINAL_XDG_CURRENT_DESKTOP', 'ubuntu:GNOME'), ('SHELL', '/bin/bash'), ('LC_NAME', 'es_AR.UTF-8'), ('QT_ACCESSIBILITY', '1'), ('GDMSESSION', 'ubuntu'), ('LESSCLOSE', '/usr/bin/lesspipe %s %s'), ('LC_MEASUREMENT', 'es_AR.UTF-8'), ('GJS_DEBUG_OUTPUT', 'stderr'), ('LC_IDENTIFICATION', 'es_AR.UTF-8'), ('VSCODE_GIT_ASKPASS_EXTRA_ARGS', '--ms-enable-electron-run-as-node'), ('QT_IM_MODULE', 'ibus'), ('PWD', '/home/thiago/workspaces/ros2_py_ws/build/udemy_ros2_pkg'), ('LC_ALL', 'en_US.UTF-8'), ('XDG_CONFIG_DIRS', '/etc/xdg/xdg-ubuntu:/etc/xdg'), ('XDG_DATA_DIRS', '/home/thiago/snap/code/126/.local/share:/home/thiago/snap/code/126:/snap/code/126/usr/share:/usr/share/ubuntu:/usr/local/share/:/usr/share/:/var/lib/snapd/desktop'), ('PYTHONPATH', '/opt/ros/humble/lib/python3.10/site-packages:/opt/ros/humble/local/lib/python3.10/dist-packages'), ('LC_NUMERIC', 'es_AR.UTF-8'), ('LC_PAPER', 'es_AR.UTF-8'), ('GTK_USE_PORTAL', '1'), ('COLCON', '1'), ('CMAKE_PREFIX_PATH', '/opt/ros/humble')]), 'shell': False}
[0.292589] (udemy_ros2_pkg) StdoutLine: {'line': b'-- Install configuration: ""\n'}
[0.292924] (udemy_ros2_pkg) StdoutLine: {'line': b'-- Execute custom install script\n'}
[0.293096] (udemy_ros2_pkg) StdoutLine: {'line': b'-- Up-to-date symlink: /home/thiago/workspaces/ros2_py_ws/install/udemy_ros2_pkg/share/udemy_ros2_pkg/environment/pythonpath.sh\n'}
[0.293187] (udemy_ros2_pkg) StdoutLine: {'line': b'-- Up-to-date symlink: /home/thiago/workspaces/ros2_py_ws/install/udemy_ros2_pkg/share/udemy_ros2_pkg/environment/pythonpath.dsv\n'}
[0.293429] (udemy_ros2_pkg) StdoutLine: {'line': b'-- Up-to-date symlink: /home/thiago/workspaces/ros2_py_ws/install/udemy_ros2_pkg/local/lib/python3.10/dist-packages/scripts-0.0.0-py3.10.egg-info/PKG-INFO\n'}
[0.293576] (udemy_ros2_pkg) StdoutLine: {'line': b'-- Up-to-date symlink: /home/thiago/workspaces/ros2_py_ws/install/udemy_ros2_pkg/local/lib/python3.10/dist-packages/scripts-0.0.0-py3.10.egg-info/SOURCES.txt\n'}
[0.293685] (udemy_ros2_pkg) StdoutLine: {'line': b'-- Up-to-date symlink: /home/thiago/workspaces/ros2_py_ws/install/udemy_ros2_pkg/local/lib/python3.10/dist-packages/scripts-0.0.0-py3.10.egg-info/dependency_links.txt\n'}
[0.293868] (udemy_ros2_pkg) StdoutLine: {'line': b'-- Up-to-date symlink: /home/thiago/workspaces/ros2_py_ws/install/udemy_ros2_pkg/local/lib/python3.10/dist-packages/scripts-0.0.0-py3.10.egg-info/top_level.txt\n'}
[0.293952] (udemy_ros2_pkg) StdoutLine: {'line': b'-- Up-to-date symlink: /home/thiago/workspaces/ros2_py_ws/install/udemy_ros2_pkg/local/lib/python3.10/dist-packages/scripts/__init__.py\n'}
[0.294030] (udemy_ros2_pkg) StdoutLine: {'line': b'-- Up-to-date symlink: /home/thiago/workspaces/ros2_py_ws/install/udemy_ros2_pkg/local/lib/python3.10/dist-packages/scripts/publisher.py\n'}
[0.294160] (udemy_ros2_pkg) StdoutLine: {'line': b'-- Up-to-date symlink: /home/thiago/workspaces/ros2_py_ws/install/udemy_ros2_pkg/local/lib/python3.10/dist-packages/scripts/subscriber.py\n'}
[0.294230] (udemy_ros2_pkg) StdoutLine: {'line': b'-- Up-to-date symlink: /home/thiago/workspaces/ros2_py_ws/install/udemy_ros2_pkg/lib/udemy_ros2_pkg/publisher.py\n'}
[0.294328] (udemy_ros2_pkg) StdoutLine: {'line': b'-- Up-to-date symlink: /home/thiago/workspaces/ros2_py_ws/install/udemy_ros2_pkg/lib/udemy_ros2_pkg/subscriber.py\n'}
[0.294402] (udemy_ros2_pkg) StdoutLine: {'line': b'-- Up-to-date symlink: /home/thiago/workspaces/ros2_py_ws/install/udemy_ros2_pkg/share/ament_index/resource_index/package_run_dependencies/udemy_ros2_pkg\n'}
[0.294467] (udemy_ros2_pkg) StdoutLine: {'line': b'-- Up-to-date symlink: /home/thiago/workspaces/ros2_py_ws/install/udemy_ros2_pkg/share/ament_index/resource_index/parent_prefix_path/udemy_ros2_pkg\n'}
[0.294604] (udemy_ros2_pkg) StdoutLine: {'line': b'-- Up-to-date symlink: /home/thiago/workspaces/ros2_py_ws/install/udemy_ros2_pkg/share/udemy_ros2_pkg/environment/ament_prefix_path.sh\n'}
[0.294679] (udemy_ros2_pkg) StdoutLine: {'line': b'-- Up-to-date symlink: /home/thiago/workspaces/ros2_py_ws/install/udemy_ros2_pkg/share/udemy_ros2_pkg/environment/ament_prefix_path.dsv\n'}
[0.294815] (udemy_ros2_pkg) StdoutLine: {'line': b'-- Up-to-date symlink: /home/thiago/workspaces/ros2_py_ws/install/udemy_ros2_pkg/share/udemy_ros2_pkg/environment/path.sh\n'}
[0.294885] (udemy_ros2_pkg) StdoutLine: {'line': b'-- Up-to-date symlink: /home/thiago/workspaces/ros2_py_ws/install/udemy_ros2_pkg/share/udemy_ros2_pkg/environment/path.dsv\n'}
[0.294982] (udemy_ros2_pkg) StdoutLine: {'line': b'-- Up-to-date symlink: /home/thiago/workspaces/ros2_py_ws/install/udemy_ros2_pkg/share/udemy_ros2_pkg/local_setup.bash\n'}
[0.295049] (udemy_ros2_pkg) StdoutLine: {'line': b'-- Up-to-date symlink: /home/thiago/workspaces/ros2_py_ws/install/udemy_ros2_pkg/share/udemy_ros2_pkg/local_setup.sh\n'}
[0.295187] (udemy_ros2_pkg) StdoutLine: {'line': b'-- Up-to-date symlink: /home/thiago/workspaces/ros2_py_ws/install/udemy_ros2_pkg/share/udemy_ros2_pkg/local_setup.zsh\n'}
[0.295242] (udemy_ros2_pkg) StdoutLine: {'line': b'-- Up-to-date symlink: /home/thiago/workspaces/ros2_py_ws/install/udemy_ros2_pkg/share/udemy_ros2_pkg/local_setup.dsv\n'}
[0.295297] (udemy_ros2_pkg) StdoutLine: {'line': b'-- Symlinking: /home/thiago/workspaces/ros2_py_ws/install/udemy_ros2_pkg/share/udemy_ros2_pkg/package.dsv\n'}
[0.296234] (robo_clase22) JobProgress: {'identifier': 'robo_clase22', 'progress': 'install'}
[0.297198] (robo_clase22) Command: {'cmd': ['/usr/bin/cmake', '--install', '/home/thiago/workspaces/ros2_py_ws/build/robo_clase22'], 'cwd': '/home/thiago/workspaces/ros2_py_ws/build/robo_clase22', 'env': OrderedDict([('GJS_DEBUG_TOPICS', 'JS ERROR;JS LOG'), ('LESSOPEN', '| /usr/bin/lesspipe %s'), ('USER', 'thiago'), ('LC_TIME', 'es_AR.UTF-8'), ('GIO_MODULE_DIR', '/home/thiago/snap/code/common/.cache/gio-modules'), ('XDG_SESSION_TYPE', 'wayland'), ('GIT_ASKPASS', '/snap/code/126/usr/share/code/resources/app/extensions/git/dist/askpass.sh'), ('SHLVL', '1'), ('LD_LIBRARY_PATH', '/opt/ros/humble/opt/rviz_ogre_vendor/lib:/opt/ros/humble/lib/x86_64-linux-gnu:/opt/ros/humble/lib'), ('HOME', '/home/thiago'), ('CHROME_DESKTOP', 'code-url-handler.desktop'), ('TERM_PROGRAM_VERSION', '1.77.3'), ('DESKTOP_SESSION', 'ubuntu'), ('GTK_PATH', '/snap/code/126/usr/lib/x86_64-linux-gnu/gtk-3.0'), ('GTK_IM_MODULE_FILE', '/home/thiago/snap/code/common/.cache/immodules/immodules.cache'), ('GIO_LAUNCHED_DESKTOP_FILE', '/var/lib/snapd/desktop/applications/code_code.desktop'), ('ROS_PYTHON_VERSION', '3'), ('GNOME_SHELL_SESSION_MODE', 'ubuntu'), ('GTK_MODULES', 'gail:atk-bridge'), ('VSCODE_GIT_ASKPASS_MAIN', '/snap/code/126/usr/share/code/resources/app/extensions/git/dist/askpass-main.js'), ('LC_MONETARY', 'es_AR.UTF-8'), ('VSCODE_GIT_ASKPASS_NODE', '/snap/code/126/usr/share/code/code'), ('MANAGERPID', '1588'), ('SYSTEMD_EXEC_PID', '1810'), ('IM_CONFIG_CHECK_ENV', '1'), ('DBUS_SESSION_BUS_ADDRESS', 'unix:path=/run/user/1000/bus'), ('COLORTERM', 'truecolor'), ('GIO_LAUNCHED_DESKTOP_FILE_PID', '8678'), ('IM_CONFIG_PHASE', '1'), ('WAYLAND_DISPLAY', 'wayland-0'), ('ROS_DISTRO', 'humble'), ('LOGNAME', 'thiago'), ('JOURNAL_STREAM', '8:39020'), ('_', '/usr/bin/colcon'), ('ROS_VERSION', '2'), ('XDG_SESSION_CLASS', 'user'), ('USERNAME', 'thiago'), ('TERM', 'xterm-256color'), ('GNOME_DESKTOP_SESSION_ID', 'this-is-deprecated'), ('ROS_LOCALHOST_ONLY', '0'), ('PATH', '/opt/ros/humble/bin:/usr/local/sbin:/usr/local/bin:/usr/sbin:/usr/bin:/sbin:/bin:/usr/games:/usr/local/games:/snap/bin:/snap/bin'), ('SESSION_MANAGER', 'local/thiago-ubuntu:@/tmp/.ICE-unix/1787,unix/thiago-ubuntu:/tmp/.ICE-unix/1787'), ('GTK_EXE_PREFIX', '/snap/code/126/usr'), ('INVOCATION_ID', '63c8212d06f848a88a1e95159b071d26'), ('XDG_MENU_PREFIX', 'gnome-'), ('LC_ADDRESS', 'es_AR.UTF-8'), ('BAMF_DESKTOP_FILE_HINT', '/var/lib/snapd/desktop/applications/code_code.desktop'), ('GNOME_SETUP_DISPLAY', ':1'), ('XDG_RUNTIME_DIR', '/run/user/1000'), ('GDK_BACKEND', 'x11'), ('DISPLAY', ':0'), ('LOCPATH', '/snap/code/126/usr/lib/locale'), ('LANG', 'en_US.UTF-8'), ('XDG_CURRENT_DESKTOP', 'Unity'), ('LC_TELEPHONE', 'es_AR.UTF-8'), ('XMODIFIERS', '@im=ibus'), ('XDG_SESSION_DESKTOP', 'ubuntu'), ('XAUTHORITY', '/run/user/1000/.mutter-Xwaylandauth.QOFV31'), ('LS_COLORS', ''), ('VSCODE_GIT_IPC_HANDLE', '/run/user/1000/vscode-git-97806cd883.sock'), ('TERM_PROGRAM', 'vscode'), ('SSH_AGENT_LAUNCHER', 'gnome-keyring'), ('SSH_AUTH_SOCK', '/run/user/1000/keyring/ssh'), ('GSETTINGS_SCHEMA_DIR', '/home/thiago/snap/code/126/.local/share/glib-2.0/schemas'), ('AMENT_PREFIX_PATH', '/opt/ros/humble'), ('ORIGINAL_XDG_CURRENT_DESKTOP', 'ubuntu:GNOME'), ('SHELL', '/bin/bash'), ('LC_NAME', 'es_AR.UTF-8'), ('QT_ACCESSIBILITY', '1'), ('GDMSESSION', 'ubuntu'), ('LESSCLOSE', '/usr/bin/lesspipe %s %s'), ('LC_MEASUREMENT', 'es_AR.UTF-8'), ('GJS_DEBUG_OUTPUT', 'stderr'), ('LC_IDENTIFICATION', 'es_AR.UTF-8'), ('VSCODE_GIT_ASKPASS_EXTRA_ARGS', '--ms-enable-electron-run-as-node'), ('QT_IM_MODULE', 'ibus'), ('PWD', '/home/thiago/workspaces/ros2_py_ws/build/robo_clase22'), ('LC_ALL', 'en_US.UTF-8'), ('XDG_CONFIG_DIRS', '/etc/xdg/xdg-ubuntu:/etc/xdg'), ('XDG_DATA_DIRS', '/home/thiago/snap/code/126/.local/share:/home/thiago/snap/code/126:/snap/code/126/usr/share:/usr/share/ubuntu:/usr/local/share/:/usr/share/:/var/lib/snapd/desktop'), ('PYTHONPATH', '/opt/ros/humble/lib/python3.10/site-packages:/opt/ros/humble/local/lib/python3.10/dist-packages'), ('LC_NUMERIC', 'es_AR.UTF-8'), ('LC_PAPER', 'es_AR.UTF-8'), ('GTK_USE_PORTAL', '1'), ('COLCON', '1'), ('CMAKE_PREFIX_PATH', '/opt/ros/humble')]), 'shell': False}
[0.298712] (-) TimerEvent: {}
[0.300405] (udemy_ros2_pkg) StdoutLine: {'line': b'-- Up-to-date symlink: /home/thiago/workspaces/ros2_py_ws/install/udemy_ros2_pkg/share/ament_index/resource_index/packages/udemy_ros2_pkg\n'}
[0.300556] (udemy_ros2_pkg) StdoutLine: {'line': b'-- Up-to-date symlink: /home/thiago/workspaces/ros2_py_ws/install/udemy_ros2_pkg/share/udemy_ros2_pkg/cmake/udemy_ros2_pkgConfig.cmake\n'}
[0.300660] (udemy_ros2_pkg) StdoutLine: {'line': b'-- Up-to-date symlink: /home/thiago/workspaces/ros2_py_ws/install/udemy_ros2_pkg/share/udemy_ros2_pkg/cmake/udemy_ros2_pkgConfig-version.cmake\n'}
[0.300752] (udemy_ros2_pkg) StdoutLine: {'line': b'-- Up-to-date symlink: /home/thiago/workspaces/ros2_py_ws/install/udemy_ros2_pkg/share/udemy_ros2_pkg/package.xml\n'}
[0.300961] (robo_clase22) StdoutLine: {'line': b'-- Install configuration: ""\n'}
[0.301450] (robo_clase22) StdoutLine: {'line': b'-- Execute custom install script\n'}
[0.301588] (robo_clase22) StdoutLine: {'line': b'-- Up-to-date symlink: /home/thiago/workspaces/ros2_py_ws/install/robo_clase22/share/ament_index/resource_index/rosidl_interfaces/robo_clase22\n'}
[0.301864] (robo_clase22) StdoutLine: {'line': b'-- Up-to-date symlink: /home/thiago/workspaces/ros2_py_ws/install/robo_clase22/include/robo_clase22/robo_clase22/msg/rosidl_generator_c__visibility_control.h\n'}
[0.301934] (robo_clase22) StdoutLine: {'line': b'-- Up-to-date symlink: /home/thiago/workspaces/ros2_py_ws/install/robo_clase22/include/robo_clase22/robo_clase22/srv/detail/odd_even_check__functions.h\n'}
[0.302005] (robo_clase22) StdoutLine: {'line': b'-- Up-to-date symlink: /home/thiago/workspaces/ros2_py_ws/install/robo_clase22/include/robo_clase22/robo_clase22/srv/detail/odd_even_check__struct.h\n'}
[0.302076] (robo_clase22) StdoutLine: {'line': b'-- Up-to-date symlink: /home/thiago/workspaces/ros2_py_ws/install/robo_clase22/include/robo_clase22/robo_clase22/srv/detail/odd_even_check__type_support.h\n'}
[0.302146] (robo_clase22) StdoutLine: {'line': b'-- Up-to-date symlink: /home/thiago/workspaces/ros2_py_ws/install/robo_clase22/include/robo_clase22/robo_clase22/srv/odd_even_check.h\n'}
[0.302255] (robo_clase22) StdoutLine: {'line': b'-- Up-to-date symlink: /home/thiago/workspaces/ros2_py_ws/install/robo_clase22/share/robo_clase22/environment/library_path.sh\n'}
[0.302349] (robo_clase22) StdoutLine: {'line': b'-- Up-to-date symlink: /home/thiago/workspaces/ros2_py_ws/install/robo_clase22/share/robo_clase22/environment/library_path.dsv\n'}
[0.302631] (robo_clase22) StdoutLine: {'line': b'-- Up-to-date symlink: /home/thiago/workspaces/ros2_py_ws/install/robo_clase22/include/robo_clase22/robo_clase22/msg/rosidl_typesupport_fastrtps_c__visibility_control.h\n'}
[0.302713] (robo_clase22) StdoutLine: {'line': b'-- Up-to-date symlink: /home/thiago/workspaces/ros2_py_ws/install/robo_clase22/include/robo_clase22/robo_clase22/srv/detail/odd_even_check__rosidl_typesupport_fastrtps_c.h\n'}
[0.302901] (robo_clase22) StdoutLine: {'line': b'-- Up-to-date symlink: /home/thiago/workspaces/ros2_py_ws/install/robo_clase22/include/robo_clase22/robo_clase22/msg/rosidl_typesupport_introspection_c__visibility_control.h\n'}
[0.302971] (robo_clase22) StdoutLine: {'line': b'-- Up-to-date symlink: /home/thiago/workspaces/ros2_py_ws/install/robo_clase22/include/robo_clase22/robo_clase22/srv/detail/odd_even_check__rosidl_typesupport_introspection_c.h\n'}
[0.303181] (robo_clase22) StdoutLine: {'line': b'-- Up-to-date symlink: /home/thiago/workspaces/ros2_py_ws/install/robo_clase22/include/robo_clase22/robo_clase22/srv/detail/odd_even_check__builder.hpp\n'}
[0.303250] (robo_clase22) StdoutLine: {'line': b'-- Up-to-date symlink: /home/thiago/workspaces/ros2_py_ws/install/robo_clase22/include/robo_clase22/robo_clase22/srv/detail/odd_even_check__struct.hpp\n'}
[0.303320] (robo_clase22) StdoutLine: {'line': b'-- Up-to-date symlink: /home/thiago/workspaces/ros2_py_ws/install/robo_clase22/include/robo_clase22/robo_clase22/srv/detail/odd_even_check__traits.hpp\n'}
[0.303399] (robo_clase22) StdoutLine: {'line': b'-- Up-to-date symlink: /home/thiago/workspaces/ros2_py_ws/install/robo_clase22/include/robo_clase22/robo_clase22/srv/odd_even_check.hpp\n'}
[0.303665] (robo_clase22) StdoutLine: {'line': b'-- Up-to-date symlink: /home/thiago/workspaces/ros2_py_ws/install/robo_clase22/include/robo_clase22/robo_clase22/msg/rosidl_typesupport_fastrtps_cpp__visibility_control.h\n'}
[0.303751] (robo_clase22) StdoutLine: {'line': b'-- Up-to-date symlink: /home/thiago/workspaces/ros2_py_ws/install/robo_clase22/include/robo_clase22/robo_clase22/srv/detail/odd_even_check__rosidl_typesupport_fastrtps_cpp.hpp\n'}
[0.303939] (robo_clase22) StdoutLine: {'line': b'-- Up-to-date symlink: /home/thiago/workspaces/ros2_py_ws/install/robo_clase22/include/robo_clase22/robo_clase22/srv/detail/odd_even_check__rosidl_typesupport_introspection_cpp.hpp\n'}
[0.305485] (robo_clase22) StdoutLine: {'line': b'-- Up-to-date symlink: /home/thiago/workspaces/ros2_py_ws/install/robo_clase22/share/robo_clase22/environment/pythonpath.sh\n'}
[0.305632] (robo_clase22) StdoutLine: {'line': b'-- Up-to-date symlink: /home/thiago/workspaces/ros2_py_ws/install/robo_clase22/share/robo_clase22/environment/pythonpath.dsv\n'}
[0.305720] (robo_clase22) StdoutLine: {'line': b'-- Up-to-date symlink: /home/thiago/workspaces/ros2_py_ws/install/robo_clase22/local/lib/python3.10/dist-packages/robo_clase22-0.0.0-py3.10.egg-info/PKG-INFO\n'}
[0.305798] (robo_clase22) StdoutLine: {'line': b'-- Up-to-date symlink: /home/thiago/workspaces/ros2_py_ws/install/robo_clase22/local/lib/python3.10/dist-packages/robo_clase22-0.0.0-py3.10.egg-info/SOURCES.txt\n'}
[0.305875] (robo_clase22) StdoutLine: {'line': b'-- Up-to-date symlink: /home/thiago/workspaces/ros2_py_ws/install/robo_clase22/local/lib/python3.10/dist-packages/robo_clase22-0.0.0-py3.10.egg-info/dependency_links.txt\n'}
[0.306383] (robo_clase22) StdoutLine: {'line': b'-- Up-to-date symlink: /home/thiago/workspaces/ros2_py_ws/install/robo_clase22/local/lib/python3.10/dist-packages/robo_clase22-0.0.0-py3.10.egg-info/top_level.txt\n'}
[0.306502] (robo_clase22) StdoutLine: {'line': b'-- Up-to-date symlink: /home/thiago/workspaces/ros2_py_ws/install/robo_clase22/local/lib/python3.10/dist-packages/robo_clase22/__init__.py\n'}
[0.306584] (robo_clase22) StdoutLine: {'line': b'-- Up-to-date symlink: /home/thiago/workspaces/ros2_py_ws/install/robo_clase22/local/lib/python3.10/dist-packages/robo_clase22/_robo_clase22_s.ep.rosidl_typesupport_c.c\n'}
[0.306666] (robo_clase22) StdoutLine: {'line': b'-- Up-to-date symlink: /home/thiago/workspaces/ros2_py_ws/install/robo_clase22/local/lib/python3.10/dist-packages/robo_clase22/_robo_clase22_s.ep.rosidl_typesupport_fastrtps_c.c\n'}
[0.306871] (robo_clase22) StdoutLine: {'line': b'-- Up-to-date symlink: /home/thiago/workspaces/ros2_py_ws/install/robo_clase22/local/lib/python3.10/dist-packages/robo_clase22/_robo_clase22_s.ep.rosidl_typesupport_introspection_c.c\n'}
[0.306987] (robo_clase22) StdoutLine: {'line': b'-- Up-to-date symlink: /home/thiago/workspaces/ros2_py_ws/install/robo_clase22/local/lib/python3.10/dist-packages/robo_clase22/librobo_clase22__rosidl_generator_py.so\n'}
[0.307073] (robo_clase22) StdoutLine: {'line': b'-- Up-to-date symlink: /home/thiago/workspaces/ros2_py_ws/install/robo_clase22/local/lib/python3.10/dist-packages/robo_clase22/robo_clase22_s__rosidl_typesupport_c.cpython-310-x86_64-linux-gnu.so\n'}
[0.307155] (robo_clase22) StdoutLine: {'line': b'-- Up-to-date symlink: /home/thiago/workspaces/ros2_py_ws/install/robo_clase22/local/lib/python3.10/dist-packages/robo_clase22/robo_clase22_s__rosidl_typesupport_fastrtps_c.cpython-310-x86_64-linux-gnu.so\n'}
[0.307274] (robo_clase22) StdoutLine: {'line': b'-- Up-to-date symlink: /home/thiago/workspaces/ros2_py_ws/install/robo_clase22/local/lib/python3.10/dist-packages/robo_clase22/robo_clase22_s__rosidl_typesupport_introspection_c.cpython-310-x86_64-linux-gnu.so\n'}
[0.307395] (robo_clase22) StdoutLine: {'line': b'-- Up-to-date symlink: /home/thiago/workspaces/ros2_py_ws/install/robo_clase22/local/lib/python3.10/dist-packages/robo_clase22/srv/__init__.py\n'}
[0.307545] (robo_clase22) StdoutLine: {'line': b'-- Up-to-date symlink: /home/thiago/workspaces/ros2_py_ws/install/robo_clase22/local/lib/python3.10/dist-packages/robo_clase22/srv/_odd_even_check.py\n'}
[0.307653] (robo_clase22) StdoutLine: {'line': b'-- Up-to-date symlink: /home/thiago/workspaces/ros2_py_ws/install/robo_clase22/local/lib/python3.10/dist-packages/robo_clase22/srv/_odd_even_check_s.c\n'}
[0.307737] (robo_clase22) StdoutLine: {'line': b'-- Up-to-date symlink: /home/thiago/workspaces/ros2_py_ws/install/robo_clase22/local/lib/python3.10/dist-packages/robo_clase22/robo_clase22_s__rosidl_typesupport_fastrtps_c.cpython-310-x86_64-linux-gnu.so\n'}
[0.307839] (robo_clase22) StdoutLine: {'line': b'-- Up-to-date symlink: /home/thiago/workspaces/ros2_py_ws/install/robo_clase22/local/lib/python3.10/dist-packages/robo_clase22/robo_clase22_s__rosidl_typesupport_introspection_c.cpython-310-x86_64-linux-gnu.so\n'}
[0.307905] (robo_clase22) StdoutLine: {'line': b'-- Up-to-date symlink: /home/thiago/workspaces/ros2_py_ws/install/robo_clase22/local/lib/python3.10/dist-packages/robo_clase22/robo_clase22_s__rosidl_typesupport_c.cpython-310-x86_64-linux-gnu.so\n'}
[0.307970] (robo_clase22) StdoutLine: {'line': b'-- Up-to-date symlink: /home/thiago/workspaces/ros2_py_ws/install/robo_clase22/share/robo_clase22/srv/OddEvenCheck.idl\n'}
[0.308042] (robo_clase22) StdoutLine: {'line': b'-- Up-to-date symlink: /home/thiago/workspaces/ros2_py_ws/install/robo_clase22/share/robo_clase22/srv/OddEvenCheck.srv\n'}
[0.308146] (robo_clase22) StdoutLine: {'line': b'-- Up-to-date symlink: /home/thiago/workspaces/ros2_py_ws/install/robo_clase22/share/robo_clase22/srv/OddEvenCheck_Request.msg\n'}
[0.308238] (robo_clase22) StdoutLine: {'line': b'-- Up-to-date symlink: /home/thiago/workspaces/ros2_py_ws/install/robo_clase22/share/robo_clase22/srv/OddEvenCheck_Response.msg\n'}
[0.308330] (robo_clase22) StdoutLine: {'line': b'-- Up-to-date symlink: /home/thiago/workspaces/ros2_py_ws/install/robo_clase22/local/lib/python3.10/dist-packages/scripts-0.0.0-py3.10.egg-info/PKG-INFO\n'}
[0.308413] (robo_clase22) StdoutLine: {'line': b'-- Up-to-date symlink: /home/thiago/workspaces/ros2_py_ws/install/robo_clase22/local/lib/python3.10/dist-packages/scripts-0.0.0-py3.10.egg-info/SOURCES.txt\n'}
[0.308465] (robo_clase22) StdoutLine: {'line': b'-- Up-to-date symlink: /home/thiago/workspaces/ros2_py_ws/install/robo_clase22/local/lib/python3.10/dist-packages/scripts-0.0.0-py3.10.egg-info/dependency_links.txt\n'}
[0.308520] (robo_clase22) StdoutLine: {'line': b'-- Up-to-date symlink: /home/thiago/workspaces/ros2_py_ws/install/robo_clase22/local/lib/python3.10/dist-packages/scripts-0.0.0-py3.10.egg-info/top_level.txt\n'}
[0.308619] (robo_clase22) StdoutLine: {'line': b'-- Up-to-date symlink: /home/thiago/workspaces/ros2_py_ws/install/robo_clase22/local/lib/python3.10/dist-packages/scripts/RPM.py\n'}
[0.308708] (robo_clase22) StdoutLine: {'line': b'-- Up-to-date symlink: /home/thiago/workspaces/ros2_py_ws/install/robo_clase22/local/lib/python3.10/dist-packages/scripts/VEL.py\n'}
[0.308791] (robo_clase22) StdoutLine: {'line': b'-- Up-to-date symlink: /home/thiago/workspaces/ros2_py_ws/install/robo_clase22/local/lib/python3.10/dist-packages/scripts/__init__.py\n'}
[0.308860] (robo_clase22) StdoutLine: {'line': b'-- Up-to-date symlink: /home/thiago/workspaces/ros2_py_ws/install/robo_clase22/local/lib/python3.10/dist-packages/scripts/service_server.py\n'}
[0.308928] (robo_clase22) StdoutLine: {'line': b'-- Up-to-date symlink: /home/thiago/workspaces/ros2_py_ws/install/robo_clase22/lib/robo_clase22/RPM.py\n'}
[0.309017] (robo_clase22) StdoutLine: {'line': b'-- Up-to-date symlink: /home/thiago/workspaces/ros2_py_ws/install/robo_clase22/lib/robo_clase22/VEL.py\n'}
[0.309105] (robo_clase22) StdoutLine: {'line': b'-- Up-to-date symlink: /home/thiago/workspaces/ros2_py_ws/install/robo_clase22/lib/robo_clase22/service_server.py\n'}
[0.309234] (robo_clase22) StdoutLine: {'line': b'-- Up-to-date symlink: /home/thiago/workspaces/ros2_py_ws/install/robo_clase22/share/robo_clase22//launch/rpm_node_launch.py\n'}
[0.309337] (robo_clase22) StdoutLine: {'line': b'-- Up-to-date symlink: /home/thiago/workspaces/ros2_py_ws/install/robo_clase22/share/ament_index/resource_index/package_run_dependencies/robo_clase22\n'}
[0.309444] (robo_clase22) StdoutLine: {'line': b'-- Up-to-date symlink: /home/thiago/workspaces/ros2_py_ws/install/robo_clase22/share/ament_index/resource_index/parent_prefix_path/robo_clase22\n'}
[0.309543] (robo_clase22) StdoutLine: {'line': b'-- Up-to-date symlink: /home/thiago/workspaces/ros2_py_ws/install/robo_clase22/share/robo_clase22/environment/ament_prefix_path.sh\n'}
[0.309634] (robo_clase22) StdoutLine: {'line': b'-- Up-to-date symlink: /home/thiago/workspaces/ros2_py_ws/install/robo_clase22/share/robo_clase22/environment/ament_prefix_path.dsv\n'}
[0.309727] (robo_clase22) StdoutLine: {'line': b'-- Up-to-date symlink: /home/thiago/workspaces/ros2_py_ws/install/robo_clase22/share/robo_clase22/environment/path.sh\n'}
[0.309818] (robo_clase22) StdoutLine: {'line': b'-- Up-to-date symlink: /home/thiago/workspaces/ros2_py_ws/install/robo_clase22/share/robo_clase22/environment/path.dsv\n'}
[0.309916] (robo_clase22) StdoutLine: {'line': b'-- Up-to-date symlink: /home/thiago/workspaces/ros2_py_ws/install/robo_clase22/share/robo_clase22/local_setup.bash\n'}
[0.310008] (robo_clase22) StdoutLine: {'line': b'-- Up-to-date symlink: /home/thiago/workspaces/ros2_py_ws/install/robo_clase22/share/robo_clase22/local_setup.sh\n'}
[0.310098] (robo_clase22) StdoutLine: {'line': b'-- Up-to-date symlink: /home/thiago/workspaces/ros2_py_ws/install/robo_clase22/share/robo_clase22/local_setup.zsh\n'}
[0.310191] (robo_clase22) StdoutLine: {'line': b'-- Up-to-date symlink: /home/thiago/workspaces/ros2_py_ws/install/robo_clase22/share/robo_clase22/local_setup.dsv\n'}
[0.310259] (robo_clase22) StdoutLine: {'line': b'-- Symlinking: /home/thiago/workspaces/ros2_py_ws/install/robo_clase22/share/robo_clase22/package.dsv\n'}
[0.316097] (robo_clase22) StdoutLine: {'line': b'-- Up-to-date symlink: /home/thiago/workspaces/ros2_py_ws/install/robo_clase22/share/ament_index/resource_index/packages/robo_clase22\n'}
[0.316249] (robo_clase22) StdoutLine: {'line': b'-- Up-to-date symlink: /home/thiago/workspaces/ros2_py_ws/install/robo_clase22/share/robo_clase22/cmake/rosidl_cmake-extras.cmake\n'}
[0.316350] (robo_clase22) StdoutLine: {'line': b'-- Up-to-date symlink: /home/thiago/workspaces/ros2_py_ws/install/robo_clase22/share/robo_clase22/cmake/ament_cmake_export_include_directories-extras.cmake\n'}
[0.316419] (robo_clase22) StdoutLine: {'line': b'-- Up-to-date symlink: /home/thiago/workspaces/ros2_py_ws/install/robo_clase22/share/robo_clase22/cmake/ament_cmake_export_libraries-extras.cmake\n'}
[0.316482] (robo_clase22) StdoutLine: {'line': b'-- Up-to-date symlink: /home/thiago/workspaces/ros2_py_ws/install/robo_clase22/share/robo_clase22/cmake/ament_cmake_export_targets-extras.cmake\n'}
[0.316556] (robo_clase22) StdoutLine: {'line': b'-- Up-to-date symlink: /home/thiago/workspaces/ros2_py_ws/install/robo_clase22/share/robo_clase22/cmake/rosidl_cmake_export_typesupport_targets-extras.cmake\n'}
[0.316651] (robo_clase22) StdoutLine: {'line': b'-- Up-to-date symlink: /home/thiago/workspaces/ros2_py_ws/install/robo_clase22/share/robo_clase22/cmake/ament_cmake_export_dependencies-extras.cmake\n'}
[0.316743] (robo_clase22) StdoutLine: {'line': b'-- Up-to-date symlink: /home/thiago/workspaces/ros2_py_ws/install/robo_clase22/share/robo_clase22/cmake/rosidl_cmake_export_typesupport_libraries-extras.cmake\n'}
[0.316837] (robo_clase22) StdoutLine: {'line': b'-- Up-to-date symlink: /home/thiago/workspaces/ros2_py_ws/install/robo_clase22/share/robo_clase22/cmake/robo_clase22Config.cmake\n'}
[0.316936] (robo_clase22) StdoutLine: {'line': b'-- Up-to-date symlink: /home/thiago/workspaces/ros2_py_ws/install/robo_clase22/share/robo_clase22/cmake/robo_clase22Config-version.cmake\n'}
[0.317109] (robo_clase22) StdoutLine: {'line': b'-- Up-to-date symlink: /home/thiago/workspaces/ros2_py_ws/install/robo_clase22/share/robo_clase22/package.xml\n'}
[0.317265] (robo_clase22) StdoutLine: {'line': b'-- Up-to-date: /home/thiago/workspaces/ros2_py_ws/install/robo_clase22/lib/librobo_clase22__rosidl_generator_c.so\n'}
[0.317431] (robo_clase22) StdoutLine: {'line': b'-- Up-to-date: /home/thiago/workspaces/ros2_py_ws/install/robo_clase22/lib/librobo_clase22__rosidl_typesupport_fastrtps_c.so\n'}
[0.317587] (robo_clase22) StdoutLine: {'line': b'-- Up-to-date: /home/thiago/workspaces/ros2_py_ws/install/robo_clase22/lib/librobo_clase22__rosidl_typesupport_introspection_c.so\n'}
[0.317731] (robo_clase22) StdoutLine: {'line': b'-- Up-to-date: /home/thiago/workspaces/ros2_py_ws/install/robo_clase22/lib/librobo_clase22__rosidl_typesupport_c.so\n'}
[0.317880] (robo_clase22) StdoutLine: {'line': b'-- Up-to-date: /home/thiago/workspaces/ros2_py_ws/install/robo_clase22/lib/librobo_clase22__rosidl_typesupport_fastrtps_cpp.so\n'}
[0.318039] (robo_clase22) StdoutLine: {'line': b'-- Up-to-date: /home/thiago/workspaces/ros2_py_ws/install/robo_clase22/lib/librobo_clase22__rosidl_typesupport_introspection_cpp.so\n'}
[0.318191] (robo_clase22) StdoutLine: {'line': b'-- Up-to-date: /home/thiago/workspaces/ros2_py_ws/install/robo_clase22/lib/librobo_clase22__rosidl_typesupport_cpp.so\n'}
[0.323124] (udemy_ros2_pkg) StdoutLine: {'line': b"Listing '/home/thiago/workspaces/ros2_py_ws/install/udemy_ros2_pkg/local/lib/python3.10/dist-packages/scripts'...\n"}
[0.327721] (udemy_ros2_pkg) CommandEnded: {'returncode': 0}
[0.345175] (robo_clase22) StdoutLine: {'line': b"Listing '/home/thiago/workspaces/ros2_py_ws/install/robo_clase22/local/lib/python3.10/dist-packages/robo_clase22'...\n"}
[0.345305] (robo_clase22) StdoutLine: {'line': b"Listing '/home/thiago/workspaces/ros2_py_ws/install/robo_clase22/local/lib/python3.10/dist-packages/robo_clase22/srv'...\n"}
[0.348094] (robo_clase22) StdoutLine: {'line': b'-- Up-to-date: /home/thiago/workspaces/ros2_py_ws/install/robo_clase22/lib/librobo_clase22__rosidl_generator_py.so\n'}
[0.364863] (udemy_ros2_pkg) JobEnded: {'identifier': 'udemy_ros2_pkg', 'rc': 0}
[0.368987] (robo_clase22) StdoutLine: {'line': b"Listing '/home/thiago/workspaces/ros2_py_ws/install/robo_clase22/local/lib/python3.10/dist-packages/scripts'...\n"}
[0.369106] (robo_clase22) StdoutLine: {'line': b"Compiling '/home/thiago/workspaces/ros2_py_ws/install/robo_clase22/local/lib/python3.10/dist-packages/scripts/service_server.py'...\n"}
[0.372116] (robo_clase22) StdoutLine: {'line': b'-- Up-to-date: /home/thiago/workspaces/ros2_py_ws/install/robo_clase22/share/robo_clase22/cmake/export_robo_clase22__rosidl_generator_cExport.cmake\n'}
[0.372252] (robo_clase22) StdoutLine: {'line': b'-- Up-to-date: /home/thiago/workspaces/ros2_py_ws/install/robo_clase22/share/robo_clase22/cmake/export_robo_clase22__rosidl_generator_cExport-noconfig.cmake\n'}
[0.372375] (robo_clase22) StdoutLine: {'line': b'-- Up-to-date: /home/thiago/workspaces/ros2_py_ws/install/robo_clase22/share/robo_clase22/cmake/export_robo_clase22__rosidl_typesupport_fastrtps_cExport.cmake\n'}
[0.372450] (robo_clase22) StdoutLine: {'line': b'-- Up-to-date: /home/thiago/workspaces/ros2_py_ws/install/robo_clase22/share/robo_clase22/cmake/export_robo_clase22__rosidl_typesupport_fastrtps_cExport-noconfig.cmake\n'}
[0.372520] (robo_clase22) StdoutLine: {'line': b'-- Up-to-date: /home/thiago/workspaces/ros2_py_ws/install/robo_clase22/share/robo_clase22/cmake/robo_clase22__rosidl_typesupport_introspection_cExport.cmake\n'}
[0.372589] (robo_clase22) StdoutLine: {'line': b'-- Up-to-date: /home/thiago/workspaces/ros2_py_ws/install/robo_clase22/share/robo_clase22/cmake/robo_clase22__rosidl_typesupport_introspection_cExport-noconfig.cmake\n'}
[0.372703] (robo_clase22) StdoutLine: {'line': b'-- Up-to-date: /home/thiago/workspaces/ros2_py_ws/install/robo_clase22/share/robo_clase22/cmake/robo_clase22__rosidl_typesupport_cExport.cmake\n'}
[0.372769] (robo_clase22) StdoutLine: {'line': b'-- Up-to-date: /home/thiago/workspaces/ros2_py_ws/install/robo_clase22/share/robo_clase22/cmake/robo_clase22__rosidl_typesupport_cExport-noconfig.cmake\n'}
[0.372826] (robo_clase22) StdoutLine: {'line': b'-- Up-to-date: /home/thiago/workspaces/ros2_py_ws/install/robo_clase22/share/robo_clase22/cmake/export_robo_clase22__rosidl_generator_cppExport.cmake\n'}
[0.372882] (robo_clase22) StdoutLine: {'line': b'-- Up-to-date: /home/thiago/workspaces/ros2_py_ws/install/robo_clase22/share/robo_clase22/cmake/export_robo_clase22__rosidl_typesupport_fastrtps_cppExport.cmake\n'}
[0.372941] (robo_clase22) StdoutLine: {'line': b'-- Up-to-date: /home/thiago/workspaces/ros2_py_ws/install/robo_clase22/share/robo_clase22/cmake/export_robo_clase22__rosidl_typesupport_fastrtps_cppExport-noconfig.cmake\n'}
[0.373073] (robo_clase22) StdoutLine: {'line': b'-- Up-to-date: /home/thiago/workspaces/ros2_py_ws/install/robo_clase22/share/robo_clase22/cmake/robo_clase22__rosidl_typesupport_introspection_cppExport.cmake\n'}
[0.373136] (robo_clase22) StdoutLine: {'line': b'-- Up-to-date: /home/thiago/workspaces/ros2_py_ws/install/robo_clase22/share/robo_clase22/cmake/robo_clase22__rosidl_typesupport_introspection_cppExport-noconfig.cmake\n'}
[0.373199] (robo_clase22) StdoutLine: {'line': b'-- Up-to-date: /home/thiago/workspaces/ros2_py_ws/install/robo_clase22/share/robo_clase22/cmake/robo_clase22__rosidl_typesupport_cppExport.cmake\n'}
[0.373249] (robo_clase22) StdoutLine: {'line': b'-- Up-to-date: /home/thiago/workspaces/ros2_py_ws/install/robo_clase22/share/robo_clase22/cmake/robo_clase22__rosidl_typesupport_cppExport-noconfig.cmake\n'}
[0.373298] (robo_clase22) StdoutLine: {'line': b'-- Up-to-date: /home/thiago/workspaces/ros2_py_ws/install/robo_clase22/share/robo_clase22/cmake/export_robo_clase22__rosidl_generator_pyExport.cmake\n'}
[0.373345] (robo_clase22) StdoutLine: {'line': b'-- Up-to-date: /home/thiago/workspaces/ros2_py_ws/install/robo_clase22/share/robo_clase22/cmake/export_robo_clase22__rosidl_generator_pyExport-noconfig.cmake\n'}
[0.377125] (robo_clase22) CommandEnded: {'returncode': 0}
[0.398860] (-) TimerEvent: {}
[0.435691] (robo_clase22) JobEnded: {'identifier': 'robo_clase22', 'rc': 0}
[0.436271] (-) EventReactorShutdown: {}
