-- Found ament_cmake: 1.3.3 (/opt/ros/humble/share/ament_cmake/cmake)
-- Override CMake install command with custom implementation using symlinks instead of copying resources
-- Found cv_bridge: 3.2.1 (/opt/ros/humble/share/cv_bridge/cmake)
-- Found rosidl_generator_c: 3.1.4 (/opt/ros/humble/share/rosidl_generator_c/cmake)
-- Found rosidl_adapter: 3.1.4 (/opt/ros/humble/share/rosidl_adapter/cmake)
-- Found rosidl_generator_cpp: 3.1.4 (/opt/ros/humble/share/rosidl_generator_cpp/cmake)
-- Using all available rosidl_typesupport_c: rosidl_typesupport_fastrtps_c;rosidl_typesupport_introspection_c
-- Using all available rosidl_typesupport_cpp: rosidl_typesupport_fastrtps_cpp;rosidl_typesupport_introspection_cpp
-- Found rosidl_default_generators: 1.2.0 (/opt/ros/humble/share/rosidl_default_generators/cmake)
-- Found ament_cmake_ros: 0.10.0 (/opt/ros/humble/share/ament_cmake_ros/cmake)
-- Using all available rosidl_typesupport_c: rosidl_typesupport_fastrtps_c;rosidl_typesupport_introspection_c
-- Using all available rosidl_typesupport_cpp: rosidl_typesupport_fastrtps_cpp;rosidl_typesupport_introspection_cpp
-- Found python_cmake_module: 0.10.0 (/opt/ros/humble/share/python_cmake_module/cmake)
-- Using PYTHON_EXECUTABLE: /usr/bin/python3
-- Using PYTHON_INCLUDE_DIRS: /usr/include/python3.10
-- Using PYTHON_LIBRARIES: /usr/lib/x86_64-linux-gnu/libpython3.10.so
-- Found ament_lint_auto: 0.12.5 (/opt/ros/humble/share/ament_lint_auto/cmake)
-- Added test 'flake8' to check Python code syntax and style conventions
-- Added test 'lint_cmake' to check CMake code style
-- Added test 'pep257' to check Python code against some of the docstring style conventions in PEP 257
-- Added test 'xmllint' to check XML markup files
-- Configuring done
-- Generating done
-- Build files have been written to: /home/thiago/workspaces/ros2_py_ws/build/robo_clase22
[  2%] [34m[1mGenerating C code for ROS interfaces[0m
[  5%] [34m[1mGenerating C++ code for ROS interfaces[0m
[  5%] Built target ament_cmake_python_symlink_robo_clase22
[  5%] Built target ament_cmake_python_symlink_scripts
running egg_info
writing scripts.egg-info/PKG-INFO
writing dependency_links to scripts.egg-info/dependency_links.txt
writing top-level names to scripts.egg-info/top_level.txt
running egg_info
reading manifest file 'scripts.egg-info/SOURCES.txt'
writing robo_clase22.egg-info/PKG-INFO
writing dependency_links to robo_clase22.egg-info/dependency_links.txt
writing manifest file 'scripts.egg-info/SOURCES.txt'
writing top-level names to robo_clase22.egg-info/top_level.txt
reading manifest file 'robo_clase22.egg-info/SOURCES.txt'
writing manifest file 'robo_clase22.egg-info/SOURCES.txt'
[  5%] Built target ament_cmake_python_build_robo_clase22_egg
[  5%] Built target ament_cmake_python_build_scripts_egg
[  5%] Built target robo_clase22__cpp
[35m[1mConsolidate compiler generated dependencies of target robo_clase22__rosidl_generator_c[0m
[ 12%] [34m[1mGenerating C++ type support dispatch for ROS interfaces[0m
[ 12%] [34m[1mGenerating C++ type support for eProsima Fast-RTPS[0m
[ 12%] [34m[1mGenerating C++ introspection for ROS interfaces[0m
[ 17%] [32mBuilding C object CMakeFiles/robo_clase22__rosidl_generator_c.dir/rosidl_generator_c/robo_clase22/action/detail/navigate__functions.c.o[0m
[ 17%] [32mBuilding C object CMakeFiles/robo_clase22__rosidl_generator_c.dir/rosidl_generator_c/robo_clase22/srv/detail/odd_even_check__functions.c.o[0m
[ 20%] [32m[1mLinking C shared library librobo_clase22__rosidl_generator_c.so[0m
[ 20%] Built target robo_clase22__rosidl_generator_c
[ 25%] [34m[1mGenerating C introspection for ROS interfaces[0m
[ 25%] [34m[1mGenerating C type support for eProsima Fast-RTPS[0m
[ 28%] [34m[1mGenerating C type support dispatch for ROS interfaces[0m
[35m[1mConsolidate compiler generated dependencies of target robo_clase22__rosidl_typesupport_cpp[0m
[ 33%] [32mBuilding CXX object CMakeFiles/robo_clase22__rosidl_typesupport_cpp.dir/rosidl_typesupport_cpp/robo_clase22/srv/odd_even_check__type_support.cpp.o[0m
[ 33%] [32mBuilding CXX object CMakeFiles/robo_clase22__rosidl_typesupport_cpp.dir/rosidl_typesupport_cpp/robo_clase22/action/navigate__type_support.cpp.o[0m
[35m[1mConsolidate compiler generated dependencies of target robo_clase22__rosidl_typesupport_introspection_cpp[0m
[ 35%] [32mBuilding CXX object CMakeFiles/robo_clase22__rosidl_typesupport_introspection_cpp.dir/rosidl_typesupport_introspection_cpp/robo_clase22/srv/detail/odd_even_check__type_support.cpp.o[0m
[ 38%] [32mBuilding CXX object CMakeFiles/robo_clase22__rosidl_typesupport_introspection_cpp.dir/rosidl_typesupport_introspection_cpp/robo_clase22/action/detail/navigate__type_support.cpp.o[0m
[35m[1mConsolidate compiler generated dependencies of target robo_clase22__rosidl_typesupport_fastrtps_cpp[0m
[ 41%] [32mBuilding CXX object CMakeFiles/robo_clase22__rosidl_typesupport_fastrtps_cpp.dir/rosidl_typesupport_fastrtps_cpp/robo_clase22/srv/detail/dds_fastrtps/odd_even_check__type_support.cpp.o[0m
[ 43%] [32mBuilding CXX object CMakeFiles/robo_clase22__rosidl_typesupport_fastrtps_cpp.dir/rosidl_typesupport_fastrtps_cpp/robo_clase22/action/detail/dds_fastrtps/navigate__type_support.cpp.o[0m
[35m[1mConsolidate compiler generated dependencies of target robo_clase22__rosidl_typesupport_c[0m
[ 46%] [32mBuilding CXX object CMakeFiles/robo_clase22__rosidl_typesupport_c.dir/rosidl_typesupport_c/robo_clase22/action/navigate__type_support.cpp.o[0m
[ 48%] [32mBuilding CXX object CMakeFiles/robo_clase22__rosidl_typesupport_c.dir/rosidl_typesupport_c/robo_clase22/srv/odd_even_check__type_support.cpp.o[0m
[35m[1mConsolidate compiler generated dependencies of target robo_clase22__rosidl_typesupport_fastrtps_c[0m
[ 53%] [32mBuilding CXX object CMakeFiles/robo_clase22__rosidl_typesupport_fastrtps_c.dir/rosidl_typesupport_fastrtps_c/robo_clase22/action/detail/navigate__type_support_c.cpp.o[0m
[ 53%] [32mBuilding CXX object CMakeFiles/robo_clase22__rosidl_typesupport_fastrtps_c.dir/rosidl_typesupport_fastrtps_c/robo_clase22/srv/detail/odd_even_check__type_support_c.cpp.o[0m
[ 56%] [32m[1mLinking CXX shared library librobo_clase22__rosidl_typesupport_c.so[0m
[35m[1mConsolidate compiler generated dependencies of target robo_clase22__rosidl_typesupport_introspection_c[0m
[ 58%] [32mBuilding C object CMakeFiles/robo_clase22__rosidl_typesupport_introspection_c.dir/rosidl_typesupport_introspection_c/robo_clase22/srv/detail/odd_even_check__type_support.c.o[0m
[ 61%] [32mBuilding C object CMakeFiles/robo_clase22__rosidl_typesupport_introspection_c.dir/rosidl_typesupport_introspection_c/robo_clase22/action/detail/navigate__type_support.c.o[0m
[ 61%] Built target robo_clase22__rosidl_typesupport_c
[ 64%] [32m[1mLinking C shared library librobo_clase22__rosidl_typesupport_introspection_c.so[0m
[ 64%] Built target robo_clase22__rosidl_typesupport_introspection_c
[ 66%] [32m[1mLinking CXX shared library librobo_clase22__rosidl_typesupport_cpp.so[0m
[ 66%] Built target robo_clase22__rosidl_typesupport_cpp
[ 69%] [32m[1mLinking CXX shared library librobo_clase22__rosidl_typesupport_introspection_cpp.so[0m
[ 71%] [32m[1mLinking CXX shared library librobo_clase22__rosidl_typesupport_fastrtps_c.so[0m
[ 71%] Built target robo_clase22__rosidl_typesupport_introspection_cpp
[ 74%] [32m[1mLinking CXX shared library librobo_clase22__rosidl_typesupport_fastrtps_cpp.so[0m
[ 74%] Built target robo_clase22__rosidl_typesupport_fastrtps_cpp
[ 74%] Built target robo_clase22__rosidl_typesupport_fastrtps_c
[ 74%] Built target robo_clase22
[ 76%] [34m[1mGenerating Python code for ROS interfaces[0m
[ 76%] Built target robo_clase22__py
[35m[1mConsolidate compiler generated dependencies of target robo_clase22__rosidl_generator_py[0m
[ 82%] [32mBuilding C object CMakeFiles/robo_clase22__rosidl_generator_py.dir/rosidl_generator_py/robo_clase22/action/_navigate_s.c.o[0m
[ 82%] [32mBuilding C object CMakeFiles/robo_clase22__rosidl_generator_py.dir/rosidl_generator_py/robo_clase22/srv/_odd_even_check_s.c.o[0m
[ 84%] [32m[1mLinking C shared library rosidl_generator_py/robo_clase22/librobo_clase22__rosidl_generator_py.so[0m
[ 84%] Built target robo_clase22__rosidl_generator_py
[35m[1mConsolidate compiler generated dependencies of target robo_clase22__rosidl_typesupport_fastrtps_c__pyext[0m
[35m[1mConsolidate compiler generated dependencies of target robo_clase22__rosidl_typesupport_introspection_c__pyext[0m
[35m[1mConsolidate compiler generated dependencies of target robo_clase22__rosidl_typesupport_c__pyext[0m
[ 89%] [32mBuilding C object CMakeFiles/robo_clase22__rosidl_typesupport_fastrtps_c__pyext.dir/rosidl_generator_py/robo_clase22/_robo_clase22_s.ep.rosidl_typesupport_fastrtps_c.c.o[0m
[ 89%] [32mBuilding C object CMakeFiles/robo_clase22__rosidl_typesupport_introspection_c__pyext.dir/rosidl_generator_py/robo_clase22/_robo_clase22_s.ep.rosidl_typesupport_introspection_c.c.o[0m
[ 92%] [32mBuilding C object CMakeFiles/robo_clase22__rosidl_typesupport_c__pyext.dir/rosidl_generator_py/robo_clase22/_robo_clase22_s.ep.rosidl_typesupport_c.c.o[0m
[ 97%] [32m[1mLinking C shared library rosidl_generator_py/robo_clase22/robo_clase22_s__rosidl_typesupport_fastrtps_c.cpython-310-x86_64-linux-gnu.so[0m
[ 97%] [32m[1mLinking C shared library rosidl_generator_py/robo_clase22/robo_clase22_s__rosidl_typesupport_c.cpython-310-x86_64-linux-gnu.so[0m
[100%] [32m[1mLinking C shared library rosidl_generator_py/robo_clase22/robo_clase22_s__rosidl_typesupport_introspection_c.cpython-310-x86_64-linux-gnu.so[0m
[100%] Built target robo_clase22__rosidl_typesupport_c__pyext
[100%] Built target robo_clase22__rosidl_typesupport_fastrtps_c__pyext
[100%] Built target robo_clase22__rosidl_typesupport_introspection_c__pyext
-- Install configuration: ""
-- Execute custom install script
-- Up-to-date symlink: /home/thiago/workspaces/ros2_py_ws/install/robo_clase22/share/ament_index/resource_index/rosidl_interfaces/robo_clase22
-- Up-to-date symlink: /home/thiago/workspaces/ros2_py_ws/install/robo_clase22/include/robo_clase22/robo_clase22/action/detail/navigate__functions.h
-- Up-to-date symlink: /home/thiago/workspaces/ros2_py_ws/install/robo_clase22/include/robo_clase22/robo_clase22/action/detail/navigate__struct.h
-- Up-to-date symlink: /home/thiago/workspaces/ros2_py_ws/install/robo_clase22/include/robo_clase22/robo_clase22/action/detail/navigate__type_support.h
-- Up-to-date symlink: /home/thiago/workspaces/ros2_py_ws/install/robo_clase22/include/robo_clase22/robo_clase22/action/navigate.h
-- Up-to-date symlink: /home/thiago/workspaces/ros2_py_ws/install/robo_clase22/include/robo_clase22/robo_clase22/msg/rosidl_generator_c__visibility_control.h
-- Up-to-date symlink: /home/thiago/workspaces/ros2_py_ws/install/robo_clase22/include/robo_clase22/robo_clase22/srv/detail/odd_even_check__functions.h
-- Up-to-date symlink: /home/thiago/workspaces/ros2_py_ws/install/robo_clase22/include/robo_clase22/robo_clase22/srv/detail/odd_even_check__struct.h
-- Up-to-date symlink: /home/thiago/workspaces/ros2_py_ws/install/robo_clase22/include/robo_clase22/robo_clase22/srv/detail/odd_even_check__type_support.h
-- Up-to-date symlink: /home/thiago/workspaces/ros2_py_ws/install/robo_clase22/include/robo_clase22/robo_clase22/srv/odd_even_check.h
-- Up-to-date symlink: /home/thiago/workspaces/ros2_py_ws/install/robo_clase22/share/robo_clase22/environment/library_path.sh
-- Up-to-date symlink: /home/thiago/workspaces/ros2_py_ws/install/robo_clase22/share/robo_clase22/environment/library_path.dsv
-- Symlinking: /home/thiago/workspaces/ros2_py_ws/install/robo_clase22/include/robo_clase22/robo_clase22/action/detail/navigate__rosidl_typesupport_fastrtps_c.h
-- Up-to-date symlink: /home/thiago/workspaces/ros2_py_ws/install/robo_clase22/include/robo_clase22/robo_clase22/msg/rosidl_typesupport_fastrtps_c__visibility_control.h
-- Up-to-date symlink: /home/thiago/workspaces/ros2_py_ws/install/robo_clase22/include/robo_clase22/robo_clase22/srv/detail/odd_even_check__rosidl_typesupport_fastrtps_c.h
-- Up-to-date symlink: /home/thiago/workspaces/ros2_py_ws/install/robo_clase22/include/robo_clase22/robo_clase22/action/detail/navigate__builder.hpp
-- Up-to-date symlink: /home/thiago/workspaces/ros2_py_ws/install/robo_clase22/include/robo_clase22/robo_clase22/action/detail/navigate__struct.hpp
-- Up-to-date symlink: /home/thiago/workspaces/ros2_py_ws/install/robo_clase22/include/robo_clase22/robo_clase22/action/detail/navigate__traits.hpp
-- Up-to-date symlink: /home/thiago/workspaces/ros2_py_ws/install/robo_clase22/include/robo_clase22/robo_clase22/action/navigate.hpp
-- Up-to-date symlink: /home/thiago/workspaces/ros2_py_ws/install/robo_clase22/include/robo_clase22/robo_clase22/srv/detail/odd_even_check__builder.hpp
-- Up-to-date symlink: /home/thiago/workspaces/ros2_py_ws/install/robo_clase22/include/robo_clase22/robo_clase22/srv/detail/odd_even_check__struct.hpp
-- Up-to-date symlink: /home/thiago/workspaces/ros2_py_ws/install/robo_clase22/include/robo_clase22/robo_clase22/srv/detail/odd_even_check__traits.hpp
-- Up-to-date symlink: /home/thiago/workspaces/ros2_py_ws/install/robo_clase22/include/robo_clase22/robo_clase22/srv/odd_even_check.hpp
-- Up-to-date symlink: /home/thiago/workspaces/ros2_py_ws/install/robo_clase22/include/robo_clase22/robo_clase22/action/detail/navigate__rosidl_typesupport_fastrtps_cpp.hpp
-- Up-to-date symlink: /home/thiago/workspaces/ros2_py_ws/install/robo_clase22/include/robo_clase22/robo_clase22/msg/rosidl_typesupport_fastrtps_cpp__visibility_control.h
-- Up-to-date symlink: /home/thiago/workspaces/ros2_py_ws/install/robo_clase22/include/robo_clase22/robo_clase22/srv/detail/odd_even_check__rosidl_typesupport_fastrtps_cpp.hpp
-- Symlinking: /home/thiago/workspaces/ros2_py_ws/install/robo_clase22/include/robo_clase22/robo_clase22/action/detail/navigate__rosidl_typesupport_introspection_c.h
-- Up-to-date symlink: /home/thiago/workspaces/ros2_py_ws/install/robo_clase22/include/robo_clase22/robo_clase22/msg/rosidl_typesupport_introspection_c__visibility_control.h
-- Up-to-date symlink: /home/thiago/workspaces/ros2_py_ws/install/robo_clase22/include/robo_clase22/robo_clase22/srv/detail/odd_even_check__rosidl_typesupport_introspection_c.h
-- Up-to-date symlink: /home/thiago/workspaces/ros2_py_ws/install/robo_clase22/include/robo_clase22/robo_clase22/action/detail/navigate__rosidl_typesupport_introspection_cpp.hpp
-- Up-to-date symlink: /home/thiago/workspaces/ros2_py_ws/install/robo_clase22/include/robo_clase22/robo_clase22/srv/detail/odd_even_check__rosidl_typesupport_introspection_cpp.hpp
-- Up-to-date symlink: /home/thiago/workspaces/ros2_py_ws/install/robo_clase22/share/robo_clase22/environment/pythonpath.sh
-- Up-to-date symlink: /home/thiago/workspaces/ros2_py_ws/install/robo_clase22/share/robo_clase22/environment/pythonpath.dsv
-- Up-to-date symlink: /home/thiago/workspaces/ros2_py_ws/install/robo_clase22/local/lib/python3.10/dist-packages/robo_clase22-0.0.0-py3.10.egg-info/PKG-INFO
-- Up-to-date symlink: /home/thiago/workspaces/ros2_py_ws/install/robo_clase22/local/lib/python3.10/dist-packages/robo_clase22-0.0.0-py3.10.egg-info/SOURCES.txt
-- Up-to-date symlink: /home/thiago/workspaces/ros2_py_ws/install/robo_clase22/local/lib/python3.10/dist-packages/robo_clase22-0.0.0-py3.10.egg-info/dependency_links.txt
-- Up-to-date symlink: /home/thiago/workspaces/ros2_py_ws/install/robo_clase22/local/lib/python3.10/dist-packages/robo_clase22-0.0.0-py3.10.egg-info/top_level.txt
-- Up-to-date symlink: /home/thiago/workspaces/ros2_py_ws/install/robo_clase22/local/lib/python3.10/dist-packages/robo_clase22/__init__.py
-- Up-to-date symlink: /home/thiago/workspaces/ros2_py_ws/install/robo_clase22/local/lib/python3.10/dist-packages/robo_clase22/_robo_clase22_s.ep.rosidl_typesupport_c.c
-- Up-to-date symlink: /home/thiago/workspaces/ros2_py_ws/install/robo_clase22/local/lib/python3.10/dist-packages/robo_clase22/_robo_clase22_s.ep.rosidl_typesupport_fastrtps_c.c
-- Up-to-date symlink: /home/thiago/workspaces/ros2_py_ws/install/robo_clase22/local/lib/python3.10/dist-packages/robo_clase22/_robo_clase22_s.ep.rosidl_typesupport_introspection_c.c
-- Symlinking: /home/thiago/workspaces/ros2_py_ws/install/robo_clase22/local/lib/python3.10/dist-packages/robo_clase22/action/__init__.py
-- Symlinking: /home/thiago/workspaces/ros2_py_ws/install/robo_clase22/local/lib/python3.10/dist-packages/robo_clase22/action/_navigate.py
-- Symlinking: /home/thiago/workspaces/ros2_py_ws/install/robo_clase22/local/lib/python3.10/dist-packages/robo_clase22/action/_navigate_s.c
-- Up-to-date symlink: /home/thiago/workspaces/ros2_py_ws/install/robo_clase22/local/lib/python3.10/dist-packages/robo_clase22/librobo_clase22__rosidl_generator_py.so
-- Up-to-date symlink: /home/thiago/workspaces/ros2_py_ws/install/robo_clase22/local/lib/python3.10/dist-packages/robo_clase22/robo_clase22_s__rosidl_typesupport_c.cpython-310-x86_64-linux-gnu.so
-- Up-to-date symlink: /home/thiago/workspaces/ros2_py_ws/install/robo_clase22/local/lib/python3.10/dist-packages/robo_clase22/robo_clase22_s__rosidl_typesupport_fastrtps_c.cpython-310-x86_64-linux-gnu.so
-- Up-to-date symlink: /home/thiago/workspaces/ros2_py_ws/install/robo_clase22/local/lib/python3.10/dist-packages/robo_clase22/robo_clase22_s__rosidl_typesupport_introspection_c.cpython-310-x86_64-linux-gnu.so
-- Up-to-date symlink: /home/thiago/workspaces/ros2_py_ws/install/robo_clase22/local/lib/python3.10/dist-packages/robo_clase22/srv/__init__.py
-- Up-to-date symlink: /home/thiago/workspaces/ros2_py_ws/install/robo_clase22/local/lib/python3.10/dist-packages/robo_clase22/srv/_odd_even_check.py
-- Up-to-date symlink: /home/thiago/workspaces/ros2_py_ws/install/robo_clase22/local/lib/python3.10/dist-packages/robo_clase22/srv/_odd_even_check_s.c
-- Up-to-date symlink: /home/thiago/workspaces/ros2_py_ws/install/robo_clase22/local/lib/python3.10/dist-packages/robo_clase22/robo_clase22_s__rosidl_typesupport_fastrtps_c.cpython-310-x86_64-linux-gnu.so
-- Up-to-date symlink: /home/thiago/workspaces/ros2_py_ws/install/robo_clase22/local/lib/python3.10/dist-packages/robo_clase22/robo_clase22_s__rosidl_typesupport_introspection_c.cpython-310-x86_64-linux-gnu.so
-- Up-to-date symlink: /home/thiago/workspaces/ros2_py_ws/install/robo_clase22/local/lib/python3.10/dist-packages/robo_clase22/robo_clase22_s__rosidl_typesupport_c.cpython-310-x86_64-linux-gnu.so
-- Up-to-date symlink: /home/thiago/workspaces/ros2_py_ws/install/robo_clase22/share/robo_clase22/srv/OddEvenCheck.idl
-- Symlinking: /home/thiago/workspaces/ros2_py_ws/install/robo_clase22/share/robo_clase22/action/Navigate.idl
-- Up-to-date symlink: /home/thiago/workspaces/ros2_py_ws/install/robo_clase22/share/robo_clase22/srv/OddEvenCheck.srv
-- Up-to-date symlink: /home/thiago/workspaces/ros2_py_ws/install/robo_clase22/share/robo_clase22/srv/OddEvenCheck_Request.msg
-- Up-to-date symlink: /home/thiago/workspaces/ros2_py_ws/install/robo_clase22/share/robo_clase22/srv/OddEvenCheck_Response.msg
-- Symlinking: /home/thiago/workspaces/ros2_py_ws/install/robo_clase22/share/robo_clase22/action/Navigate.action
-- Up-to-date symlink: /home/thiago/workspaces/ros2_py_ws/install/robo_clase22/local/lib/python3.10/dist-packages/scripts-0.0.0-py3.10.egg-info/PKG-INFO
-- Up-to-date symlink: /home/thiago/workspaces/ros2_py_ws/install/robo_clase22/local/lib/python3.10/dist-packages/scripts-0.0.0-py3.10.egg-info/SOURCES.txt
-- Up-to-date symlink: /home/thiago/workspaces/ros2_py_ws/install/robo_clase22/local/lib/python3.10/dist-packages/scripts-0.0.0-py3.10.egg-info/dependency_links.txt
-- Up-to-date symlink: /home/thiago/workspaces/ros2_py_ws/install/robo_clase22/local/lib/python3.10/dist-packages/scripts-0.0.0-py3.10.egg-info/top_level.txt
-- Up-to-date symlink: /home/thiago/workspaces/ros2_py_ws/install/robo_clase22/local/lib/python3.10/dist-packages/scripts/RPM.py
-- Up-to-date symlink: /home/thiago/workspaces/ros2_py_ws/install/robo_clase22/local/lib/python3.10/dist-packages/scripts/VEL.py
-- Up-to-date symlink: /home/thiago/workspaces/ros2_py_ws/install/robo_clase22/local/lib/python3.10/dist-packages/scripts/__init__.py
-- Up-to-date symlink: /home/thiago/workspaces/ros2_py_ws/install/robo_clase22/local/lib/python3.10/dist-packages/scripts/service_client.py
-- Up-to-date symlink: /home/thiago/workspaces/ros2_py_ws/install/robo_clase22/local/lib/python3.10/dist-packages/scripts/service_server.py
-- Up-to-date symlink: /home/thiago/workspaces/ros2_py_ws/install/robo_clase22/lib/robo_clase22/RPM.py
-- Up-to-date symlink: /home/thiago/workspaces/ros2_py_ws/install/robo_clase22/lib/robo_clase22/VEL.py
-- Up-to-date symlink: /home/thiago/workspaces/ros2_py_ws/install/robo_clase22/lib/robo_clase22/service_server.py
-- Up-to-date symlink: /home/thiago/workspaces/ros2_py_ws/install/robo_clase22/lib/robo_clase22/service_client.py
-- Up-to-date symlink: /home/thiago/workspaces/ros2_py_ws/install/robo_clase22/share/robo_clase22//launch/rpm_node_launch.py
-- Up-to-date symlink: /home/thiago/workspaces/ros2_py_ws/install/robo_clase22/share/ament_index/resource_index/package_run_dependencies/robo_clase22
-- Up-to-date symlink: /home/thiago/workspaces/ros2_py_ws/install/robo_clase22/share/ament_index/resource_index/parent_prefix_path/robo_clase22
-- Up-to-date symlink: /home/thiago/workspaces/ros2_py_ws/install/robo_clase22/share/robo_clase22/environment/ament_prefix_path.sh
-- Up-to-date symlink: /home/thiago/workspaces/ros2_py_ws/install/robo_clase22/share/robo_clase22/environment/ament_prefix_path.dsv
-- Up-to-date symlink: /home/thiago/workspaces/ros2_py_ws/install/robo_clase22/share/robo_clase22/environment/path.sh
-- Up-to-date symlink: /home/thiago/workspaces/ros2_py_ws/install/robo_clase22/share/robo_clase22/environment/path.dsv
-- Up-to-date symlink: /home/thiago/workspaces/ros2_py_ws/install/robo_clase22/share/robo_clase22/local_setup.bash
-- Up-to-date symlink: /home/thiago/workspaces/ros2_py_ws/install/robo_clase22/share/robo_clase22/local_setup.sh
-- Up-to-date symlink: /home/thiago/workspaces/ros2_py_ws/install/robo_clase22/share/robo_clase22/local_setup.zsh
-- Up-to-date symlink: /home/thiago/workspaces/ros2_py_ws/install/robo_clase22/share/robo_clase22/local_setup.dsv
-- Symlinking: /home/thiago/workspaces/ros2_py_ws/install/robo_clase22/share/robo_clase22/package.dsv
-- Up-to-date symlink: /home/thiago/workspaces/ros2_py_ws/install/robo_clase22/share/ament_index/resource_index/packages/robo_clase22
-- Up-to-date symlink: /home/thiago/workspaces/ros2_py_ws/install/robo_clase22/share/robo_clase22/cmake/rosidl_cmake-extras.cmake
-- Up-to-date symlink: /home/thiago/workspaces/ros2_py_ws/install/robo_clase22/share/robo_clase22/cmake/ament_cmake_export_dependencies-extras.cmake
-- Up-to-date symlink: /home/thiago/workspaces/ros2_py_ws/install/robo_clase22/share/robo_clase22/cmake/ament_cmake_export_include_directories-extras.cmake
-- Up-to-date symlink: /home/thiago/workspaces/ros2_py_ws/install/robo_clase22/share/robo_clase22/cmake/ament_cmake_export_libraries-extras.cmake
-- Up-to-date symlink: /home/thiago/workspaces/ros2_py_ws/install/robo_clase22/share/robo_clase22/cmake/ament_cmake_export_targets-extras.cmake
-- Up-to-date symlink: /home/thiago/workspaces/ros2_py_ws/install/robo_clase22/share/robo_clase22/cmake/rosidl_cmake_export_typesupport_targets-extras.cmake
-- Up-to-date symlink: /home/thiago/workspaces/ros2_py_ws/install/robo_clase22/share/robo_clase22/cmake/rosidl_cmake_export_typesupport_libraries-extras.cmake
-- Up-to-date symlink: /home/thiago/workspaces/ros2_py_ws/install/robo_clase22/share/robo_clase22/cmake/robo_clase22Config.cmake
-- Up-to-date symlink: /home/thiago/workspaces/ros2_py_ws/install/robo_clase22/share/robo_clase22/cmake/robo_clase22Config-version.cmake
-- Up-to-date symlink: /home/thiago/workspaces/ros2_py_ws/install/robo_clase22/share/robo_clase22/package.xml
-- Installing: /home/thiago/workspaces/ros2_py_ws/install/robo_clase22/lib/librobo_clase22__rosidl_generator_c.so
-- Set runtime path of "/home/thiago/workspaces/ros2_py_ws/install/robo_clase22/lib/librobo_clase22__rosidl_generator_c.so" to ""
-- Installing: /home/thiago/workspaces/ros2_py_ws/install/robo_clase22/lib/librobo_clase22__rosidl_typesupport_fastrtps_c.so
-- Set runtime path of "/home/thiago/workspaces/ros2_py_ws/install/robo_clase22/lib/librobo_clase22__rosidl_typesupport_fastrtps_c.so" to ""
-- Installing: /home/thiago/workspaces/ros2_py_ws/install/robo_clase22/lib/librobo_clase22__rosidl_typesupport_fastrtps_cpp.so
-- Set runtime path of "/home/thiago/workspaces/ros2_py_ws/install/robo_clase22/lib/librobo_clase22__rosidl_typesupport_fastrtps_cpp.so" to ""
-- Installing: /home/thiago/workspaces/ros2_py_ws/install/robo_clase22/lib/librobo_clase22__rosidl_typesupport_introspection_c.so
-- Set runtime path of "/home/thiago/workspaces/ros2_py_ws/install/robo_clase22/lib/librobo_clase22__rosidl_typesupport_introspection_c.so" to ""
-- Installing: /home/thiago/workspaces/ros2_py_ws/install/robo_clase22/lib/librobo_clase22__rosidl_typesupport_c.so
-- Set runtime path of "/home/thiago/workspaces/ros2_py_ws/install/robo_clase22/lib/librobo_clase22__rosidl_typesupport_c.so" to ""
-- Installing: /home/thiago/workspaces/ros2_py_ws/install/robo_clase22/lib/librobo_clase22__rosidl_typesupport_introspection_cpp.so
-- Set runtime path of "/home/thiago/workspaces/ros2_py_ws/install/robo_clase22/lib/librobo_clase22__rosidl_typesupport_introspection_cpp.so" to ""
-- Installing: /home/thiago/workspaces/ros2_py_ws/install/robo_clase22/lib/librobo_clase22__rosidl_typesupport_cpp.so
-- Set runtime path of "/home/thiago/workspaces/ros2_py_ws/install/robo_clase22/lib/librobo_clase22__rosidl_typesupport_cpp.so" to ""
Listing '/home/thiago/workspaces/ros2_py_ws/install/robo_clase22/local/lib/python3.10/dist-packages/robo_clase22'...
Compiling '/home/thiago/workspaces/ros2_py_ws/install/robo_clase22/local/lib/python3.10/dist-packages/robo_clase22/__init__.py'...
Listing '/home/thiago/workspaces/ros2_py_ws/install/robo_clase22/local/lib/python3.10/dist-packages/robo_clase22/action'...
Compiling '/home/thiago/workspaces/ros2_py_ws/install/robo_clase22/local/lib/python3.10/dist-packages/robo_clase22/action/__init__.py'...
Compiling '/home/thiago/workspaces/ros2_py_ws/install/robo_clase22/local/lib/python3.10/dist-packages/robo_clase22/action/_navigate.py'...
Listing '/home/thiago/workspaces/ros2_py_ws/install/robo_clase22/local/lib/python3.10/dist-packages/robo_clase22/srv'...
Compiling '/home/thiago/workspaces/ros2_py_ws/install/robo_clase22/local/lib/python3.10/dist-packages/robo_clase22/srv/__init__.py'...
Compiling '/home/thiago/workspaces/ros2_py_ws/install/robo_clase22/local/lib/python3.10/dist-packages/robo_clase22/srv/_odd_even_check.py'...
-- Installing: /home/thiago/workspaces/ros2_py_ws/install/robo_clase22/lib/librobo_clase22__rosidl_generator_py.so
-- Set runtime path of "/home/thiago/workspaces/ros2_py_ws/install/robo_clase22/lib/librobo_clase22__rosidl_generator_py.so" to ""
Listing '/home/thiago/workspaces/ros2_py_ws/install/robo_clase22/local/lib/python3.10/dist-packages/scripts'...
-- Old export file "/home/thiago/workspaces/ros2_py_ws/install/robo_clase22/share/robo_clase22/cmake/export_robo_clase22__rosidl_generator_cExport.cmake" will be replaced.  Removing files [/home/thiago/workspaces/ros2_py_ws/install/robo_clase22/share/robo_clase22/cmake/export_robo_clase22__rosidl_generator_cExport-noconfig.cmake].
-- Installing: /home/thiago/workspaces/ros2_py_ws/install/robo_clase22/share/robo_clase22/cmake/export_robo_clase22__rosidl_generator_cExport.cmake
-- Installing: /home/thiago/workspaces/ros2_py_ws/install/robo_clase22/share/robo_clase22/cmake/export_robo_clase22__rosidl_generator_cExport-noconfig.cmake
-- Old export file "/home/thiago/workspaces/ros2_py_ws/install/robo_clase22/share/robo_clase22/cmake/export_robo_clase22__rosidl_typesupport_fastrtps_cExport.cmake" will be replaced.  Removing files [/home/thiago/workspaces/ros2_py_ws/install/robo_clase22/share/robo_clase22/cmake/export_robo_clase22__rosidl_typesupport_fastrtps_cExport-noconfig.cmake].
-- Installing: /home/thiago/workspaces/ros2_py_ws/install/robo_clase22/share/robo_clase22/cmake/export_robo_clase22__rosidl_typesupport_fastrtps_cExport.cmake
-- Installing: /home/thiago/workspaces/ros2_py_ws/install/robo_clase22/share/robo_clase22/cmake/export_robo_clase22__rosidl_typesupport_fastrtps_cExport-noconfig.cmake
-- Installing: /home/thiago/workspaces/ros2_py_ws/install/robo_clase22/share/robo_clase22/cmake/export_robo_clase22__rosidl_generator_cppExport.cmake
-- Old export file "/home/thiago/workspaces/ros2_py_ws/install/robo_clase22/share/robo_clase22/cmake/export_robo_clase22__rosidl_typesupport_fastrtps_cppExport.cmake" will be replaced.  Removing files [/home/thiago/workspaces/ros2_py_ws/install/robo_clase22/share/robo_clase22/cmake/export_robo_clase22__rosidl_typesupport_fastrtps_cppExport-noconfig.cmake].
-- Installing: /home/thiago/workspaces/ros2_py_ws/install/robo_clase22/share/robo_clase22/cmake/export_robo_clase22__rosidl_typesupport_fastrtps_cppExport.cmake
-- Installing: /home/thiago/workspaces/ros2_py_ws/install/robo_clase22/share/robo_clase22/cmake/export_robo_clase22__rosidl_typesupport_fastrtps_cppExport-noconfig.cmake
-- Old export file "/home/thiago/workspaces/ros2_py_ws/install/robo_clase22/share/robo_clase22/cmake/robo_clase22__rosidl_typesupport_introspection_cExport.cmake" will be replaced.  Removing files [/home/thiago/workspaces/ros2_py_ws/install/robo_clase22/share/robo_clase22/cmake/robo_clase22__rosidl_typesupport_introspection_cExport-noconfig.cmake].
-- Installing: /home/thiago/workspaces/ros2_py_ws/install/robo_clase22/share/robo_clase22/cmake/robo_clase22__rosidl_typesupport_introspection_cExport.cmake
-- Installing: /home/thiago/workspaces/ros2_py_ws/install/robo_clase22/share/robo_clase22/cmake/robo_clase22__rosidl_typesupport_introspection_cExport-noconfig.cmake
-- Old export file "/home/thiago/workspaces/ros2_py_ws/install/robo_clase22/share/robo_clase22/cmake/robo_clase22__rosidl_typesupport_cExport.cmake" will be replaced.  Removing files [/home/thiago/workspaces/ros2_py_ws/install/robo_clase22/share/robo_clase22/cmake/robo_clase22__rosidl_typesupport_cExport-noconfig.cmake].
-- Installing: /home/thiago/workspaces/ros2_py_ws/install/robo_clase22/share/robo_clase22/cmake/robo_clase22__rosidl_typesupport_cExport.cmake
-- Installing: /home/thiago/workspaces/ros2_py_ws/install/robo_clase22/share/robo_clase22/cmake/robo_clase22__rosidl_typesupport_cExport-noconfig.cmake
-- Old export file "/home/thiago/workspaces/ros2_py_ws/install/robo_clase22/share/robo_clase22/cmake/robo_clase22__rosidl_typesupport_introspection_cppExport.cmake" will be replaced.  Removing files [/home/thiago/workspaces/ros2_py_ws/install/robo_clase22/share/robo_clase22/cmake/robo_clase22__rosidl_typesupport_introspection_cppExport-noconfig.cmake].
-- Installing: /home/thiago/workspaces/ros2_py_ws/install/robo_clase22/share/robo_clase22/cmake/robo_clase22__rosidl_typesupport_introspection_cppExport.cmake
-- Installing: /home/thiago/workspaces/ros2_py_ws/install/robo_clase22/share/robo_clase22/cmake/robo_clase22__rosidl_typesupport_introspection_cppExport-noconfig.cmake
-- Old export file "/home/thiago/workspaces/ros2_py_ws/install/robo_clase22/share/robo_clase22/cmake/robo_clase22__rosidl_typesupport_cppExport.cmake" will be replaced.  Removing files [/home/thiago/workspaces/ros2_py_ws/install/robo_clase22/share/robo_clase22/cmake/robo_clase22__rosidl_typesupport_cppExport-noconfig.cmake].
-- Installing: /home/thiago/workspaces/ros2_py_ws/install/robo_clase22/share/robo_clase22/cmake/robo_clase22__rosidl_typesupport_cppExport.cmake
-- Installing: /home/thiago/workspaces/ros2_py_ws/install/robo_clase22/share/robo_clase22/cmake/robo_clase22__rosidl_typesupport_cppExport-noconfig.cmake
-- Old export file "/home/thiago/workspaces/ros2_py_ws/install/robo_clase22/share/robo_clase22/cmake/export_robo_clase22__rosidl_generator_pyExport.cmake" will be replaced.  Removing files [/home/thiago/workspaces/ros2_py_ws/install/robo_clase22/share/robo_clase22/cmake/export_robo_clase22__rosidl_generator_pyExport-noconfig.cmake].
-- Installing: /home/thiago/workspaces/ros2_py_ws/install/robo_clase22/share/robo_clase22/cmake/export_robo_clase22__rosidl_generator_pyExport.cmake
-- Installing: /home/thiago/workspaces/ros2_py_ws/install/robo_clase22/share/robo_clase22/cmake/export_robo_clase22__rosidl_generator_pyExport-noconfig.cmake
