[0.016s] Invoking command in '/home/thiago/workspaces/ros2_py_ws/build/robo_clase22': CMAKE_PREFIX_PATH=/opt/ros/humble /usr/bin/cmake /home/thiago/workspaces/ros2_py_ws/src/robo_clase22 -DAMENT_CMAKE_SYMLINK_INSTALL=1 -DCMAKE_INSTALL_PREFIX=/home/thiago/workspaces/ros2_py_ws/install/robo_clase22
[0.027s] -- Found ament_cmake: 1.3.3 (/opt/ros/humble/share/ament_cmake/cmake)
[0.135s] -- Override CMake install command with custom implementation using symlinks instead of copying resources
[0.140s] -- Found rclpy: 3.3.7 (/opt/ros/humble/share/rclpy/cmake)
[0.141s] -- Found rosidl_default_generators: 1.2.0 (/opt/ros/humble/share/rosidl_default_generators/cmake)
[0.142s] -- Using all available rosidl_typesupport_c: rosidl_typesupport_fastrtps_c;rosidl_typesupport_introspection_c
[0.144s] -- Found rosidl_adapter: 3.1.4 (/opt/ros/humble/share/rosidl_adapter/cmake)
[0.167s] -- Using all available rosidl_typesupport_cpp: rosidl_typesupport_fastrtps_cpp;rosidl_typesupport_introspection_cpp
[0.189s] [31mCMake Error at /opt/ros/humble/share/rosidl_cmake/cmake/rosidl_generate_interfaces.cmake:80 (message):
[0.189s]   rosidl_generate_interfaces() the passed absolute file
[0.189s]   '/home/thiago/workspaces/ros2_py_ws/src/robo_clase22/srv/OddEvenCheck.srv'
[0.189s]   must be represented as an absolute base path separated by a colon from the
[0.189s]   relative path to the interface file
[0.189s] Call Stack (most recent call first):
[0.189s]   CMakeLists.txt:14 (rosidl_generate_interfaces)
[0.189s] 
[0.189s] [0m
[0.189s] -- Configuring incomplete, errors occurred!
[0.189s] See also "/home/thiago/workspaces/ros2_py_ws/build/robo_clase22/CMakeFiles/CMakeOutput.log".
[0.192s] Invoked command in '/home/thiago/workspaces/ros2_py_ws/build/robo_clase22' returned '1': CMAKE_PREFIX_PATH=/opt/ros/humble /usr/bin/cmake /home/thiago/workspaces/ros2_py_ws/src/robo_clase22 -DAMENT_CMAKE_SYMLINK_INSTALL=1 -DCMAKE_INSTALL_PREFIX=/home/thiago/workspaces/ros2_py_ws/install/robo_clase22
